文件：Interrupt.c  编译器版本 HGASM 0202 页次1


   1  0000              ; Generated by holtek-gcc v3.18, Mon May 06 15:41:34 2019
   2  0000              ; 
   3  0000              ; Configuration:
   4  0000              ;       with long instruction
   5  0000              ;       Single ROM, Multi-RAM
   6  0000              ;       bits_per_rom_unit:16
   7  0000              ;       with mp1
   8  0000              ;       with tbhp, address(0x9)
   9  0000              ;          Use tabrd-const
  10  0000              ;       
  11  0000              ; SFR address of long-instruction arch:
  12  0000              ;    mp0 = -1,1,0
  13  0000              ;    mp1 = 4,3,2
  14  0000              ;    mp2 = 14,13,12
  15  0000              ;    tbp = 9,7,8
  16  0000              ;    acc = 5
  17  0000              ;    pcl = 6
  18  0000              ;    status = 10
  19  0000              ;    bp = 11
  20  0000              ;    intc = 16
  21  0000              ;       
  22  0000              ;       
  23  0000              ; use 'tabrdc' instead of 'tabrd'
  24  0000              ;       
  25  0000              
  26  0000              #pragma translator "holtek-gcc 4.6.4" "3.18" "build 20130711"
  27  0000              ; Rebuild 828
  28  0000              
  29  0000              ir equ [2]
  30  0000              mp equ [3]
  31  0000              sbp equ [4]
  32  0000              acc equ [5]
  33  0000              bp equ [11]
  34  0000              tblp equ [7]
  35  0000              tbhp equ [9]
  36  0000              status equ [10]
  37  0000              c equ [10].0
  38  0000              ac equ [10].1
  39  0000              z equ [10].2
  40  0000              ov equ [10].3
  41  0000              cz equ [10].6
  42  0000              sc equ [10].7
  43  0000              intc equ [16]
  44  0000              
  45  0000              extern ra:byte
  46  0000              extern rb:byte
  47  0000              extern rc:byte
  48  0000              extern rd:byte
  49  0000              extern re:byte
  50  0000              extern rf:byte
  51  0000              extern rg:byte
  52  0000              extern rh:byte
  53  0000              extern _Crom2Prom:near
  54  0000              extern _Crom2PromNext:near
  55  0000              
  56  0000              RAMBANK 0 @BITDATASEC, @BITDATASEC1
  57  0000              @HCCINIT	.section 'data'
  58  0000              @HCCINIT0	.section 'data'
  59  0000              @BITDATASEC	 .section 'data'
文件：Interrupt.ASM 编译器版本 HGASM 0202 页次2

  60  0000              @BITDATASEC1	 .section 'data'
  61  0000              
  62  0000              #pragma debug scope 1 1
  63  0000              	extern __DELAY3:near
  64  0000              	extern __DELAYX3:near
  65  0000              	extern __DELAYX6:near
  66  0000              	extern __DELAYY5:near
  67  0000              	extern __DELAYY3:near
  68  0000              	extern _builtin_holtek_delay_2:byte
  69  0000              public _Interrupt_CMP0_SYNC_ISR
  70  0000              #pragma debug scope 2 1

   9  0000              #line 9 "C:\Users\Administrator\Desktop\QQ 接收文件\NW2018_16NSOP DEMOCODE for佳点1\NW2018_16NSOP DEMOCODE\Source\Interrupt.c"
   9  0000              @Interrupt_CMP0_SYNC_ISR_code .section at 8 'code'
   9  0000              _Interrupt_CMP0_SYNC_ISR:
   9  0000              ifdef INTERRUPT_DELAY
   9  0000              	nop
   9  0000              endif
   9  0000  0004        	reti
   9  0001              #line 9 "C:\Users\Administrator\Desktop\QQ 接收文件\NW2018_16NSOP DEMOCODE for佳点1\NW2018_16NSOP DEMOCODE\Source\Interrupt.c"
   9  0001              #pragma debug scope 1 1
   9  0001              public _Interrupt_CMP1_OV_ISR
   9  0001              #pragma debug scope 3 1
  21  0001              #line 21 "C:\Users\Administrator\Desktop\QQ 接收文件\NW2018_16NSOP DEMOCODE for佳点1\NW2018_16NSOP DEMOCODE\Source\Interrupt.c"
  21  0000              @Interrupt_CMP1_OV_ISR_code .section at 12 'code'
  21  0000              _Interrupt_CMP1_OV_ISR:
  21  0000              ifdef INTERRUPT_DELAY
  21  0000              	nop
  21  0000              endif
  21  0000  0004        	reti
  21  0001              #line 21 "C:\Users\Administrator\Desktop\QQ 接收文件\NW2018_16NSOP DEMOCODE for佳点1\NW2018_16NSOP DEMOCODE\Source\Interrupt.c"
  21  0001              #pragma debug scope 1 1
  21  0001              public _Interrupt_CMP2_ZC_ISR
  21  0001              #pragma debug scope 4 1
  33  0001              #line 33 "C:\Users\Administrator\Desktop\QQ 接收文件\NW2018_16NSOP DEMOCODE for佳点1\NW2018_16NSOP DEMOCODE\Source\Interrupt.c"
  33  0000              @Interrupt_CMP2_ZC_ISR_code .section at 16 'code'
  33  0000              _Interrupt_CMP2_ZC_ISR:
  33  0000              ifdef INTERRUPT_DELAY
  33  0000              	nop
  33  0000              endif
  33  0000  0004        	reti
  33  0001              #line 33 "C:\Users\Administrator\Desktop\QQ 接收文件\NW2018_16NSOP DEMOCODE for佳点1\NW2018_16NSOP DEMOCODE\Source\Interrupt.c"
  33  0001              #pragma debug scope 1 1
  33  0001              public _Interrupt_CMP3_VSUG_ISR
  33  0001              #pragma debug scope 5 1
  45  0001              #line 45 "C:\Users\Administrator\Desktop\QQ 接收文件\NW2018_16NSOP DEMOCODE for佳点1\NW2018_16NSOP DEMOCODE\Source\Interrupt.c"
  45  0000              @Interrupt_CMP3_VSUG_ISR_code .section at 20 'code'
  45  0000              _Interrupt_CMP3_VSUG_ISR:
  45  0000              ifdef INTERRUPT_DELAY
  45  0000              	nop
  45  0000              endif
  45  0000  0004        	reti
  45  0001              #line 45 "C:\Users\Administrator\Desktop\QQ 接收文件\NW2018_16NSOP DEMOCODE for佳点1\NW2018_16NSOP DEMOCODE\Source\Interrupt.c"
  45  0001              #pragma debug scope 1 1
  45  0001              public _Interrupt_CMP4_OC_ISR
  45  0001              #pragma debug scope 6 1
  56  0001              #line 56 "C:\Users\Administrator\Desktop\QQ 接收文件\NW2018_16NSOP DEMOCODE for佳点1\NW2018_16NSOP DEMOCODE\Source\Interrupt.c"
  56  0000              @Interrupt_CMP4_OC_ISR_code .section at 24 'code'
  56  0000              _Interrupt_CMP4_OC_ISR:
  56  0000              ifdef INTERRUPT_DELAY
文件：Interrupt.c  编译器版本 HGASM 0202 页次3

  56  0000              	nop
  56  0000              endif
  56  0000  0004        	reti
  56  0001              #line 56 "C:\Users\Administrator\Desktop\QQ 接收文件\NW2018_16NSOP DEMOCODE for佳点1\NW2018_16NSOP DEMOCODE\Source\Interrupt.c"
  56  0001              #pragma debug scope 1 1
  56  0001              public _Interrupt_SYNC_ISR
  56  0001              #pragma debug scope 7 1
  68  0001              #line 68 "C:\Users\Administrator\Desktop\QQ 接收文件\NW2018_16NSOP DEMOCODE for佳点1\NW2018_16NSOP DEMOCODE\Source\Interrupt.c"
  68  0000              @Interrupt_SYNC_ISR_code .section at 28 'code'
  68  0000              _Interrupt_SYNC_ISR:
  68  0000              ifdef INTERRUPT_DELAY
  68  0000              	nop
  68  0000              endif
  68  0000  0004        	reti
  68  0001              #line 68 "C:\Users\Administrator\Desktop\QQ 接收文件\NW2018_16NSOP DEMOCODE for佳点1\NW2018_16NSOP DEMOCODE\Source\Interrupt.c"
  68  0001              #pragma debug scope 1 1
  68  0001              ___mfi0 equ [24]
  68  0001              public _Interrupt_PTM0_CCRA
  68  0001              #pragma debug scope 8 1
 168  0001              #line 168 "C:\Users\Administrator\Desktop\QQ 接收文件\NW2018_16NSOP DEMOCODE for佳点1\NW2018_16NSOP DEMOCODE\Source\Interrupt.c"
 168  0000              @Interrupt_PTM0_CCRA_code .section at 36 'code'
 168  0000              ifdef INTERRUPT_DELAY
 168  0000              	nop
 168  0000              endif
 168  0000  0080     E  	mov r1,a
 168  0001  070A        	mov a,status
 168  0002              ifndef INTERRUPT_DELAY
 168  0002  0080     E  	mov r2,a
 168  0003              endif
 168  0003  2800     R  	jmp _Interrupt_PTM0_CCRA
 168  0004              #pragma debug scope 1 1
 168  0004              @dummy36 endp
 168  0004              #pragma debug scope 9 1
 168  0000              _Interrupt_PTM0_CCRA .section 'code'
 168  0000              _Interrupt_PTM0_CCRA proc
 168  0000              ifdef INTERRUPT_DELAY
 168  0000              	mov r2,a
 168  0000              endif
 169  0000              #line 169 "C:\Users\Administrator\Desktop\QQ 接收文件\NW2018_16NSOP DEMOCODE for佳点1\NW2018_16NSOP DEMOCODE\Source\Interrupt.c"
 169  0000  3698        	clr [24].5
 170  0001              #line 170 "C:\Users\Administrator\Desktop\QQ 接收文件\NW2018_16NSOP DEMOCODE for佳点1\NW2018_16NSOP DEMOCODE\Source\Interrupt.c"
 170  0001  3618        	clr [24].4
 171  0002              #line 171 "C:\Users\Administrator\Desktop\QQ 接收文件\NW2018_16NSOP DEMOCODE for佳点1\NW2018_16NSOP DEMOCODE\Source\Interrupt.c"
 171  0002  3718        	clr [24].6
 171  0003  0700     E  	mov a,r2
 171  0004  008A        	mov status,a
 171  0005  0700     E  	mov a,r1
 171  0006  0004        	reti
 171  0007              _Interrupt_PTM0_CCRA endp
 171  0007              
 171  0007              #line 171 "C:\Users\Administrator\Desktop\QQ 接收文件\NW2018_16NSOP DEMOCODE for佳点1\NW2018_16NSOP DEMOCODE\Source\Interrupt.c"
 171  0007              #pragma debug scope 1 1
 171  0007              public _Interrupt_TB1_ISR
 171  0007              #pragma debug scope 10 1
 180  0007              #line 180 "C:\Users\Administrator\Desktop\QQ 接收文件\NW2018_16NSOP DEMOCODE for佳点1\NW2018_16NSOP DEMOCODE\Source\Interrupt.c"
 180  0000              @Interrupt_TB1_ISR_code .section at 40 'code'
 180  0000              _Interrupt_TB1_ISR:
 180  0000              ifdef INTERRUPT_DELAY
 180  0000              	nop
 180  0000              endif
文件：Interrupt.c  编译器版本 HGASM 0202 页次4

 180  0000  0004        	reti
 180  0001              #line 180 "C:\Users\Administrator\Desktop\QQ 接收文件\NW2018_16NSOP DEMOCODE for佳点1\NW2018_16NSOP DEMOCODE\Source\Interrupt.c"
 180  0001              #pragma debug scope 1 1
 180  0001              public _Interrupt_TMR_ISR
 180  0001              #pragma debug scope 11 1
 190  0001              #line 190 "C:\Users\Administrator\Desktop\QQ 接收文件\NW2018_16NSOP DEMOCODE for佳点1\NW2018_16NSOP DEMOCODE\Source\Interrupt.c"
 190  0000              @Interrupt_TMR_ISR_code .section at 44 'code'
 190  0000              _Interrupt_TMR_ISR:
 190  0000              ifdef INTERRUPT_DELAY
 190  0000              	nop
 190  0000              endif
 190  0000  0004        	reti
 190  0001              #line 190 "C:\Users\Administrator\Desktop\QQ 接收文件\NW2018_16NSOP DEMOCODE for佳点1\NW2018_16NSOP DEMOCODE\Source\Interrupt.c"
 190  0001              #pragma debug scope 1 1
 190  0001              ___intc3 equ [19]
 190  0001              ___u0sr equ [88]
 190  0001              ___txr_rxr0 equ [91]
 190  0001              public _Interrupt_UART_ISR
 190  0001              #pragma debug scope 12 1
 201  0001              #line 201 "C:\Users\Administrator\Desktop\QQ 接收文件\NW2018_16NSOP DEMOCODE for佳点1\NW2018_16NSOP DEMOCODE\Source\Interrupt.c"
 201  0000              @Interrupt_UART_ISR_code .section at 48 'code'
 201  0000              ifdef INTERRUPT_DELAY
 201  0000              	nop
 201  0000              endif
 201  0000  0080     E  	mov r1,a
 201  0001  070A        	mov a,status
 201  0002              ifndef INTERRUPT_DELAY
 201  0002  0080     E  	mov r2,a
 201  0003              endif
 201  0003  2800     R  	jmp _Interrupt_UART_ISR
 201  0004              #pragma debug scope 1 1
 201  0004              @dummy48 endp
 201  0004              #pragma debug scope 13 1
 201  0000              _Interrupt_UART_ISR .section 'code'
 201  0000              _Interrupt_UART_ISR proc
 201  0000              ifdef INTERRUPT_DELAY
 201  0000              	mov r2,a
 201  0000              endif
 201  0000  0703        	mov a,mp
 201  0001  0080     E  	mov r3,a
 201  0002  0704        	mov a,sbp
 201  0003  0080     E  	mov r4,a
 204  0004              #line 204 "C:\Users\Administrator\Desktop\QQ 接收文件\NW2018_16NSOP DEMOCODE for佳点1\NW2018_16NSOP DEMOCODE\Source\Interrupt.c"
 204  0004  3613        	clr [19].4
 206  0005              #line 206 "C:\Users\Administrator\Desktop\QQ 接收文件\NW2018_16NSOP DEMOCODE for佳点1\NW2018_16NSOP DEMOCODE\Source\Interrupt.c"
 206  0005  2800     R  	jmp _L13
 206  0006              _L14:
 208  0006              #line 208 "C:\Users\Administrator\Desktop\QQ 接收文件\NW2018_16NSOP DEMOCODE for佳点1\NW2018_16NSOP DEMOCODE\Source\Interrupt.c"
 208  0006  0758        	mov a,[88]
 208  0007  0080     E  	mov ra,a
 210  0008              #line 210 "C:\Users\Administrator\Desktop\QQ 接收文件\NW2018_16NSOP DEMOCODE for佳点1\NW2018_16NSOP DEMOCODE\Source\Interrupt.c"
 210  0008  0F00     E  	mov a,low offset _R_IIC_DataBuffer
 210  0009  0300     E  	add a,_R_iicPoint[0]
 210  000A  0083        	mov mp,a
 210  000B  0F00     E  	mov a,high offset _R_IIC_DataBuffer
 210  000C  1F04        	clr sbp
 210  000D  1384        	adcm a,sbp
 210  000E  075B        	mov a,[91]
 210  000F  0082        	mov ir,a
 211  0010              #line 211 "C:\Users\Administrator\Desktop\QQ 接收文件\NW2018_16NSOP DEMOCODE for佳点1\NW2018_16NSOP DEMOCODE\Source\Interrupt.c"
文件：Interrupt.c  编译器版本 HGASM 0202 页次5

 211  0010  1400     E  	inca _R_iicPoint[0]
 211  0011  0080     E  	mov ra,a
 211  0012  0700     E  	mov a,ra
 211  0013  0080     E  	mov _R_iicPoint[0],a
 211  0014  0F08        	mov a,8
 211  0015  0200     E  	sub a,ra
 211  0016  3C0A        	sz c
 211  0017  2800     R  	jmp _L13
 212  0018              #line 212 "C:\Users\Administrator\Desktop\QQ 接收文件\NW2018_16NSOP DEMOCODE for佳点1\NW2018_16NSOP DEMOCODE\Source\Interrupt.c"
 212  0018  1F00     E  	clr _R_iicPoint[0]
 212  0019              _L13:
 206  0019              #line 206 "C:\Users\Administrator\Desktop\QQ 接收文件\NW2018_16NSOP DEMOCODE for佳点1\NW2018_16NSOP DEMOCODE\Source\Interrupt.c"
 206  0019  3D58        	sz [88].2
 206  001A  2800     R  	jmp _L14
 206  001B  0700     E  	mov a,r2
 206  001C  008A        	mov status,a
 206  001D  0700     E  	mov a,r3
 206  001E  0083        	mov mp,a
 206  001F  0700     E  	mov a,r4
 206  0020  0084        	mov sbp,a
 206  0021  0700     E  	mov a,r1
 206  0022  0004        	reti
 206  0023              _Interrupt_UART_ISR endp
 206  0023              
 206  0023              #line 206 "C:\Users\Administrator\Desktop\QQ 接收文件\NW2018_16NSOP DEMOCODE for佳点1\NW2018_16NSOP DEMOCODE\Source\Interrupt.c"
 206  0023              #pragma debug scope 1 1
 206  0023              ___mfi1 equ [28]
 206  0023              public _Interrupt_CTM0_CCRA
 206  0023              #pragma debug scope 14 1
 223  0023              #line 223 "C:\Users\Administrator\Desktop\QQ 接收文件\NW2018_16NSOP DEMOCODE for佳点1\NW2018_16NSOP DEMOCODE\Source\Interrupt.c"
 223  0000              @Interrupt_CTM0_CCRA_code .section at 52 'code'
 223  0000              ifdef INTERRUPT_DELAY
 223  0000              	nop
 223  0000              endif
 223  0000  0080     E  	mov r1,a
 223  0001  070A        	mov a,status
 223  0002              ifndef INTERRUPT_DELAY
 223  0002  0080     E  	mov r2,a
 223  0003              endif
 223  0003  2800     R  	jmp _Interrupt_CTM0_CCRA
 223  0004              #pragma debug scope 1 1
 223  0004              @dummy52 endp
 223  0004              #pragma debug scope 15 1
 223  0000              _Interrupt_CTM0_CCRA .section 'code'
 223  0000              _Interrupt_CTM0_CCRA proc
 223  0000              ifdef INTERRUPT_DELAY
 223  0000              	mov r2,a
 223  0000              endif
 224  0000              #line 224 "C:\Users\Administrator\Desktop\QQ 接收文件\NW2018_16NSOP DEMOCODE for佳点1\NW2018_16NSOP DEMOCODE\Source\Interrupt.c"
 224  0000  369C        	clr [28].5
 225  0001              #line 225 "C:\Users\Administrator\Desktop\QQ 接收文件\NW2018_16NSOP DEMOCODE for佳点1\NW2018_16NSOP DEMOCODE\Source\Interrupt.c"
 225  0001  361C        	clr [28].4
 226  0002              #line 226 "C:\Users\Administrator\Desktop\QQ 接收文件\NW2018_16NSOP DEMOCODE for佳点1\NW2018_16NSOP DEMOCODE\Source\Interrupt.c"
 226  0002  371C        	clr [28].6
 226  0003  0700     E  	mov a,r2
 226  0004  008A        	mov status,a
 226  0005  0700     E  	mov a,r1
 226  0006  0004        	reti
 226  0007              _Interrupt_CTM0_CCRA endp
 226  0007              
文件：Interrupt.c  编译器版本 HGASM 0202 页次6

 226  0007              #line 226 "C:\Users\Administrator\Desktop\QQ 接收文件\NW2018_16NSOP DEMOCODE for佳点1\NW2018_16NSOP DEMOCODE\Source\Interrupt.c"
 226  0007              #pragma debug scope 1 1
 226  0007              ___mfi2 equ [29]
 226  0007              public _Interrupt_CTM1_CCRA
 226  0007              #pragma debug scope 16 1
 236  0007              #line 236 "C:\Users\Administrator\Desktop\QQ 接收文件\NW2018_16NSOP DEMOCODE for佳点1\NW2018_16NSOP DEMOCODE\Source\Interrupt.c"
 236  0000              @Interrupt_CTM1_CCRA_code .section at 56 'code'
 236  0000              ifdef INTERRUPT_DELAY
 236  0000              	nop
 236  0000              endif
 236  0000  0080     E  	mov r1,a
 236  0001  070A        	mov a,status
 236  0002              ifndef INTERRUPT_DELAY
 236  0002  0080     E  	mov r2,a
 236  0003              endif
 236  0003  2800     R  	jmp _Interrupt_CTM1_CCRA
 236  0004              #pragma debug scope 1 1
 236  0004              @dummy56 endp
 236  0004              #pragma debug scope 17 1
 236  0000              _Interrupt_CTM1_CCRA .section 'code'
 236  0000              _Interrupt_CTM1_CCRA proc
 236  0000              ifdef INTERRUPT_DELAY
 236  0000              	mov r2,a
 236  0000              endif
 237  0000              #line 237 "C:\Users\Administrator\Desktop\QQ 接收文件\NW2018_16NSOP DEMOCODE for佳点1\NW2018_16NSOP DEMOCODE\Source\Interrupt.c"
 237  0000  369D        	clr [29].5
 238  0001              #line 238 "C:\Users\Administrator\Desktop\QQ 接收文件\NW2018_16NSOP DEMOCODE for佳点1\NW2018_16NSOP DEMOCODE\Source\Interrupt.c"
 238  0001  361D        	clr [29].4
 239  0002              #line 239 "C:\Users\Administrator\Desktop\QQ 接收文件\NW2018_16NSOP DEMOCODE for佳点1\NW2018_16NSOP DEMOCODE\Source\Interrupt.c"
 239  0002  371D        	clr [29].6
 239  0003  0700     E  	mov a,r2
 239  0004  008A        	mov status,a
 239  0005  0700     E  	mov a,r1
 239  0006  0004        	reti
 239  0007              _Interrupt_CTM1_CCRA endp
 239  0007              
 239  0007              #line 239 "C:\Users\Administrator\Desktop\QQ 接收文件\NW2018_16NSOP DEMOCODE for佳点1\NW2018_16NSOP DEMOCODE\Source\Interrupt.c"
 239  0007              #pragma debug scope 1 1
 239  0007              ___mfi3 equ [30]
 239  0007              public _Interrupt_INT1_LVD
 239  0007              #pragma debug scope 18 1
 250  0007              #line 250 "C:\Users\Administrator\Desktop\QQ 接收文件\NW2018_16NSOP DEMOCODE for佳点1\NW2018_16NSOP DEMOCODE\Source\Interrupt.c"
 250  0000              @Interrupt_INT1_LVD_code .section at 60 'code'
 250  0000              ifdef INTERRUPT_DELAY
 250  0000              	nop
 250  0000              endif
 250  0000  0080     E  	mov r1,a
 250  0001  070A        	mov a,status
 250  0002              ifndef INTERRUPT_DELAY
 250  0002  0080     E  	mov r2,a
 250  0003              endif
 250  0003  2800     R  	jmp _Interrupt_INT1_LVD
 250  0004              #pragma debug scope 1 1
 250  0004              @dummy60 endp
 250  0004              #pragma debug scope 19 1
 250  0000              _Interrupt_INT1_LVD .section 'code'
 250  0000              _Interrupt_INT1_LVD proc
 250  0000              ifdef INTERRUPT_DELAY
 250  0000              	mov r2,a
 250  0000              endif
文件：Interrupt.c  编译器版本 HGASM 0202 页次7

 251  0000              #line 251 "C:\Users\Administrator\Desktop\QQ 接收文件\NW2018_16NSOP DEMOCODE for佳点1\NW2018_16NSOP DEMOCODE\Source\Interrupt.c"
 251  0000  361E        	clr [30].4
 252  0001              #line 252 "C:\Users\Administrator\Desktop\QQ 接收文件\NW2018_16NSOP DEMOCODE for佳点1\NW2018_16NSOP DEMOCODE\Source\Interrupt.c"
 252  0001  369E        	clr [30].5
 252  0002  0700     E  	mov a,r2
 252  0003  008A        	mov status,a
 252  0004  0700     E  	mov a,r1
 252  0005  0004        	reti
 252  0006              _Interrupt_INT1_LVD endp
 252  0006              
 252  0006              #line 252 "C:\Users\Administrator\Desktop\QQ 接收文件\NW2018_16NSOP DEMOCODE for佳点1\NW2018_16NSOP DEMOCODE\Source\Interrupt.c"
 252  0006              #pragma debug scope 1 1
 252  0006              #pragma debug struct_end
 252  0006              #pragma debug struct_end
 252  0006              #pragma debug union_end
 252  0006              #pragma debug union_end
 252  0006              #pragma debug variable 43 1 ___intc3 "__intc3" 1
 252  0006              #pragma debug struct_end
 252  0006              #pragma debug struct_end
 252  0006              #pragma debug union_end
 252  0006              #pragma debug union_end
 252  0006              #pragma debug variable 45 1 ___mfi0 "__mfi0" 1
 252  0006              #pragma debug struct_end
 252  0006              #pragma debug struct_end
 252  0006              #pragma debug union_end
 252  0006              #pragma debug union_end
 252  0006              #pragma debug variable 47 1 ___mfi1 "__mfi1" 1
 252  0006              #pragma debug struct_end
 252  0006              #pragma debug struct_end
 252  0006              #pragma debug union_end
 252  0006              #pragma debug union_end
 252  0006              #pragma debug variable 49 1 ___mfi2 "__mfi2" 1
 252  0006              #pragma debug struct_end
 252  0006              #pragma debug struct_end
 252  0006              #pragma debug union_end
 252  0006              #pragma debug union_end
 252  0006              #pragma debug variable 51 1 ___mfi3 "__mfi3" 1
 252  0006              #pragma debug struct_end
 252  0006              #pragma debug struct_end
 252  0006              #pragma debug union_end
 252  0006              #pragma debug union_end
 252  0006              #pragma debug variable 53 1 ___u0sr "__u0sr" 1
 252  0006              #pragma debug variable 8 1 ___txr_rxr0 "__txr_rxr0" 1
 252  0006              
 252  0006              ; output external variables
 252  0006              extern _R_iicPoint:byte
 252  0006              extern _R_IIC_DataBuffer:byte
 252  0006              extern r1:byte
 252  0006              extern r2:byte
 252  0006              extern r3:byte
 252  0006              extern r4:byte
 252  0006              
 252  0006              ; 
 252  0006              ; Generated by holtek-gcc v3.18, Mon May 06 15:41:34 2019
 252  0006              ; Rebuild 828
 252  0006              ; end of file


        0 Errors, 0