文件：Variants.c   编译器版本 HGASM 0202 页次1


   1  0000              ; Generated by holtek-gcc v3.18, Mon May 06 15:41:35 2019
   2  0000              ; 
   3  0000              ; Configuration:
   4  0000              ;       with long instruction
   5  0000              ;       Single ROM, Multi-RAM
   6  0000              ;       bits_per_rom_unit:16
   7  0000              ;       with mp1
   8  0000              ;       with tbhp, address(0x9)
   9  0000              ;          Use tabrd-const
  10  0000              ;       
  11  0000              ; SFR address of long-instruction arch:
  12  0000              ;    mp0 = -1,1,0
  13  0000              ;    mp1 = 4,3,2
  14  0000              ;    mp2 = 14,13,12
  15  0000              ;    tbp = 9,7,8
  16  0000              ;    acc = 5
  17  0000              ;    pcl = 6
  18  0000              ;    status = 10
  19  0000              ;    bp = 11
  20  0000              ;    intc = 16
  21  0000              ;       
  22  0000              ;       
  23  0000              ; use 'tabrdc' instead of 'tabrd'
  24  0000              ;       
  25  0000              
  26  0000              #pragma translator "holtek-gcc 4.6.4" "3.18" "build 20130711"
  27  0000              ; Rebuild 828
  28  0000              
  29  0000              ir equ [2]
  30  0000              mp equ [3]
  31  0000              sbp equ [4]
  32  0000              acc equ [5]
  33  0000              bp equ [11]
  34  0000              tblp equ [7]
  35  0000              tbhp equ [9]
  36  0000              status equ [10]
  37  0000              c equ [10].0
  38  0000              ac equ [10].1
  39  0000              z equ [10].2
  40  0000              ov equ [10].3
  41  0000              cz equ [10].6
  42  0000              sc equ [10].7
  43  0000              intc equ [16]
  44  0000              
  45  0000              extern ra:byte
  46  0000              extern rb:byte
  47  0000              extern rc:byte
  48  0000              extern rd:byte
  49  0000              extern re:byte
  50  0000              extern rf:byte
  51  0000              extern rg:byte
  52  0000              extern rh:byte
  53  0000              extern _Crom2Prom:near
  54  0000              extern _Crom2PromNext:near
  55  0000              
  56  0000              RAMBANK 0 @BITDATASEC, @BITDATASEC1
  57  0000              @HCCINIT	.section 'data'
  58  0000              @HCCINIT0	.section 'data'
  59  0000              @BITDATASEC	 .section 'data'
文件：Variants.ASM 编译器版本 HGASM 0202 页次2

  60  0000              @BITDATASEC1	 .section 'data'
  61  0000              
  62  0000              #pragma debug scope 1 1
  63  0000              	extern __DELAY3:near
  64  0000              	extern __DELAYX3:near
  65  0000              	extern __DELAYX6:near
  66  0000              	extern __DELAYY5:near
  67  0000              	extern __DELAYY3:near
  68  0000              	extern _builtin_holtek_delay_2:byte

 101  0000              #line 101 "C:\Users\Administrator\Desktop\QQ 接收文件\NW2018_16NSOP DEMOCODE for佳点1\NW2018_16NSOP DEMOCODE\Source\Variants.c"
 101  0000              public _flag3
 101  0000              @HCCINIT0_flag3 .section 'data'
 101  0000              _flag3	db 0
 101  0001              #pragma debug struct_end
 101  0001              #pragma debug struct_end
 101  0001              #pragma debug union_end
 101  0001              #pragma debug union_end
 101  0001              #pragma debug variable 43 1 _flag3 "flag3"
 101  0001              
 101  0000              @HCCINIT .section 'data'
  90  0000              #line 90 "C:\Users\Administrator\Desktop\QQ 接收文件\NW2018_16NSOP DEMOCODE for佳点1\NW2018_16NSOP DEMOCODE\Source\Variants.c"
  90  0000              public _flag2
  90  0000              @HCCINIT0_flag2 .section 'data'
  90  0000              _flag2	db 0
  90  0001              #pragma debug variable 43 1 _flag2 "flag2"
  90  0001              
  90  0000              @HCCINIT .section 'data'
  79  0000              #line 79 "C:\Users\Administrator\Desktop\QQ 接收文件\NW2018_16NSOP DEMOCODE for佳点1\NW2018_16NSOP DEMOCODE\Source\Variants.c"
  79  0000              public _flag1
  79  0000              @HCCINIT0_flag1 .section 'data'
  79  0000              _flag1	db 0
  79  0001              #pragma debug variable 43 1 _flag1 "flag1"
  79  0001              
  79  0000              @HCCINIT .section 'data'
  69  0000              #line 69 "C:\Users\Administrator\Desktop\QQ 接收文件\NW2018_16NSOP DEMOCODE for佳点1\NW2018_16NSOP DEMOCODE\Source\Variants.c"
  69  0000              public _flag0
  69  0000              @HCCINIT0_flag0 .section 'data'
  69  0000              _flag0	db 0
  69  0001              #pragma debug variable 43 1 _flag0 "flag0"
  69  0001              
  69  0000              @HCCINIT .section 'data'
  64  0000              #line 64 "C:\Users\Administrator\Desktop\QQ 接收文件\NW2018_16NSOP DEMOCODE for佳点1\NW2018_16NSOP DEMOCODE\Source\Variants.c"
  64  0000              public _R_KeyMask1
  64  0000              @HCCINIT0_R_KeyMask1 .section 'data'
  64  0000              _R_KeyMask1	db 0
  64  0001              #pragma debug variable 43 1 _R_KeyMask1 "R_KeyMask1"
  64  0001              
  64  0000              @HCCINIT .section 'data'
  63  0000              #line 63 "C:\Users\Administrator\Desktop\QQ 接收文件\NW2018_16NSOP DEMOCODE for佳点1\NW2018_16NSOP DEMOCODE\Source\Variants.c"
  63  0000              public _R_KeyMask
  63  0000              @HCCINIT0_R_KeyMask .section 'data'
  63  0000              _R_KeyMask	db 0
  63  0001              #pragma debug variable 43 1 _R_KeyMask "R_KeyMask"
  63  0001              
  63  0000              @HCCINIT .section 'data'
  62  0000              #line 62 "C:\Users\Administrator\Desktop\QQ 接收文件\NW2018_16NSOP DEMOCODE for佳点1\NW2018_16NSOP DEMOCODE\Source\Variants.c"
  62  0000              public _R_KeyValue1
  62  0000              @HCCINIT0_R_KeyValue1 .section 'data'
  62  0000              _R_KeyValue1	db 0
文件：Variants.c   编译器版本 HGASM 0202 页次3

  62  0001              #pragma debug variable 8 1 _R_KeyValue1 "R_KeyValue1"
  62  0001              
  62  0000              @HCCINIT .section 'data'
  61  0000              #line 61 "C:\Users\Administrator\Desktop\QQ 接收文件\NW2018_16NSOP DEMOCODE for佳点1\NW2018_16NSOP DEMOCODE\Source\Variants.c"
  61  0000              public _R_KeyValue
  61  0000              @HCCINIT0_R_KeyValue .section 'data'
  61  0000              _R_KeyValue	db 0
  61  0001              #pragma debug variable 8 1 _R_KeyValue "R_KeyValue"
  61  0001              
  61  0000              @HCCINIT .section 'data'
  60  0000              #line 60 "C:\Users\Administrator\Desktop\QQ 接收文件\NW2018_16NSOP DEMOCODE for佳点1\NW2018_16NSOP DEMOCODE\Source\Variants.c"
  60  0000              public _R_KeyDelay
  60  0000              @HCCINIT0_R_KeyDelay .section 'data'
  60  0000              _R_KeyDelay	db 0
  60  0001              #pragma debug variable 8 1 _R_KeyDelay "R_KeyDelay"
  60  0001              
  60  0000              @HCCINIT .section 'data'
  59  0000              #line 59 "C:\Users\Administrator\Desktop\QQ 接收文件\NW2018_16NSOP DEMOCODE for佳点1\NW2018_16NSOP DEMOCODE\Source\Variants.c"
  59  0000              public _R_KeyDebounce
  59  0000              @HCCINIT0_R_KeyDebounce .section 'data'
  59  0000              _R_KeyDebounce	db 0
  59  0001              #pragma debug variable 8 1 _R_KeyDebounce "R_KeyDebounce"
  59  0001              
  59  0000              @HCCINIT .section 'data'
  58  0000              #line 58 "C:\Users\Administrator\Desktop\QQ 接收文件\NW2018_16NSOP DEMOCODE for佳点1\NW2018_16NSOP DEMOCODE\Source\Variants.c"
  58  0000              public _R_CookMode
  58  0000              @HCCINIT0_R_CookMode .section 'data'
  58  0000              _R_CookMode	db 0
  58  0001              #pragma debug variable 8 1 _R_CookMode "R_CookMode"
  58  0001              
  58  0000              @HCCINIT .section 'data'
  55  0000              #line 55 "C:\Users\Administrator\Desktop\QQ 接收文件\NW2018_16NSOP DEMOCODE for佳点1\NW2018_16NSOP DEMOCODE\Source\Variants.c"
  55  0000              public _R_RealMinute
  55  0000              @HCCINIT0_R_RealMinute .section 'data'
  55  0000              _R_RealMinute	db 0
  55  0001              #pragma debug variable 8 1 _R_RealMinute "R_RealMinute"
  55  0001              
  55  0000              @HCCINIT .section 'data'
  54  0000              #line 54 "C:\Users\Administrator\Desktop\QQ 接收文件\NW2018_16NSOP DEMOCODE for佳点1\NW2018_16NSOP DEMOCODE\Source\Variants.c"
  54  0000              public _R_RealHour
  54  0000              @HCCINIT0_R_RealHour .section 'data'
  54  0000              _R_RealHour	db 0
  54  0001              #pragma debug variable 8 1 _R_RealHour "R_RealHour"
  54  0001              
  54  0000              @HCCINIT .section 'data'
  53  0000              #line 53 "C:\Users\Administrator\Desktop\QQ 接收文件\NW2018_16NSOP DEMOCODE for佳点1\NW2018_16NSOP DEMOCODE\Source\Variants.c"
  53  0000              public _R_SetMinute
  53  0000              @HCCINIT0_R_SetMinute .section 'data'
  53  0000              _R_SetMinute	db 0
  53  0001              #pragma debug variable 7 1 _R_SetMinute "R_SetMinute"
  53  0001              
  53  0000              @HCCINIT .section 'data'
  52  0000              #line 52 "C:\Users\Administrator\Desktop\QQ 接收文件\NW2018_16NSOP DEMOCODE for佳点1\NW2018_16NSOP DEMOCODE\Source\Variants.c"
  52  0000              public _R_SetHour
  52  0000              @HCCINIT0_R_SetHour .section 'data'
  52  0000              _R_SetHour	db 0
  52  0001              #pragma debug variable 7 1 _R_SetHour "R_SetHour"
  52  0001              
  52  0000              @HCCINIT .section 'data'
  51  0000              #line 51 "C:\Users\Administrator\Desktop\QQ 接收文件\NW2018_16NSOP DEMOCODE for佳点1\NW2018_16NSOP DEMOCODE\Source\Variants.c"
文件：Variants.c   编译器版本 HGASM 0202 页次4

  51  0000              public _R_SetMinute1
  51  0000              @HCCINIT0_R_SetMinute1 .section 'data'
  51  0000              _R_SetMinute1	db 0
  51  0001              #pragma debug variable 8 1 _R_SetMinute1 "R_SetMinute1"
  51  0001              
  51  0000              @HCCINIT .section 'data'
  50  0000              #line 50 "C:\Users\Administrator\Desktop\QQ 接收文件\NW2018_16NSOP DEMOCODE for佳点1\NW2018_16NSOP DEMOCODE\Source\Variants.c"
  50  0000              public _R_SetHour1
  50  0000              @HCCINIT0_R_SetHour1 .section 'data'
  50  0000              _R_SetHour1	db 0
  50  0001              #pragma debug variable 8 1 _R_SetHour1 "R_SetHour1"
  50  0001              
  50  0000              @HCCINIT .section 'data'
  49  0000              #line 49 "C:\Users\Administrator\Desktop\QQ 接收文件\NW2018_16NSOP DEMOCODE for佳点1\NW2018_16NSOP DEMOCODE\Source\Variants.c"
  49  0000              public _R_LEDFlash_5S0
  49  0000              @HCCINIT0_R_LEDFlash_5S0 .section 'data'
  49  0000              _R_LEDFlash_5S0	db 0
  49  0001              #pragma debug variable 8 1 _R_LEDFlash_5S0 "R_LEDFlash_5S0"
  49  0001              
  49  0000              @HCCINIT .section 'data'
  48  0000              #line 48 "C:\Users\Administrator\Desktop\QQ 接收文件\NW2018_16NSOP DEMOCODE for佳点1\NW2018_16NSOP DEMOCODE\Source\Variants.c"
  48  0000              public _R_1MinCount
  48  0000              @HCCINIT0_R_1MinCount .section 'data'
  48  0000              _R_1MinCount	db 0
  48  0001              #pragma debug variable 8 1 _R_1MinCount "R_1MinCount"
  48  0001              
  48  0000              @HCCINIT .section 'data'
  47  0000              #line 47 "C:\Users\Administrator\Desktop\QQ 接收文件\NW2018_16NSOP DEMOCODE for佳点1\NW2018_16NSOP DEMOCODE\Source\Variants.c"
  47  0000              public _R_2SecCount
  47  0000              @HCCINIT0_R_2SecCount .section 'data'
  47  0000              _R_2SecCount	db 0
  47  0001              #pragma debug variable 8 1 _R_2SecCount "R_2SecCount"
  47  0001              
  47  0000              @HCCINIT .section 'data'
  46  0000              #line 46 "C:\Users\Administrator\Desktop\QQ 接收文件\NW2018_16NSOP DEMOCODE for佳点1\NW2018_16NSOP DEMOCODE\Source\Variants.c"
  46  0000              public _R_1SecCount
  46  0000              @HCCINIT0_R_1SecCount .section 'data'
  46  0000              _R_1SecCount	db 0
  46  0001              #pragma debug variable 8 1 _R_1SecCount "R_1SecCount"
  46  0001              
  46  0000              @HCCINIT .section 'data'
  45  0000              #line 45 "C:\Users\Administrator\Desktop\QQ 接收文件\NW2018_16NSOP DEMOCODE for佳点1\NW2018_16NSOP DEMOCODE\Source\Variants.c"
  45  0000              public _R_500mSecCount
  45  0000              @HCCINIT0_R_500mSecCount .section 'data'
  45  0000              _R_500mSecCount	db 0
  45  0001              #pragma debug variable 8 1 _R_500mSecCount "R_500mSecCount"
  45  0001              
  45  0000              @HCCINIT .section 'data'
  42  0000              #line 42 "C:\Users\Administrator\Desktop\QQ 接收文件\NW2018_16NSOP DEMOCODE for佳点1\NW2018_16NSOP DEMOCODE\Source\Variants.c"
  42  0000              public _R_DisplayMode1
  42  0000              @HCCINIT0_R_DisplayMode1 .section 'data'
  42  0000              _R_DisplayMode1	db 0
  42  0001              #pragma debug variable 8 1 _R_DisplayMode1 "R_DisplayMode1"
  42  0001              
  42  0000              @HCCINIT .section 'data'
  41  0000              #line 41 "C:\Users\Administrator\Desktop\QQ 接收文件\NW2018_16NSOP DEMOCODE for佳点1\NW2018_16NSOP DEMOCODE\Source\Variants.c"
  41  0000              public _R_DisplayMode
  41  0000              @HCCINIT0_R_DisplayMode .section 'data'
  41  0000              _R_DisplayMode	db 0
  41  0001              #pragma debug variable 8 1 _R_DisplayMode "R_DisplayMode"
文件：Variants.c   编译器版本 HGASM 0202 页次5

  41  0001              
  41  0000              @HCCINIT .section 'data'
  40  0000              #line 40 "C:\Users\Administrator\Desktop\QQ 接收文件\NW2018_16NSOP DEMOCODE for佳点1\NW2018_16NSOP DEMOCODE\Source\Variants.c"
  40  0000              public _R_LEDdata
  40  0000              @HCCINIT0_R_LEDdata .section 'data'
  40  0000  0007[       _R_LEDdata	db 7 dup(0)
            00
            ]
  40  0007              #pragma debug array 44 8 7 1
  40  0007              #pragma debug array 44 8 7 1
  40  0007              #pragma debug variable 44 1 _R_LEDdata "R_LEDdata"
  40  0007              
  40  0000              @HCCINIT .section 'data'
  37  0000              #line 37 "C:\Users\Administrator\Desktop\QQ 接收文件\NW2018_16NSOP DEMOCODE for佳点1\NW2018_16NSOP DEMOCODE\Source\Variants.c"
  37  0000              public _R_iicPoint
  37  0000              @HCCINIT0_R_iicPoint .section 'data'
  37  0000              _R_iicPoint	db 0
  37  0001              #pragma debug variable 8 1 _R_iicPoint "R_iicPoint"
  37  0001              
  37  0000              @HCCINIT .section 'data'
  36  0000              #line 36 "C:\Users\Administrator\Desktop\QQ 接收文件\NW2018_16NSOP DEMOCODE for佳点1\NW2018_16NSOP DEMOCODE\Source\Variants.c"
  36  0000              public _R_IIC_DataBuffer
  36  0000              @HCCINIT0_R_IIC_DataBuffer .section 'data'
  36  0000  0009[       _R_IIC_DataBuffer	db 9 dup(0)
            00
            ]
  36  0009              #pragma debug array 45 8 9 1
  36  0009              #pragma debug array 45 8 9 1
  36  0009              #pragma debug variable 45 1 _R_IIC_DataBuffer "R_IIC_DataBuffer"
  36  0009              
  36  0000              @HCCINIT .section 'data'
  35  0000              #line 35 "C:\Users\Administrator\Desktop\QQ 接收文件\NW2018_16NSOP DEMOCODE for佳点1\NW2018_16NSOP DEMOCODE\Source\Variants.c"
  35  0000              public _R_KeyBuffer
  35  0000              @HCCINIT0_R_KeyBuffer .section 'data'
  35  0000  0002[       _R_KeyBuffer	db 2 dup(0)
            00
            ]
  35  0002              #pragma debug array 46 8 2 1
  35  0002              #pragma debug array 46 8 2 1
  35  0002              #pragma debug variable 46 1 _R_KeyBuffer "R_KeyBuffer"
  35  0002              
  35  0000              @HCCINIT .section 'data'
  34  0000              #line 34 "C:\Users\Administrator\Desktop\QQ 接收文件\NW2018_16NSOP DEMOCODE for佳点1\NW2018_16NSOP DEMOCODE\Source\Variants.c"
  34  0000              public _R_MachinCode
  34  0000              @HCCINIT0_R_MachinCode .section 'data'
  34  0000  0002[       _R_MachinCode	db 2 dup(0)
            00
            ]
  34  0002              #pragma debug variable 46 1 _R_MachinCode "R_MachinCode"
  34  0002              
  34  0000              @HCCINIT .section 'data'
  31  0000              #line 31 "C:\Users\Administrator\Desktop\QQ 接收文件\NW2018_16NSOP DEMOCODE for佳点1\NW2018_16NSOP DEMOCODE\Source\Variants.c"
  31  0000              public _R_ADC_arrayValue
  31  0000              @HCCINIT0_R_ADC_arrayValue .section 'data'
  31  0000  0005[       _R_ADC_arrayValue	db 5 dup(0)
            00
            ]
  31  0005              #pragma debug array 47 8 5 1
  31  0005              #pragma debug array 47 8 5 1
  31  0005              #pragma debug variable 47 1 _R_ADC_arrayValue "R_ADC_arrayValue"
文件：Variants.c   编译器版本 HGASM 0202 页次6

  31  0005              
  31  0000              @HCCINIT .section 'data'
  30  0000              #line 30 "C:\Users\Administrator\Desktop\QQ 接收文件\NW2018_16NSOP DEMOCODE for佳点1\NW2018_16NSOP DEMOCODE\Source\Variants.c"
  30  0000              public _R_ADC_intSumUP
  30  0000              @HCCINIT0_R_ADC_intSumUP .section 'data'
  30  0000  000A[       _R_ADC_intSumUP	db 10 dup(0)
            00
            ]
  30  000A              #pragma debug array 48 12 5 1
  30  000A              #pragma debug array 48 12 5 1
  30  000A              #pragma debug variable 48 1 _R_ADC_intSumUP "R_ADC_intSumUP"
  30  000A              
  30  0000              @HCCINIT .section 'data'
  29  0000              #line 29 "C:\Users\Administrator\Desktop\QQ 接收文件\NW2018_16NSOP DEMOCODE for佳点1\NW2018_16NSOP DEMOCODE\Source\Variants.c"
  29  0000              public _R_ADC_Count
  29  0000              @HCCINIT0_R_ADC_Count .section 'data'
  29  0000              _R_ADC_Count	db 0
  29  0001              #pragma debug variable 8 1 _R_ADC_Count "R_ADC_Count"
  29  0001              
  29  0000              @HCCINIT .section 'data'
  26  0000              #line 26 "C:\Users\Administrator\Desktop\QQ 接收文件\NW2018_16NSOP DEMOCODE for佳点1\NW2018_16NSOP DEMOCODE\Source\Variants.c"
  26  0000              public _R_BeepTime
  26  0000              @HCCINIT0_R_BeepTime .section 'data'
  26  0000              _R_BeepTime	db 0
  26  0001              #pragma debug variable 8 1 _R_BeepTime "R_BeepTime"
  26  0001              
  26  0000              @HCCINIT .section 'data'
  25  0000              #line 25 "C:\Users\Administrator\Desktop\QQ 接收文件\NW2018_16NSOP DEMOCODE for佳点1\NW2018_16NSOP DEMOCODE\Source\Variants.c"
  25  0000              public _R_100mS_Count
  25  0000              @HCCINIT0_R_100mS_Count .section 'data'
  25  0000              _R_100mS_Count	db 0
  25  0001              #pragma debug variable 8 1 _R_100mS_Count "R_100mS_Count"
  25  0001              
  25  0000              @HCCINIT .section 'data'
  24  0000              #line 24 "C:\Users\Administrator\Desktop\QQ 接收文件\NW2018_16NSOP DEMOCODE for佳点1\NW2018_16NSOP DEMOCODE\Source\Variants.c"
  24  0000              public _R_StartPPG_Delay
  24  0000              @HCCINIT0_R_StartPPG_Delay .section 'data'
  24  0000              _R_StartPPG_Delay	db 0
  24  0001              #pragma debug variable 8 1 _R_StartPPG_Delay "R_StartPPG_Delay"
  24  0001              
  24  0000              @HCCINIT .section 'data'
  21  0000              #line 21 "C:\Users\Administrator\Desktop\QQ 接收文件\NW2018_16NSOP DEMOCODE for佳点1\NW2018_16NSOP DEMOCODE\Source\Variants.c"
  21  0000              public _R_maxPowerTime
  21  0000              @HCCINIT0_R_maxPowerTime .section 'data'
  21  0000              _R_maxPowerTime	db 0
  21  0001              #pragma debug variable 8 1 _R_maxPowerTime "R_maxPowerTime"
  21  0001              
  21  0000              @HCCINIT .section 'data'
  20  0000              #line 20 "C:\Users\Administrator\Desktop\QQ 接收文件\NW2018_16NSOP DEMOCODE for佳点1\NW2018_16NSOP DEMOCODE\Source\Variants.c"
  20  0000              public _R_minDelayPoff
  20  0000              @HCCINIT0_R_minDelayPoff .section 'data'
  20  0000              _R_minDelayPoff	db 0
  20  0001              #pragma debug variable 8 1 _R_minDelayPoff "R_minDelayPoff"
  20  0001              
  20  0000              @HCCINIT .section 'data'
  19  0000              #line 19 "C:\Users\Administrator\Desktop\QQ 接收文件\NW2018_16NSOP DEMOCODE for佳点1\NW2018_16NSOP DEMOCODE\Source\Variants.c"
  19  0000              public _R_FuncStep
  19  0000              @HCCINIT0_R_FuncStep .section 'data'
  19  0000              _R_FuncStep	db 0
  19  0001              #pragma debug variable 8 1 _R_FuncStep "R_FuncStep"
文件：Variants.c   编译器版本 HGASM 0202 页次7

  19  0001              
  19  0000              @HCCINIT .section 'data'
  18  0000              #line 18 "C:\Users\Administrator\Desktop\QQ 接收文件\NW2018_16NSOP DEMOCODE for佳点1\NW2018_16NSOP DEMOCODE\Source\Variants.c"
  18  0000              public _R_FanWorkTime
  18  0000              @HCCINIT0_R_FanWorkTime .section 'data'
  18  0000              _R_FanWorkTime	db 0
  18  0001              #pragma debug variable 8 1 _R_FanWorkTime "R_FanWorkTime"
  18  0001              
  18  0000              @HCCINIT .section 'data'
  16  0000              #line 16 "C:\Users\Administrator\Desktop\QQ 接收文件\NW2018_16NSOP DEMOCODE for佳点1\NW2018_16NSOP DEMOCODE\Source\Variants.c"
  16  0000              public _R_intReferPower
  16  0000              @HCCINIT0_R_intReferPower .section 'data'
  16  0000  0002[       _R_intReferPower	db 2 dup(0)
            00
            ]
  16  0002              #pragma debug variable 12 1 _R_intReferPower "R_intReferPower"
  16  0002              
  16  0000              @HCCINIT .section 'data'
  15  0000              #line 15 "C:\Users\Administrator\Desktop\QQ 接收文件\NW2018_16NSOP DEMOCODE for佳点1\NW2018_16NSOP DEMOCODE\Source\Variants.c"
  15  0000              public _R_CurrCurrent
  15  0000              @HCCINIT0_R_CurrCurrent .section 'data'
  15  0000              _R_CurrCurrent	db 0
  15  0001              #pragma debug variable 8 1 _R_CurrCurrent "R_CurrCurrent"
  15  0001              
  15  0000              @HCCINIT .section 'data'
  14  0000              #line 14 "C:\Users\Administrator\Desktop\QQ 接收文件\NW2018_16NSOP DEMOCODE for佳点1\NW2018_16NSOP DEMOCODE\Source\Variants.c"
  14  0000              public _R_ReferCurrent
  14  0000              @HCCINIT0_R_ReferCurrent .section 'data'
  14  0000              _R_ReferCurrent	db 0
  14  0001              #pragma debug variable 8 1 _R_ReferCurrent "R_ReferCurrent"
  14  0001              
  14  0000              @HCCINIT .section 'data'
  13  0000              #line 13 "C:\Users\Administrator\Desktop\QQ 接收文件\NW2018_16NSOP DEMOCODE for佳点1\NW2018_16NSOP DEMOCODE\Source\Variants.c"
  13  0000              public _R_zeroDelay_Point
  13  0000              @HCCINIT0_R_zeroDelay_Point .section 'data'
  13  0000              _R_zeroDelay_Point	db 0
  13  0001              #pragma debug variable 8 1 _R_zeroDelay_Point "R_zeroDelay_Point"
  13  0001              
  13  0000              @HCCINIT .section 'data'
  11  0000              #line 11 "C:\Users\Administrator\Desktop\QQ 接收文件\NW2018_16NSOP DEMOCODE for佳点1\NW2018_16NSOP DEMOCODE\Source\Variants.c"
  11  0000              public _R_tempPPG_max
  11  0000              @HCCINIT0_R_tempPPG_max .section 'data'
  11  0000              _R_tempPPG_max	db 0
  11  0001              #pragma debug variable 8 1 _R_tempPPG_max "R_tempPPG_max"
  11  0001              
  11  0000              @HCCINIT .section 'data'
  10  0000              #line 10 "C:\Users\Administrator\Desktop\QQ 接收文件\NW2018_16NSOP DEMOCODE for佳点1\NW2018_16NSOP DEMOCODE\Source\Variants.c"
  10  0000              public _R_tempPPG_min
  10  0000              @HCCINIT0_R_tempPPG_min .section 'data'
  10  0000              _R_tempPPG_min	db 0
  10  0001              #pragma debug variable 8 1 _R_tempPPG_min "R_tempPPG_min"
  10  0001              
  10  0000              @HCCINIT .section 'data'
   9  0000              #line 9 "C:\Users\Administrator\Desktop\QQ 接收文件\NW2018_16NSOP DEMOCODE for佳点1\NW2018_16NSOP DEMOCODE\Source\Variants.c"
   9  0000              public _R_currPPG_min
   9  0000              @HCCINIT0_R_currPPG_min .section 'data'
   9  0000              _R_currPPG_min	db 0
   9  0001              #pragma debug variable 8 1 _R_currPPG_min "R_currPPG_min"
   9  0001              
   9  0000              @HCCINIT .section 'data'
文件：Variants.c   编译器版本 HGASM 0202 页次8

   8  0000              #line 8 "C:\Users\Administrator\Desktop\QQ 接收文件\NW2018_16NSOP DEMOCODE for佳点1\NW2018_16NSOP DEMOCODE\Source\Variants.c"
   8  0000              public _R_StartPPGTA
   8  0000              @HCCINIT0_R_StartPPGTA .section 'data'
   8  0000              _R_StartPPGTA	db 0
   8  0001              #pragma debug variable 8 1 _R_StartPPGTA "R_StartPPGTA"
   8  0001              
   8  0000              @HCCINIT .section 'data'
   6  0000              #line 6 "C:\Users\Administrator\Desktop\QQ 接收文件\NW2018_16NSOP DEMOCODE for佳点1\NW2018_16NSOP DEMOCODE\Source\Variants.c"
   6  0000              public _R_ErrorStatus
   6  0000              @HCCINIT0_R_ErrorStatus .section 'data'
   6  0000              _R_ErrorStatus	db 0
   6  0001              #pragma debug variable 8 1 _R_ErrorStatus "R_ErrorStatus"
   6  0001              
   6  0000              @HCCINIT .section 'data'
   5  0000              #line 5 "C:\Users\Administrator\Desktop\QQ 接收文件\NW2018_16NSOP DEMOCODE for佳点1\NW2018_16NSOP DEMOCODE\Source\Variants.c"
   5  0000              public _R_WorkStatus
   5  0000              @HCCINIT0_R_WorkStatus .section 'data'
   5  0000              _R_WorkStatus	db 0
   5  0001              #pragma debug variable 8 1 _R_WorkStatus "R_WorkStatus"
   5  0001              
   5  0000              @HCCINIT .section 'data'
   5  0000              
   5  0000              ; 
   5  0000              ; Generated by holtek-gcc v3.18, Mon May 06 15:41:35 2019
   5  0000              ; Rebuild 828
   5  0000              ; end of file


        0 Errors, 0