文件：function.c   编译器版本 HGASM 0202 页次1


   1  0000              ; Generated by holtek-gcc v3.18, Fri May 31 17:54:43 2019
   2  0000              ; 
   3  0000              ; Configuration:
   4  0000              ;       with long instruction
   5  0000              ;       Single ROM, Multi-RAM
   6  0000              ;       bits_per_rom_unit:16
   7  0000              ;       with mp1
   8  0000              ;       with tbhp, address(0x9)
   9  0000              ;          Use tabrd-const
  10  0000              ;       
  11  0000              ; SFR address of long-instruction arch:
  12  0000              ;    mp0 = -1,1,0
  13  0000              ;    mp1 = 4,3,2
  14  0000              ;    mp2 = 14,13,12
  15  0000              ;    tbp = 9,7,8
  16  0000              ;    acc = 5
  17  0000              ;    pcl = 6
  18  0000              ;    status = 10
  19  0000              ;    bp = 11
  20  0000              ;    intc = 16
  21  0000              ;       
  22  0000              ;       
  23  0000              ; use 'tabrdc' instead of 'tabrd'
  24  0000              ;       
  25  0000              
  26  0000              #pragma translator "holtek-gcc 4.6.4" "3.18" "build 20130711"
  27  0000              ; Rebuild 828
  28  0000              
  29  0000              ir equ [2]
  30  0000              mp equ [3]
  31  0000              sbp equ [4]
  32  0000              acc equ [5]
  33  0000              bp equ [11]
  34  0000              tblp equ [7]
  35  0000              tbhp equ [9]
  36  0000              status equ [10]
  37  0000              c equ [10].0
  38  0000              ac equ [10].1
  39  0000              z equ [10].2
  40  0000              ov equ [10].3
  41  0000              cz equ [10].6
  42  0000              sc equ [10].7
  43  0000              intc equ [16]
  44  0000              
  45  0000              extern ra:byte
  46  0000              extern rb:byte
  47  0000              extern rc:byte
  48  0000              extern rd:byte
  49  0000              extern re:byte
  50  0000              extern rf:byte
  51  0000              extern rg:byte
  52  0000              extern rh:byte
  53  0000              extern _Crom2Prom:near
  54  0000              extern _Crom2PromNext:near
  55  0000              
  56  0000              RAMBANK 0 @BITDATASEC, @BITDATASEC1
  57  0000              @HCCINIT	.section 'data'
  58  0000              @HCCINIT0	.section 'data'
  59  0000              @BITDATASEC	 .section 'data'
文件：function.ASM 编译器版本 HGASM 0202 页次2

  60  0000              @BITDATASEC1	 .section 'data'
  61  0000              
  62  0000              #pragma debug scope 1 1
  63  0000              	extern __DELAY3:near
  64  0000              	extern __DELAYX3:near
  65  0000              	extern __DELAYX6:near
  66  0000              	extern __DELAYY5:near
  67  0000              	extern __DELAYY3:near
  68  0000              	extern _builtin_holtek_delay_2:byte
  69  0000              public _Delay_100XuS
  70  0000              #pragma debug scope 2 1

   9  0000              #line 9 "F:\2_Source\NW1951_NW2018_20SOP 上海佳点 BBU 控制器-V00\CODE\source\function.c"
   9  0000              _Delay_100XuS .section 'code'
   9  0000              _Delay_100XuS proc
   9  0000  0002[           local _Delay_100XuS_2 db 2 dup(?)	; 0,2
            00
            ]
   9  0000  0080     R  	mov _Delay_100XuS_2[1],a
   9  0001              #pragma debug variable 8 2 _Delay_100XuS_2+1 "delay"
   9  0001              #pragma debug variable 8 2 _Delay_100XuS_2+0 "i"
  11  0001              #line 11 "F:\2_Source\NW1951_NW2018_20SOP 上海佳点 BBU 控制器-V00\CODE\source\function.c"
  11  0001  1F00     R  	clr _Delay_100XuS_2[0]
  11  0002  2800     R  	jmp _L2
  11  0003              _L3:
  13  0003              #line 13 "F:\2_Source\NW1951_NW2018_20SOP 上海佳点 BBU 控制器-V00\CODE\source\function.c"
  13  0003              ;# 13 "F:\2_Source\NW1951_NW2018_20SOP 上海佳点 BBU 控制器-V00\CODE\source\function.c" 1
  13  0003  0001        	clr wdt
  14  0004              #line 14 "F:\2_Source\NW1951_NW2018_20SOP 上海佳点 BBU 控制器-V00\CODE\source\function.c"
  14  0004              ;# 14 "F:\2_Source\NW1951_NW2018_20SOP 上海佳点 BBU 控制器-V00\CODE\source\function.c" 1
  14  0004              	IF 391>263690
  14  0004              ;# 14 "F:\2_Source\NW1951_NW2018_20SOP 上海佳点 BBU 控制器-V00\CODE\source\function.c" 1
  14  0004              	ERRMESSAGE 'the value 391of the argument exceeds the maxinum 263690'
  14  0004              	ENDIF
  14  0004              ;# 14 "F:\2_Source\NW1951_NW2018_20SOP 上海佳点 BBU 控制器-V00\CODE\source\function.c" 1
  14  0004              	IF 391<0
  14  0004              ;# 14 "F:\2_Source\NW1951_NW2018_20SOP 上海佳点 BBU 控制器-V00\CODE\source\function.c" 1
  14  0004              	ERRMESSAGE 'the value 391 of the argument exceeds the mininum 0'
  14  0004              	ENDIF
  14  0004              ;# 14 "F:\2_Source\NW1951_NW2018_20SOP 上海佳点 BBU 控制器-V00\CODE\source\function.c" 1
  14  0004              	IF 391==0
  14  0004              ;# 14 "F:\2_Source\NW1951_NW2018_20SOP 上海佳点 BBU 控制器-V00\CODE\source\function.c" 1
  14  0004              	JMP $
  14  0004              	ENDIF
  14  0004              ;# 14 "F:\2_Source\NW1951_NW2018_20SOP 上海佳点 BBU 控制器-V00\CODE\source\function.c" 1
  14  0004              	IF 391==1
  14  0004              ;# 14 "F:\2_Source\NW1951_NW2018_20SOP 上海佳点 BBU 控制器-V00\CODE\source\function.c" 1
  14  0004              	NOP
  14  0004              	ENDIF
  14  0004              ;# 14 "F:\2_Source\NW1951_NW2018_20SOP 上海佳点 BBU 控制器-V00\CODE\source\function.c" 1
  14  0004              	IF 391==2
  14  0004              ;# 14 "F:\2_Source\NW1951_NW2018_20SOP 上海佳点 BBU 控制器-V00\CODE\source\function.c" 1
  14  0004              	NOP
  14  0004              ;# 14 "F:\2_Source\NW1951_NW2018_20SOP 上海佳点 BBU 控制器-V00\CODE\source\function.c" 1
  14  0004              	NOP
  14  0004              	ENDIF
  14  0004              ;# 14 "F:\2_Source\NW1951_NW2018_20SOP 上海佳点 BBU 控制器-V00\CODE\source\function.c" 1
  14  0004              	IF 391==3
  14  0004              ;# 14 "F:\2_Source\NW1951_NW2018_20SOP 上海佳点 BBU 控制器-V00\CODE\source\function.c" 1
  14  0004              	NOP
文件：function.c   编译器版本 HGASM 0202 页次3

  14  0004              ;# 14 "F:\2_Source\NW1951_NW2018_20SOP 上海佳点 BBU 控制器-V00\CODE\source\function.c" 1
  14  0004              	NOP
  14  0004              ;# 14 "F:\2_Source\NW1951_NW2018_20SOP 上海佳点 BBU 控制器-V00\CODE\source\function.c" 1
  14  0004              	NOP
  14  0004              	ENDIF
  14  0004              ;# 14 "F:\2_Source\NW1951_NW2018_20SOP 上海佳点 BBU 控制器-V00\CODE\source\function.c" 1
  14  0004              	IF (391<8) AND (391>3)
  14  0004              ;# 14 "F:\2_Source\NW1951_NW2018_20SOP 上海佳点 BBU 控制器-V00\CODE\source\function.c" 1
  14  0004              	CALL __DELAY3 + 7 -391
  14  0004              	ENDIF
  14  0004              ;# 14 "F:\2_Source\NW1951_NW2018_20SOP 上海佳点 BBU 控制器-V00\CODE\source\function.c" 1
  14  0004              	IF (391< 0404h) AND (391>7)
  14  0004              ;# 14 "F:\2_Source\NW1951_NW2018_20SOP 上海佳点 BBU 控制器-V00\CODE\source\function.c" 1
  14  0004  0F60        	MOV A,391/4-1
  14  0005              ;# 14 "F:\2_Source\NW1951_NW2018_20SOP 上海佳点 BBU 控制器-V00\CODE\source\function.c" 1
  14  0005  2000     E  	CALL __DELAYX3 + 3 -(391 MOD 4)
  14  0006              	ENDIF
  14  0006              ;# 14 "F:\2_Source\NW1951_NW2018_20SOP 上海佳点 BBU 控制器-V00\CODE\source\function.c" 1
  14  0006              	IF (391< 0x40B) AND (391> 0403h)
  14  0006              ;# 14 "F:\2_Source\NW1951_NW2018_20SOP 上海佳点 BBU 控制器-V00\CODE\source\function.c" 1
  14  0006              	MOV A,0 
  14  0006              ;# 14 "F:\2_Source\NW1951_NW2018_20SOP 上海佳点 BBU 控制器-V00\CODE\source\function.c" 1
  14  0006              	CALL __DELAYX6 + 0x40a -391
  14  0006              	ENDIF
  14  0006              ;# 14 "F:\2_Source\NW1951_NW2018_20SOP 上海佳点 BBU 控制器-V00\CODE\source\function.c" 1
  14  0006              	IF (391 >= 0x40b) AND ((((391-9)%0402h)/4+1)>256)
  14  0006              ;# 14 "F:\2_Source\NW1951_NW2018_20SOP 上海佳点 BBU 控制器-V00\CODE\source\function.c" 1
  14  0006              	MOV A,(391-9)/0402h
  14  0006              ;# 14 "F:\2_Source\NW1951_NW2018_20SOP 上海佳点 BBU 控制器-V00\CODE\source\function.c" 1
  14  0006              	MOV _builtin_holtek_delay_2,A
  14  0006              ;# 14 "F:\2_Source\NW1951_NW2018_20SOP 上海佳点 BBU 控制器-V00\CODE\source\function.c" 1
  14  0006              	MOV A,0
  14  0006              ;# 14 "F:\2_Source\NW1951_NW2018_20SOP 上海佳点 BBU 控制器-V00\CODE\source\function.c" 1
  14  0006              	CALL __DELAYY5 +5- (((391-9)%0402h)%6)
  14  0006              	ENDIF
  14  0006              ;# 14 "F:\2_Source\NW1951_NW2018_20SOP 上海佳点 BBU 控制器-V00\CODE\source\function.c" 1
  14  0006              	IF (391 >= 0x40b) AND ((((391-9)%0402h)/4+1)<=256)
  14  0006              ;# 14 "F:\2_Source\NW1951_NW2018_20SOP 上海佳点 BBU 控制器-V00\CODE\source\function.c" 1
  14  0006              	MOV A,(391-9)/0402h
  14  0006              ;# 14 "F:\2_Source\NW1951_NW2018_20SOP 上海佳点 BBU 控制器-V00\CODE\source\function.c" 1
  14  0006              	MOV _builtin_holtek_delay_2,A
  14  0006              ;# 14 "F:\2_Source\NW1951_NW2018_20SOP 上海佳点 BBU 控制器-V00\CODE\source\function.c" 1
  14  0006              	MOV A,((391-9)%0402h)/4+1
  14  0006              ;# 14 "F:\2_Source\NW1951_NW2018_20SOP 上海佳点 BBU 控制器-V00\CODE\source\function.c" 1
  14  0006              	CALL __DELAYY3 +3-(((391-9)%0402h)%4)
  14  0006              	ENDIF
  11  0006              #line 11 "F:\2_Source\NW1951_NW2018_20SOP 上海佳点 BBU 控制器-V00\CODE\source\function.c"
  11  0006  1480     R  	inc _Delay_100XuS_2[0]
  11  0007              _L2:
  11  0007  0700     R  	mov a,_Delay_100XuS_2[0]
  11  0008  0200     R  	sub a,_Delay_100XuS_2[1]
  11  0009  380A        	snz c
  11  000A  2800     R  	jmp _L3
  11  000B  0003        	ret
  11  000C              _Delay_100XuS endp
  11  000C              #line 11 "F:\2_Source\NW1951_NW2018_20SOP 上海佳点 BBU 控制器-V00\CODE\source\function.c"
  11  000C              #pragma debug scope 1 1
  11  000C              ___pc equ [39]
  11  000C              public _bbu_detetedmode
  11  000C              #pragma debug scope 3 1
文件：function.c   编译器版本 HGASM 0202 页次4

  25  000C              #line 25 "F:\2_Source\NW1951_NW2018_20SOP 上海佳点 BBU 控制器-V00\CODE\source\function.c"
  25  0000              _bbu_detetedmode .section 'code'
  25  0000              _bbu_detetedmode proc
  25  0000  00              local _bbu_detetedmode_2 db 1 dup(?)	; 0,1
  26  0001              #line 26 "F:\2_Source\NW1951_NW2018_20SOP 上海佳点 BBU 控制器-V00\CODE\source\function.c"
  26  0000  0700     E  	mov a,_R_workmode[0]
  26  0001  0080     R  	mov _bbu_detetedmode_2[0],a
  26  0002  1700     R  	sdza _bbu_detetedmode_2[0]
  26  0003  2800     R  	jmp _LI1
  26  0004  2800     R  	jmp _L5
  26  0005              _LI1:
  28  0005              #line 28 "F:\2_Source\NW1951_NW2018_20SOP 上海佳点 BBU 控制器-V00\CODE\source\function.c"
  28  0005  1927        	rra [39]
  28  0006  1985        	rr acc
  28  0007  0E3F        	and a,03fh
  28  0008  0080     E  	mov ra,a
  28  0009  0F01        	mov a,1
  28  000A  0480     E  	xorm a,ra
  28  000B  0F01        	mov a,1
  28  000C  0680     E  	andm a,ra
  28  000D  3400     E  	clr _flag1[0].0
  28  000E  0700     E  	mov a,ra
  28  000F  0580     E  	orm a,_flag1[0]
  29  0010              #line 29 "F:\2_Source\NW1951_NW2018_20SOP 上海佳点 BBU 控制器-V00\CODE\source\function.c"
  29  0010  0700     E  	mov a,_flag1[0]
  29  0011  0E01        	and a,1
  29  0012  0080     E  	mov ra,a
  29  0013  1F00     E  	clr rb
  29  0014  3C00     E  	sz _flag1[0].2
  29  0015  1480     E  	inc rb
  29  0016  0700     E  	mov a,rb
  29  0017  0480     E  	xorm a,ra
  29  0018  0700     E  	mov a,_flag1[0]
  29  0019  0680     E  	andm a,ra
  29  001A  0700     E  	mov a,ra
  29  001B  0380     E  	addm a,ra
  29  001C  3400     E  	clr _flag1[0].1
  29  001D  0700     E  	mov a,ra
  29  001E  0580     E  	orm a,_flag1[0]
  30  001F              #line 30 "F:\2_Source\NW1951_NW2018_20SOP 上海佳点 BBU 控制器-V00\CODE\source\function.c"
  30  001F  0700     E  	mov a,_flag1[0]
  30  0020  0E01        	and a,1
  30  0021  0080     E  	mov rb,a
  30  0022  1F00     E  	clr ra
  30  0023  1080     E  	sz rb
  30  0024  3000     E  	set ra.2
  30  0025  3400     E  	clr _flag1[0].2
  30  0026  0700     E  	mov a,ra
  30  0027  0580     E  	orm a,_flag1[0]
  31  0028              #line 31 "F:\2_Source\NW1951_NW2018_20SOP 上海佳点 BBU 控制器-V00\CODE\source\function.c"
  31  0028  3C00     E  	sz _flag1[0].1
  31  0029  2800     R  	jmp _L8
  31  002A  3800     E  	snz _flag1[0].2
  31  002B  2800     R  	jmp _L8
  33  002C              #line 33 "F:\2_Source\NW1951_NW2018_20SOP 上海佳点 BBU 控制器-V00\CODE\source\function.c"
  33  002C  0700     R  	mov a,_bbu_detetedmode_2[0]
  33  002D  0A02        	sub a,2
  33  002E  3D0A        	sz z
  33  002F  2800     R  	jmp _L5
  34  0030              #line 34 "F:\2_Source\NW1951_NW2018_20SOP 上海佳点 BBU 控制器-V00\CODE\source\function.c"
文件：function.c   编译器版本 HGASM 0202 页次5

  34  0030  0F02        	mov a,2
  34  0031  0080     E  	mov _R_workmode[0],a
  35  0032              #line 35 "F:\2_Source\NW1951_NW2018_20SOP 上海佳点 BBU 控制器-V00\CODE\source\function.c"
  35  0032  3000     E  	set _flag0[0].0
  35  0033  2800     R  	jmp _L5
  35  0034              _L8:
  38  0034              #line 38 "F:\2_Source\NW1951_NW2018_20SOP 上海佳点 BBU 控制器-V00\CODE\source\function.c"
  38  0034  0700     R  	mov a,_bbu_detetedmode_2[0]
  38  0035  0A02        	sub a,2
  38  0036  390A        	snz z
  38  0037  2800     R  	jmp _L5
  39  0038              #line 39 "F:\2_Source\NW1951_NW2018_20SOP 上海佳点 BBU 控制器-V00\CODE\source\function.c"
  39  0038  0F03        	mov a,3
  39  0039  0080     E  	mov _R_workmode[0],a
  40  003A              #line 40 "F:\2_Source\NW1951_NW2018_20SOP 上海佳点 BBU 控制器-V00\CODE\source\function.c"
  40  003A  3000     E  	set _flag0[0].1
  40  003B              _L5:
  40  003B  0003        	ret
  40  003C              _bbu_detetedmode endp
  40  003C              #line 40 "F:\2_Source\NW1951_NW2018_20SOP 上海佳点 BBU 控制器-V00\CODE\source\function.c"
  40  003C              #pragma debug scope 1 1
  40  003C              ___pa equ [20]
  40  003C              ___sadc0 equ [66]
  40  003C              ___lvdc equ [34]
  40  003C              ___opac0 equ [122]
  40  003C              ___ctm0c0 equ [42]
  40  003C              ___pas0 equ [124]
  40  003C              ___pas1 equ [125]
  40  003C              ___pbs0 equ [72]
  40  003C              ___pcs0 equ [100]
  40  003C              ___pcs1 equ [101]
  40  003C              ___pac equ [21]
  40  003C              ___pbc equ [70]
  40  003C              ___pb equ [69]
  40  003C              ___pcc equ [40]
  40  003C              ___intc0 equ [16]
  40  003C              ___scc equ [15]
  40  003C              public _bbu_poweroff
  40  003C              #pragma debug scope 4 1
  48  003C              #line 48 "F:\2_Source\NW1951_NW2018_20SOP 上海佳点 BBU 控制器-V00\CODE\source\function.c"
  48  0000              _bbu_poweroff .section 'code'
  48  0000              _bbu_poweroff proc
  49  0000              #line 49 "F:\2_Source\NW1951_NW2018_20SOP 上海佳点 BBU 控制器-V00\CODE\source\function.c"
  49  0000  3414        	clr [20].0
  50  0001              #line 50 "F:\2_Source\NW1951_NW2018_20SOP 上海佳点 BBU 控制器-V00\CODE\source\function.c"
  50  0001  3614        	clr [20].4
  51  0002              #line 51 "F:\2_Source\NW1951_NW2018_20SOP 上海佳点 BBU 控制器-V00\CODE\source\function.c"
  51  0002  3627        	clr [39].4
  52  0003              #line 52 "F:\2_Source\NW1951_NW2018_20SOP 上海佳点 BBU 控制器-V00\CODE\source\function.c"
  52  0003  3794        	clr [20].7
  53  0004              #line 53 "F:\2_Source\NW1951_NW2018_20SOP 上海佳点 BBU 控制器-V00\CODE\source\function.c"
  53  0004  3694        	clr [20].5
  55  0005              #line 55 "F:\2_Source\NW1951_NW2018_20SOP 上海佳点 BBU 控制器-V00\CODE\source\function.c"
  55  0005  3800     E  	snz _flagtime[0].4
  55  0006  2800     R  	jmp _L16
  56  0007              #line 56 "F:\2_Source\NW1951_NW2018_20SOP 上海佳点 BBU 控制器-V00\CODE\source\function.c"
  56  0007  36C2        	clr [66].5
  57  0008              #line 57 "F:\2_Source\NW1951_NW2018_20SOP 上海佳点 BBU 控制器-V00\CODE\source\function.c"
  57  0008  1F22        	clr [34]
  58  0009              #line 58 "F:\2_Source\NW1951_NW2018_20SOP 上海佳点 BBU 控制器-V00\CODE\source\function.c"
文件：function.c   编译器版本 HGASM 0202 页次6

  58  0009  1F7A        	clr [122]
  59  000A              #line 59 "F:\2_Source\NW1951_NW2018_20SOP 上海佳点 BBU 控制器-V00\CODE\source\function.c"
  59  000A  35AA        	clr [42].3
  60  000B              #line 60 "F:\2_Source\NW1951_NW2018_20SOP 上海佳点 BBU 控制器-V00\CODE\source\function.c"
  60  000B  1F7C        	clr [124]
  61  000C              #line 61 "F:\2_Source\NW1951_NW2018_20SOP 上海佳点 BBU 控制器-V00\CODE\source\function.c"
  61  000C  1F7D        	clr [125]
  62  000D              #line 62 "F:\2_Source\NW1951_NW2018_20SOP 上海佳点 BBU 控制器-V00\CODE\source\function.c"
  62  000D  1F48        	clr [72]
  63  000E              #line 63 "F:\2_Source\NW1951_NW2018_20SOP 上海佳点 BBU 控制器-V00\CODE\source\function.c"
  63  000E  1F64        	clr [100]
  64  000F              #line 64 "F:\2_Source\NW1951_NW2018_20SOP 上海佳点 BBU 控制器-V00\CODE\source\function.c"
  64  000F  1F65        	clr [101]
  65  0010              #line 65 "F:\2_Source\NW1951_NW2018_20SOP 上海佳点 BBU 控制器-V00\CODE\source\function.c"
  65  0010  1F15        	clr [21]
  66  0011              #line 66 "F:\2_Source\NW1951_NW2018_20SOP 上海佳点 BBU 控制器-V00\CODE\source\function.c"
  66  0011  1F14        	clr [20]
  67  0012              #line 67 "F:\2_Source\NW1951_NW2018_20SOP 上海佳点 BBU 控制器-V00\CODE\source\function.c"
  67  0012  1F46        	clr [70]
  68  0013              #line 68 "F:\2_Source\NW1951_NW2018_20SOP 上海佳点 BBU 控制器-V00\CODE\source\function.c"
  68  0013  1F45        	clr [69]
  69  0014              #line 69 "F:\2_Source\NW1951_NW2018_20SOP 上海佳点 BBU 控制器-V00\CODE\source\function.c"
  69  0014  1F28        	clr [40]
  70  0015              #line 70 "F:\2_Source\NW1951_NW2018_20SOP 上海佳点 BBU 控制器-V00\CODE\source\function.c"
  70  0015  1F27        	clr [39]
  71  0016              #line 71 "F:\2_Source\NW1951_NW2018_20SOP 上海佳点 BBU 控制器-V00\CODE\source\function.c"
  71  0016  3410        	clr [16].0
  72  0017              #line 72 "F:\2_Source\NW1951_NW2018_20SOP 上海佳点 BBU 控制器-V00\CODE\source\function.c"
  72  0017  348F        	clr [15].1
  73  0018              #line 73 "F:\2_Source\NW1951_NW2018_20SOP 上海佳点 BBU 控制器-V00\CODE\source\function.c"
  73  0018  340F        	clr [15].0
  74  0019              #line 74 "F:\2_Source\NW1951_NW2018_20SOP 上海佳点 BBU 控制器-V00\CODE\source\function.c"
  74  0019              ;# 74 "F:\2_Source\NW1951_NW2018_20SOP 上海佳点 BBU 控制器-V00\CODE\source\function.c" 1
  74  0019  0001        	clr wdt
  75  001A              #line 75 "F:\2_Source\NW1951_NW2018_20SOP 上海佳点 BBU 控制器-V00\CODE\source\function.c"
  75  001A              ;# 75 "F:\2_Source\NW1951_NW2018_20SOP 上海佳点 BBU 控制器-V00\CODE\source\function.c" 1
  75  001A  0002        	halt
  75  001B              _L16:
  75  001B  0003        	ret
  75  001C              _bbu_poweroff endp
  75  001C              #line 75 "F:\2_Source\NW1951_NW2018_20SOP 上海佳点 BBU 控制器-V00\CODE\source\function.c"
  75  001C              #pragma debug scope 1 1
  75  001C              public _bbu_charge
  75  001C              #pragma debug scope 5 1
  87  001C              #line 87 "F:\2_Source\NW1951_NW2018_20SOP 上海佳点 BBU 控制器-V00\CODE\source\function.c"
  87  0000              _bbu_charge .section 'code'
  87  0000              _bbu_charge proc
  88  0000              #line 88 "F:\2_Source\NW1951_NW2018_20SOP 上海佳点 BBU 控制器-V00\CODE\source\function.c"
  88  0000  3800     E  	snz _flag0[0].0
  88  0001  2800     R  	jmp _L22
  89  0002              #line 89 "F:\2_Source\NW1951_NW2018_20SOP 上海佳点 BBU 控制器-V00\CODE\source\function.c"
  89  0002  3400     E  	clr _flag0[0].0
  90  0003              #line 90 "F:\2_Source\NW1951_NW2018_20SOP 上海佳点 BBU 控制器-V00\CODE\source\function.c"
  90  0003  35A7        	clr [39].3
  91  0004              #line 91 "F:\2_Source\NW1951_NW2018_20SOP 上海佳点 BBU 控制器-V00\CODE\source\function.c"
  91  0004  3400     E  	clr _flag1[0].5
  92  0005              #line 92 "F:\2_Source\NW1951_NW2018_20SOP 上海佳点 BBU 控制器-V00\CODE\source\function.c"
  92  0005  3400     E  	clr _flag2[0].2
  94  0006              #line 94 "F:\2_Source\NW1951_NW2018_20SOP 上海佳点 BBU 控制器-V00\CODE\source\function.c"
  94  0006  3400     E  	clr _flag1[0].6
文件：function.c   编译器版本 HGASM 0202 页次7

  95  0007              #line 95 "F:\2_Source\NW1951_NW2018_20SOP 上海佳点 BBU 控制器-V00\CODE\source\function.c"
  95  0007  3400     E  	clr _flag1[0].7
  96  0008              #line 96 "F:\2_Source\NW1951_NW2018_20SOP 上海佳点 BBU 控制器-V00\CODE\source\function.c"
  96  0008  3400     E  	clr _flag3[0].0
  97  0009              #line 97 "F:\2_Source\NW1951_NW2018_20SOP 上海佳点 BBU 控制器-V00\CODE\source\function.c"
  97  0009  3400     E  	clr _flag3[0].1
  98  000A              #line 98 "F:\2_Source\NW1951_NW2018_20SOP 上海佳点 BBU 控制器-V00\CODE\source\function.c"
  98  000A  1F00     E  	clr _R_lowI2off_cnt[0]
  99  000B              #line 99 "F:\2_Source\NW1951_NW2018_20SOP 上海佳点 BBU 控制器-V00\CODE\source\function.c"
  99  000B  1F00     E  	clr _R_intlowv2off_cnt[0]
  99  000C  1F00     E  	clr _R_intlowv2off_cnt[1]
 100  000D              #line 100 "F:\2_Source\NW1951_NW2018_20SOP 上海佳点 BBU 控制器-V00\CODE\source\function.c"
 100  000D  1F00     E  	clr _R_change_cnt[0]
 101  000E              #line 101 "F:\2_Source\NW1951_NW2018_20SOP 上海佳点 BBU 控制器-V00\CODE\source\function.c"
 101  000E  0FD0        	mov a,-48
 101  000F  0080     E  	mov _R_intsettime[0],a
 101  0010  0F02        	mov a,2
 101  0011  0080     E  	mov _R_intsettime[1],a
 102  0012              #line 102 "F:\2_Source\NW1951_NW2018_20SOP 上海佳点 BBU 控制器-V00\CODE\source\function.c"
 102  0012  1F00     E  	clr _R_inttime1min[0]
 102  0013  1F00     E  	clr _R_inttime1min[1]
 103  0014              #line 103 "F:\2_Source\NW1951_NW2018_20SOP 上海佳点 BBU 控制器-V00\CODE\source\function.c"
 103  0014  3000     E  	set _flag3[0].5
 104  0015              #line 104 "F:\2_Source\NW1951_NW2018_20SOP 上海佳点 BBU 控制器-V00\CODE\source\function.c"
 104  0015  3400     E  	clr _flag3[0].6
 105  0016              #line 105 "F:\2_Source\NW1951_NW2018_20SOP 上海佳点 BBU 控制器-V00\CODE\source\function.c"
 105  0016  1F00     E  	clr _R_batlvl_cnt1[0]
 106  0017              #line 106 "F:\2_Source\NW1951_NW2018_20SOP 上海佳点 BBU 控制器-V00\CODE\source\function.c"
 106  0017  1F00     E  	clr _R_batlvl_cnt2[0]
 107  0018              #line 107 "F:\2_Source\NW1951_NW2018_20SOP 上海佳点 BBU 控制器-V00\CODE\source\function.c"
 107  0018  1F00     E  	clr _R_batlvl_cnt3[0]
 108  0019              #line 108 "F:\2_Source\NW1951_NW2018_20SOP 上海佳点 BBU 控制器-V00\CODE\source\function.c"
 108  0019  1F00     E  	clr _R_batchg_cnt[0]
 108  001A  2800     R  	jmp _L21
 108  001B              _L22:
 135  001B              #line 135 "F:\2_Source\NW1951_NW2018_20SOP 上海佳点 BBU 控制器-V00\CODE\source\function.c"
 135  001B  3D45        	sz [69].2
 135  001C  2800     R  	jmp _L24
 136  001D              #line 136 "F:\2_Source\NW1951_NW2018_20SOP 上海佳点 BBU 控制器-V00\CODE\source\function.c"
 136  001D  1400     E  	inca _R_charging_cnt[0]
 136  001E  0080     E  	mov ra,a
 137  001F              #line 137 "F:\2_Source\NW1951_NW2018_20SOP 上海佳点 BBU 控制器-V00\CODE\source\function.c"
 137  001F  0F09        	mov a,9
 137  0020  0200     E  	sub a,ra
 137  0021  380A        	snz c
 137  0022  2800     R  	jmp _L25
 136  0023              #line 136 "F:\2_Source\NW1951_NW2018_20SOP 上海佳点 BBU 控制器-V00\CODE\source\function.c"
 136  0023  0700     E  	mov a,ra
 136  0024  0080     E  	mov _R_charging_cnt[0],a
 136  0025  2800     R  	jmp _L26
 136  0026              _L25:
 138  0026              #line 138 "F:\2_Source\NW1951_NW2018_20SOP 上海佳点 BBU 控制器-V00\CODE\source\function.c"
 138  0026  1F00     E  	clr _R_charging_cnt[0]
 139  0027              #line 139 "F:\2_Source\NW1951_NW2018_20SOP 上海佳点 BBU 控制器-V00\CODE\source\function.c"
 139  0027  3000     E  	set _flag1[0].6
 139  0028  2800     R  	jmp _L26
 139  0029              _L24:
 142  0029              #line 142 "F:\2_Source\NW1951_NW2018_20SOP 上海佳点 BBU 控制器-V00\CODE\source\function.c"
 142  0029  1F00     E  	clr _R_charging_cnt[0]
 143  002A              #line 143 "F:\2_Source\NW1951_NW2018_20SOP 上海佳点 BBU 控制器-V00\CODE\source\function.c"
文件：function.c   编译器版本 HGASM 0202 页次8

 143  002A  3400     E  	clr _flag1[0].6
 143  002B              _L26:
 147  002B              #line 147 "F:\2_Source\NW1951_NW2018_20SOP 上海佳点 BBU 控制器-V00\CODE\source\function.c"
 147  002B  3DC5        	sz [69].3
 147  002C  2800     R  	jmp _L27
 148  002D              #line 148 "F:\2_Source\NW1951_NW2018_20SOP 上海佳点 BBU 控制器-V00\CODE\source\function.c"
 148  002D  1400     E  	inca _R_full_cnt[0]
 148  002E  0080     E  	mov ra,a
 149  002F              #line 149 "F:\2_Source\NW1951_NW2018_20SOP 上海佳点 BBU 控制器-V00\CODE\source\function.c"
 149  002F  0F09        	mov a,9
 149  0030  0200     E  	sub a,ra
 149  0031  380A        	snz c
 149  0032  2800     R  	jmp _L28
 148  0033              #line 148 "F:\2_Source\NW1951_NW2018_20SOP 上海佳点 BBU 控制器-V00\CODE\source\function.c"
 148  0033  0700     E  	mov a,ra
 148  0034  0080     E  	mov _R_full_cnt[0],a
 148  0035  2800     R  	jmp _L29
 148  0036              _L28:
 150  0036              #line 150 "F:\2_Source\NW1951_NW2018_20SOP 上海佳点 BBU 控制器-V00\CODE\source\function.c"
 150  0036  1F00     E  	clr _R_full_cnt[0]
 151  0037              #line 151 "F:\2_Source\NW1951_NW2018_20SOP 上海佳点 BBU 控制器-V00\CODE\source\function.c"
 151  0037  3000     E  	set _flag1[0].7
 151  0038  2800     R  	jmp _L29
 151  0039              _L27:
 154  0039              #line 154 "F:\2_Source\NW1951_NW2018_20SOP 上海佳点 BBU 控制器-V00\CODE\source\function.c"
 154  0039  1F00     E  	clr _R_full_cnt[0]
 155  003A              #line 155 "F:\2_Source\NW1951_NW2018_20SOP 上海佳点 BBU 控制器-V00\CODE\source\function.c"
 155  003A  3400     E  	clr _flag1[0].7
 155  003B              _L29:
 159  003B              #line 159 "F:\2_Source\NW1951_NW2018_20SOP 上海佳点 BBU 控制器-V00\CODE\source\function.c"
 159  003B  2000     E  	call _GetBattery_Level
 160  003C              #line 160 "F:\2_Source\NW1951_NW2018_20SOP 上海佳点 BBU 控制器-V00\CODE\source\function.c"
 160  003C  3800     E  	snz _flag3[0].7
 160  003D  2800     R  	jmp _L21
 161  003E              #line 161 "F:\2_Source\NW1951_NW2018_20SOP 上海佳点 BBU 控制器-V00\CODE\source\function.c"
 161  003E  3400     E  	clr _flag3[0].7
 162  003F              #line 162 "F:\2_Source\NW1951_NW2018_20SOP 上海佳点 BBU 控制器-V00\CODE\source\function.c"
 162  003F  39A7        	snz [39].3
 162  0040  2800     R  	jmp _L31
 164  0041              #line 164 "F:\2_Source\NW1951_NW2018_20SOP 上海佳点 BBU 控制器-V00\CODE\source\function.c"
 164  0041  0F32        	mov a,50
 164  0042  0200     E  	sub a,_R_intADC_Vbat[0]
 164  0043  0F0C        	mov a,12
 164  0044  1200     E  	sbc a,_R_intADC_Vbat[1]
 164  0045  3C0A        	sz c
 164  0046  2800     R  	jmp _L32
 164  0047  2800     R  	jmp _L59
 164  0048              _L31:
 177  0048              #line 177 "F:\2_Source\NW1951_NW2018_20SOP 上海佳点 BBU 控制器-V00\CODE\source\function.c"
 177  0048  0F96        	mov a,150
 177  0049  0200     E  	sub a,_R_intADC_Vbat[0]
 177  004A  0F0C        	mov a,12
 177  004B  1200     E  	sbc a,_R_intADC_Vbat[1]
 177  004C  380A        	snz c
 177  004D  2800     R  	jmp _L59
 177  004E              _L32:
 173  004E              #line 173 "F:\2_Source\NW1951_NW2018_20SOP 上海佳点 BBU 控制器-V00\CODE\source\function.c"
 173  004E  1F00     E  	clr _R_change_cnt[0]
 173  004F  2800     R  	jmp _L34
 173  0050              _L59:
文件：function.c   编译器版本 HGASM 0202 页次9

 178  0050              #line 178 "F:\2_Source\NW1951_NW2018_20SOP 上海佳点 BBU 控制器-V00\CODE\source\function.c"
 178  0050  1400     E  	inca _R_change_cnt[0]
 178  0051  0080     E  	mov ra,a
 178  0052  0700     E  	mov a,ra
 178  0053  0080     E  	mov _R_change_cnt[0],a
 179  0054              #line 179 "F:\2_Source\NW1951_NW2018_20SOP 上海佳点 BBU 控制器-V00\CODE\source\function.c"
 179  0054  0F63        	mov a,99
 179  0055  0200     E  	sub a,ra
 179  0056  3C0A        	sz c
 179  0057  2800     R  	jmp _L34
 180  0058              #line 180 "F:\2_Source\NW1951_NW2018_20SOP 上海佳点 BBU 控制器-V00\CODE\source\function.c"
 180  0058  3400     E  	clr _flag2[0].5
 181  0059              #line 181 "F:\2_Source\NW1951_NW2018_20SOP 上海佳点 BBU 控制器-V00\CODE\source\function.c"
 181  0059  1F00     E  	clr _R_change_cnt[0]
 182  005A              #line 182 "F:\2_Source\NW1951_NW2018_20SOP 上海佳点 BBU 控制器-V00\CODE\source\function.c"
 182  005A  3227        	set [39].4
 183  005B              #line 183 "F:\2_Source\NW1951_NW2018_20SOP 上海佳点 BBU 控制器-V00\CODE\source\function.c"
 183  005B  3394        	set [20].7
 183  005C              _L34:
 190  005C              #line 190 "F:\2_Source\NW1951_NW2018_20SOP 上海佳点 BBU 控制器-V00\CODE\source\function.c"
 190  005C  3A27        	snz [39].4
 190  005D  2800     R  	jmp _L36
 191  005E              #line 191 "F:\2_Source\NW1951_NW2018_20SOP 上海佳点 BBU 控制器-V00\CODE\source\function.c"
 191  005E  0FB6        	mov a,182
 191  005F  0200     E  	sub a,_R_intADC_Vbat[0]
 191  0060  0F0B        	mov a,11
 191  0061  1200     E  	sbc a,_R_intADC_Vbat[1]
 191  0062  380A        	snz c
 191  0063  2800     R  	jmp _L37
 191  0064  2800     R  	jmp _L61
 191  0065              _L36:
 202  0065              #line 202 "F:\2_Source\NW1951_NW2018_20SOP 上海佳点 BBU 控制器-V00\CODE\source\function.c"
 202  0065  0F19        	mov a,25
 202  0066  0200     E  	sub a,_R_intADC_Vbat[0]
 202  0067  0F0C        	mov a,12
 202  0068  1200     E  	sbc a,_R_intADC_Vbat[1]
 202  0069  3C0A        	sz c
 202  006A  2800     R  	jmp _L61
 202  006B              _L37:
 200  006B              #line 200 "F:\2_Source\NW1951_NW2018_20SOP 上海佳点 BBU 控制器-V00\CODE\source\function.c"
 200  006B  1F00     E  	clr _R_batchg_cnt[0]
 200  006C  2800     R  	jmp _L39
 200  006D              _L61:
 203  006D              #line 203 "F:\2_Source\NW1951_NW2018_20SOP 上海佳点 BBU 控制器-V00\CODE\source\function.c"
 203  006D  1400     E  	inca _R_batchg_cnt[0]
 203  006E  0080     E  	mov ra,a
 203  006F  0700     E  	mov a,ra
 203  0070  0080     E  	mov _R_batchg_cnt[0],a
 204  0071              #line 204 "F:\2_Source\NW1951_NW2018_20SOP 上海佳点 BBU 控制器-V00\CODE\source\function.c"
 204  0071  0F63        	mov a,99
 204  0072  0200     E  	sub a,ra
 204  0073  3C0A        	sz c
 204  0074  2800     R  	jmp _L39
 205  0075              #line 205 "F:\2_Source\NW1951_NW2018_20SOP 上海佳点 BBU 控制器-V00\CODE\source\function.c"
 205  0075  1F00     E  	clr _R_batchg_cnt[0]
 206  0076              #line 206 "F:\2_Source\NW1951_NW2018_20SOP 上海佳点 BBU 控制器-V00\CODE\source\function.c"
 206  0076  3627        	clr [39].4
 207  0077              #line 207 "F:\2_Source\NW1951_NW2018_20SOP 上海佳点 BBU 控制器-V00\CODE\source\function.c"
 207  0077  3794        	clr [20].7
 208  0078              #line 208 "F:\2_Source\NW1951_NW2018_20SOP 上海佳点 BBU 控制器-V00\CODE\source\function.c"
文件：function.c   编译器版本 HGASM 0202 页次10

 208  0078  35A7        	clr [39].3
 208  0079              _L39:
 215  0079              #line 215 "F:\2_Source\NW1951_NW2018_20SOP 上海佳点 BBU 控制器-V00\CODE\source\function.c"
 215  0079  0700     E  	mov a,_R_intADC_Vbat[0]
 215  007A  0080     E  	mov rb,a
 215  007B  0700     E  	mov a,_R_intADC_Vbat[1]
 215  007C  0080     E  	mov rc,a
 215  007D  0FA3        	mov a,163
 215  007E  0200     E  	sub a,rb
 215  007F  0F0E        	mov a,14
 215  0080  1200     E  	sbc a,rc
 215  0081  3C0A        	sz c
 215  0082  2800     R  	jmp _L41
 216  0083              #line 216 "F:\2_Source\NW1951_NW2018_20SOP 上海佳点 BBU 控制器-V00\CODE\source\function.c"
 216  0083  0F01        	mov a,1
 216  0084  0300     E  	add a,_R_intlowv2off_cnt[0]
 216  0085  0080     E  	mov rd,a
 216  0086  0F00        	mov a,0
 216  0087  1300     E  	adc a,_R_intlowv2off_cnt[1]
 216  0088  0080     E  	mov re,a
 217  0089              #line 217 "F:\2_Source\NW1951_NW2018_20SOP 上海佳点 BBU 控制器-V00\CODE\source\function.c"
 217  0089  0F63        	mov a,99
 217  008A  0200     E  	sub a,rd
 217  008B  0F00        	mov a,0
 217  008C  1200     E  	sbc a,re
 217  008D  380A        	snz c
 217  008E  2800     R  	jmp _L42
 216  008F              #line 216 "F:\2_Source\NW1951_NW2018_20SOP 上海佳点 BBU 控制器-V00\CODE\source\function.c"
 216  008F  0700     E  	mov a,rd
 216  0090  0080     E  	mov _R_intlowv2off_cnt[0],a
 216  0091  0700     E  	mov a,re
 216  0092  0080     E  	mov _R_intlowv2off_cnt[1],a
 216  0093  2800     R  	jmp _L43
 216  0094              _L42:
 218  0094              #line 218 "F:\2_Source\NW1951_NW2018_20SOP 上海佳点 BBU 控制器-V00\CODE\source\function.c"
 218  0094  1F00     E  	clr _R_intlowv2off_cnt[0]
 218  0095  1F00     E  	clr _R_intlowv2off_cnt[1]
 219  0096              #line 219 "F:\2_Source\NW1951_NW2018_20SOP 上海佳点 BBU 控制器-V00\CODE\source\function.c"
 219  0096  31A7        	set [39].3
 219  0097  2800     R  	jmp _L43
 219  0098              _L41:
 222  0098              #line 222 "F:\2_Source\NW1951_NW2018_20SOP 上海佳点 BBU 控制器-V00\CODE\source\function.c"
 222  0098  1F00     E  	clr _R_intlowv2off_cnt[0]
 222  0099  1F00     E  	clr _R_intlowv2off_cnt[1]
 222  009A              _L43:
 225  009A              #line 225 "F:\2_Source\NW1951_NW2018_20SOP 上海佳点 BBU 控制器-V00\CODE\source\function.c"
 225  009A  3800     E  	snz _flag1[0].6
 225  009B  2800     R  	jmp _L45
 228  009C              #line 228 "F:\2_Source\NW1951_NW2018_20SOP 上海佳点 BBU 控制器-V00\CODE\source\function.c"
 228  009C  1400     E  	inca _R_batlvl_cnt[0]
 228  009D  0080     E  	mov ra,a
 228  009E  0700     E  	mov a,ra
 228  009F  0080     E  	mov _R_batlvl_cnt[0],a
 229  00A0              #line 229 "F:\2_Source\NW1951_NW2018_20SOP 上海佳点 BBU 控制器-V00\CODE\source\function.c"
 229  00A0  0F45        	mov a,69
 229  00A1  0200     E  	sub a,rb
 229  00A2  0F0D        	mov a,13
 229  00A3  1200     E  	sbc a,rc
 229  00A4  3C0A        	sz c
 229  00A5  2800     R  	jmp _L46
文件：function.c   编译器版本 HGASM 0202 页次11

 230  00A6              #line 230 "F:\2_Source\NW1951_NW2018_20SOP 上海佳点 BBU 控制器-V00\CODE\source\function.c"
 230  00A6  1480     E  	inc _R_batlvl_cnt1[0]
 230  00A7  2800     R  	jmp _L47
 230  00A8              _L46:
 231  00A8              #line 231 "F:\2_Source\NW1951_NW2018_20SOP 上海佳点 BBU 控制器-V00\CODE\source\function.c"
 231  00A8  0FAF        	mov a,175
 231  00A9  0200     E  	sub a,rb
 231  00AA  0F0C        	mov a,12
 231  00AB  1200     E  	sbc a,rc
 231  00AC  3C0A        	sz c
 231  00AD  2800     R  	jmp _L48
 232  00AE              #line 232 "F:\2_Source\NW1951_NW2018_20SOP 上海佳点 BBU 控制器-V00\CODE\source\function.c"
 232  00AE  1480     E  	inc _R_batlvl_cnt2[0]
 232  00AF  2800     R  	jmp _L47
 232  00B0              _L48:
 233  00B0              #line 233 "F:\2_Source\NW1951_NW2018_20SOP 上海佳点 BBU 控制器-V00\CODE\source\function.c"
 233  00B0  0F38        	mov a,56
 233  00B1  0200     E  	sub a,rb
 233  00B2  0F0B        	mov a,11
 233  00B3  1200     E  	sbc a,rc
 233  00B4  380A        	snz c
 233  00B5  2800     R  	jmp _L47
 234  00B6              #line 234 "F:\2_Source\NW1951_NW2018_20SOP 上海佳点 BBU 控制器-V00\CODE\source\function.c"
 234  00B6  1480     E  	inc _R_batlvl_cnt3[0]
 234  00B7              _L47:
 236  00B7              #line 236 "F:\2_Source\NW1951_NW2018_20SOP 上海佳点 BBU 控制器-V00\CODE\source\function.c"
 236  00B7  0F63        	mov a,99
 236  00B8  0200     E  	sub a,ra
 236  00B9  3C0A        	sz c
 236  00BA  2800     R  	jmp _L45
 237  00BB              #line 237 "F:\2_Source\NW1951_NW2018_20SOP 上海佳点 BBU 控制器-V00\CODE\source\function.c"
 237  00BB  1F00     E  	clr _R_batlvl_cnt[0]
 239  00BC              #line 239 "F:\2_Source\NW1951_NW2018_20SOP 上海佳点 BBU 控制器-V00\CODE\source\function.c"
 239  00BC  0FD0        	mov a,-48
 239  00BD  0080     E  	mov _R_intsettime[0],a
 239  00BE  0F02        	mov a,2
 239  00BF  0080     E  	mov _R_intsettime[1],a
 241  00C0              #line 241 "F:\2_Source\NW1951_NW2018_20SOP 上海佳点 BBU 控制器-V00\CODE\source\function.c"
 241  00C0  0700     E  	mov a,_R_batlvl_cnt2[0]
 241  00C1  0080     E  	mov ra,a
 241  00C2  0700     E  	mov a,ra
 241  00C3  0200     E  	sub a,_R_batlvl_cnt3[0]
 241  00C4  380A        	snz c
 241  00C5  2800     R  	jmp _L50
 242  00C6              #line 242 "F:\2_Source\NW1951_NW2018_20SOP 上海佳点 BBU 控制器-V00\CODE\source\function.c"
 242  00C6  0FF0        	mov a,-16
 242  00C7  0080     E  	mov _R_intsettime[0],a
 242  00C8  1F00     E  	clr _R_intsettime[1]
 243  00C9              #line 243 "F:\2_Source\NW1951_NW2018_20SOP 上海佳点 BBU 控制器-V00\CODE\source\function.c"
 243  00C9  0700     E  	mov a,ra
 243  00CA  0080     E  	mov _R_batlvl_cnt3[0],a
 243  00CB              _L50:
 245  00CB              #line 245 "F:\2_Source\NW1951_NW2018_20SOP 上海佳点 BBU 控制器-V00\CODE\source\function.c"
 245  00CB  0700     E  	mov a,_R_batlvl_cnt1[0]
 245  00CC  0200     E  	sub a,_R_batlvl_cnt3[0]
 245  00CD  380A        	snz c
 245  00CE  2800     R  	jmp _L51
 246  00CF              #line 246 "F:\2_Source\NW1951_NW2018_20SOP 上海佳点 BBU 控制器-V00\CODE\source\function.c"
 246  00CF  0F78        	mov a,120
 246  00D0  0080     E  	mov _R_intsettime[0],a
文件：function.c   编译器版本 HGASM 0202 页次12

 246  00D1  1F00     E  	clr _R_intsettime[1]
 246  00D2              _L51:
 249  00D2              #line 249 "F:\2_Source\NW1951_NW2018_20SOP 上海佳点 BBU 控制器-V00\CODE\source\function.c"
 249  00D2  1F00     E  	clr _R_batlvl_cnt1[0]
 250  00D3              #line 250 "F:\2_Source\NW1951_NW2018_20SOP 上海佳点 BBU 控制器-V00\CODE\source\function.c"
 250  00D3  1F00     E  	clr _R_batlvl_cnt2[0]
 251  00D4              #line 251 "F:\2_Source\NW1951_NW2018_20SOP 上海佳点 BBU 控制器-V00\CODE\source\function.c"
 251  00D4  1F00     E  	clr _R_batlvl_cnt3[0]
 251  00D5              _L45:
 258  00D5              #line 258 "F:\2_Source\NW1951_NW2018_20SOP 上海佳点 BBU 控制器-V00\CODE\source\function.c"
 258  00D5  3800     E  	snz _flag3[0].6
 258  00D6  2800     R  	jmp _L21
 259  00D7              #line 259 "F:\2_Source\NW1951_NW2018_20SOP 上海佳点 BBU 控制器-V00\CODE\source\function.c"
 259  00D7  31A7        	set [39].3
 260  00D8              #line 260 "F:\2_Source\NW1951_NW2018_20SOP 上海佳点 BBU 控制器-V00\CODE\source\function.c"
 260  00D8  0F19        	mov a,25
 260  00D9  0200     E  	sub a,rb
 260  00DA  0F0C        	mov a,12
 260  00DB  1200     E  	sbc a,rc
 260  00DC  380A        	snz c
 260  00DD  2800     R  	jmp _L21
 261  00DE              #line 261 "F:\2_Source\NW1951_NW2018_20SOP 上海佳点 BBU 控制器-V00\CODE\source\function.c"
 261  00DE  3400     E  	clr _flag3[0].6
 262  00DF              #line 262 "F:\2_Source\NW1951_NW2018_20SOP 上海佳点 BBU 控制器-V00\CODE\source\function.c"
 262  00DF  3000     E  	set _flag0[0].0
 262  00E0              _L21:
 262  00E0  0003        	ret
 262  00E1              _bbu_charge endp
 262  00E1              #line 262 "F:\2_Source\NW1951_NW2018_20SOP 上海佳点 BBU 控制器-V00\CODE\source\function.c"
 262  00E1              #pragma debug scope 1 1
 262  00E1              ___opac1 equ [123]
 262  00E1              public _bbu_discharge
 262  00E1              #pragma debug scope 6 1
 276  00E1              #line 276 "F:\2_Source\NW1951_NW2018_20SOP 上海佳点 BBU 控制器-V00\CODE\source\function.c"
 276  0000              _bbu_discharge .section 'code'
 276  0000              _bbu_discharge proc
 277  0000              #line 277 "F:\2_Source\NW1951_NW2018_20SOP 上海佳点 BBU 控制器-V00\CODE\source\function.c"
 277  0000  3800     E  	snz _flag0[0].1
 277  0001  2800     R  	jmp _L63
 278  0002              #line 278 "F:\2_Source\NW1951_NW2018_20SOP 上海佳点 BBU 控制器-V00\CODE\source\function.c"
 278  0002  3400     E  	clr _flag0[0].1
 280  0003              #line 280 "F:\2_Source\NW1951_NW2018_20SOP 上海佳点 BBU 控制器-V00\CODE\source\function.c"
 280  0003  0FA4        	mov a,164
 280  0004  00FA        	mov [122],a
 281  0005              #line 281 "F:\2_Source\NW1951_NW2018_20SOP 上海佳点 BBU 控制器-V00\CODE\source\function.c"
 281  0005  37FB        	clr [123].7
 282  0006              #line 282 "F:\2_Source\NW1951_NW2018_20SOP 上海佳点 BBU 控制器-V00\CODE\source\function.c"
 282  0006  377B        	clr [123].6
 284  0007              #line 284 "F:\2_Source\NW1951_NW2018_20SOP 上海佳点 BBU 控制器-V00\CODE\source\function.c"
 284  0007  30E4        	set [100].1
 285  0008              #line 285 "F:\2_Source\NW1951_NW2018_20SOP 上海佳点 BBU 控制器-V00\CODE\source\function.c"
 285  0008  3064        	set [100].0
 289  0009              #line 289 "F:\2_Source\NW1951_NW2018_20SOP 上海佳点 BBU 控制器-V00\CODE\source\function.c"
 289  0009  3400     E  	clr _flag0[0].3
 290  000A              #line 290 "F:\2_Source\NW1951_NW2018_20SOP 上海佳点 BBU 控制器-V00\CODE\source\function.c"
 290  000A  3400     E  	clr _flag0[0].4
 291  000B              #line 291 "F:\2_Source\NW1951_NW2018_20SOP 上海佳点 BBU 控制器-V00\CODE\source\function.c"
 291  000B  3400     E  	clr _flag0[0].5
 292  000C              #line 292 "F:\2_Source\NW1951_NW2018_20SOP 上海佳点 BBU 控制器-V00\CODE\source\function.c"
 292  000C  1F00     E  	clr _R_intlowv2off_cnt[0]
文件：function.c   编译器版本 HGASM 0202 页次13

 292  000D  1F00     E  	clr _R_intlowv2off_cnt[1]
 293  000E              #line 293 "F:\2_Source\NW1951_NW2018_20SOP 上海佳点 BBU 控制器-V00\CODE\source\function.c"
 293  000E  1F00     E  	clr _R_lowI2off_cnt[0]
 294  000F              #line 294 "F:\2_Source\NW1951_NW2018_20SOP 上海佳点 BBU 控制器-V00\CODE\source\function.c"
 294  000F  1F00     E  	clr _R_change_cnt[0]
 295  0010              #line 295 "F:\2_Source\NW1951_NW2018_20SOP 上海佳点 BBU 控制器-V00\CODE\source\function.c"
 295  0010  1F00     E  	clr _R_batlvl_cnt[0]
 296  0011              #line 296 "F:\2_Source\NW1951_NW2018_20SOP 上海佳点 BBU 控制器-V00\CODE\source\function.c"
 296  0011  1F00     E  	clr _R_batlvl_cnt1[0]
 298  0012              #line 298 "F:\2_Source\NW1951_NW2018_20SOP 上海佳点 BBU 控制器-V00\CODE\source\function.c"
 298  0012  3400     E  	clr _flag1[0].6
 299  0013              #line 299 "F:\2_Source\NW1951_NW2018_20SOP 上海佳点 BBU 控制器-V00\CODE\source\function.c"
 299  0013  3400     E  	clr _flag1[0].7
 300  0014              #line 300 "F:\2_Source\NW1951_NW2018_20SOP 上海佳点 BBU 控制器-V00\CODE\source\function.c"
 300  0014  3400     E  	clr _flag3[0].0
 301  0015              #line 301 "F:\2_Source\NW1951_NW2018_20SOP 上海佳点 BBU 控制器-V00\CODE\source\function.c"
 301  0015  3000     E  	set _flag3[0].1
 302  0016              #line 302 "F:\2_Source\NW1951_NW2018_20SOP 上海佳点 BBU 控制器-V00\CODE\source\function.c"
 302  0016  3400     E  	clr _flag3[0].5
 302  0017  2800     R  	jmp _L62
 302  0018              _L63:
 304  0018              #line 304 "F:\2_Source\NW1951_NW2018_20SOP 上海佳点 BBU 控制器-V00\CODE\source\function.c"
 304  0018  2000     E  	call _GetBattery_Level
 305  0019              #line 305 "F:\2_Source\NW1951_NW2018_20SOP 上海佳点 BBU 控制器-V00\CODE\source\function.c"
 305  0019  3800     E  	snz _flag3[0].7
 305  001A  2800     R  	jmp _L62
 306  001B              #line 306 "F:\2_Source\NW1951_NW2018_20SOP 上海佳点 BBU 控制器-V00\CODE\source\function.c"
 306  001B  3400     E  	clr _flag3[0].7
 309  001C              #line 309 "F:\2_Source\NW1951_NW2018_20SOP 上海佳点 BBU 控制器-V00\CODE\source\function.c"
 309  001C  0F39        	mov a,57
 309  001D  0200     E  	sub a,_R_intADC_Vbat[0]
 309  001E  0F0B        	mov a,11
 309  001F  1200     E  	sbc a,_R_intADC_Vbat[1]
 309  0020  380A        	snz c
 309  0021  2800     R  	jmp _L66
 310  0022              #line 310 "F:\2_Source\NW1951_NW2018_20SOP 上海佳点 BBU 控制器-V00\CODE\source\function.c"
 310  0022  1400     E  	inca _R_change_cnt[0]
 310  0023  0080     E  	mov ra,a
 311  0024              #line 311 "F:\2_Source\NW1951_NW2018_20SOP 上海佳点 BBU 控制器-V00\CODE\source\function.c"
 311  0024  0F3E        	mov a,62
 311  0025  0200     E  	sub a,ra
 311  0026  380A        	snz c
 311  0027  2800     R  	jmp _L67
 310  0028              #line 310 "F:\2_Source\NW1951_NW2018_20SOP 上海佳点 BBU 控制器-V00\CODE\source\function.c"
 310  0028  0700     E  	mov a,ra
 310  0029  0080     E  	mov _R_change_cnt[0],a
 310  002A  2800     R  	jmp _L68
 310  002B              _L67:
 312  002B              #line 312 "F:\2_Source\NW1951_NW2018_20SOP 上海佳点 BBU 控制器-V00\CODE\source\function.c"
 312  002B  1F00     E  	clr _R_change_cnt[0]
 313  002C              #line 313 "F:\2_Source\NW1951_NW2018_20SOP 上海佳点 BBU 控制器-V00\CODE\source\function.c"
 313  002C  3000     E  	set _flag3[0].0
 314  002D              #line 314 "F:\2_Source\NW1951_NW2018_20SOP 上海佳点 BBU 控制器-V00\CODE\source\function.c"
 314  002D  3400     E  	clr _flag3[0].1
 314  002E  2800     R  	jmp _L68
 314  002F              _L66:
 317  002F              #line 317 "F:\2_Source\NW1951_NW2018_20SOP 上海佳点 BBU 控制器-V00\CODE\source\function.c"
 317  002F  1F00     E  	clr _R_change_cnt[0]
 318  0030              #line 318 "F:\2_Source\NW1951_NW2018_20SOP 上海佳点 BBU 控制器-V00\CODE\source\function.c"
 318  0030  3400     E  	clr _flag3[0].0
文件：function.c   编译器版本 HGASM 0202 页次14

 319  0031              #line 319 "F:\2_Source\NW1951_NW2018_20SOP 上海佳点 BBU 控制器-V00\CODE\source\function.c"
 319  0031  3000     E  	set _flag3[0].1
 319  0032              _L68:
 323  0032              #line 323 "F:\2_Source\NW1951_NW2018_20SOP 上海佳点 BBU 控制器-V00\CODE\source\function.c"
 323  0032  0700     E  	mov a,_R_intADC_mot_i[0]
 323  0033  0080     E  	mov rb,a
 323  0034  0700     E  	mov a,_R_intADC_mot_i[1]
 323  0035  0080     E  	mov rc,a
 323  0036  0F98        	mov a,152
 323  0037  0200     E  	sub a,rb
 323  0038  0F01        	mov a,1
 323  0039  1200     E  	sbc a,rc
 323  003A  380A        	snz c
 323  003B  2800     R  	jmp _L69
 324  003C              #line 324 "F:\2_Source\NW1951_NW2018_20SOP 上海佳点 BBU 控制器-V00\CODE\source\function.c"
 324  003C  1400     E  	inca _R_batlvl_cnt1[0]
 324  003D  0080     E  	mov ra,a
 325  003E              #line 325 "F:\2_Source\NW1951_NW2018_20SOP 上海佳点 BBU 控制器-V00\CODE\source\function.c"
 325  003E  0F46        	mov a,70
 325  003F  0200     E  	sub a,ra
 325  0040  380A        	snz c
 325  0041  2800     R  	jmp _L70
 324  0042              #line 324 "F:\2_Source\NW1951_NW2018_20SOP 上海佳点 BBU 控制器-V00\CODE\source\function.c"
 324  0042  0700     E  	mov a,ra
 324  0043  0080     E  	mov _R_batlvl_cnt1[0],a
 324  0044  2800     R  	jmp _L71
 324  0045              _L70:
 326  0045              #line 326 "F:\2_Source\NW1951_NW2018_20SOP 上海佳点 BBU 控制器-V00\CODE\source\function.c"
 326  0045  1F00     E  	clr _R_batlvl_cnt1[0]
 327  0046              #line 327 "F:\2_Source\NW1951_NW2018_20SOP 上海佳点 BBU 控制器-V00\CODE\source\function.c"
 327  0046  3400     E  	clr _flag0[0].5
 327  0047  2800     R  	jmp _L71
 327  0048              _L69:
 330  0048              #line 330 "F:\2_Source\NW1951_NW2018_20SOP 上海佳点 BBU 控制器-V00\CODE\source\function.c"
 330  0048  1F00     E  	clr _R_batlvl_cnt1[0]
 331  0049              #line 331 "F:\2_Source\NW1951_NW2018_20SOP 上海佳点 BBU 控制器-V00\CODE\source\function.c"
 331  0049  3000     E  	set _flag0[0].5
 331  004A  2800     R  	jmp _L72
 331  004B              _L71:
 334  004B              #line 334 "F:\2_Source\NW1951_NW2018_20SOP 上海佳点 BBU 控制器-V00\CODE\source\function.c"
 334  004B  0F84        	mov a,132
 334  004C  0200     E  	sub a,rb
 334  004D  0F01        	mov a,1
 334  004E  1200     E  	sbc a,rc
 334  004F  380A        	snz c
 334  0050  2800     R  	jmp _L72
 335  0051              #line 335 "F:\2_Source\NW1951_NW2018_20SOP 上海佳点 BBU 控制器-V00\CODE\source\function.c"
 335  0051  1400     E  	inca _R_lowI2off_cnt[0]
 335  0052  0080     E  	mov ra,a
 336  0053              #line 336 "F:\2_Source\NW1951_NW2018_20SOP 上海佳点 BBU 控制器-V00\CODE\source\function.c"
 336  0053  0F46        	mov a,70
 336  0054  0200     E  	sub a,ra
 336  0055  380A        	snz c
 336  0056  2800     R  	jmp _L73
 335  0057              #line 335 "F:\2_Source\NW1951_NW2018_20SOP 上海佳点 BBU 控制器-V00\CODE\source\function.c"
 335  0057  0700     E  	mov a,ra
 335  0058  0080     E  	mov _R_lowI2off_cnt[0],a
 335  0059  2800     R  	jmp _L74
 335  005A              _L73:
 337  005A              #line 337 "F:\2_Source\NW1951_NW2018_20SOP 上海佳点 BBU 控制器-V00\CODE\source\function.c"
文件：function.c   编译器版本 HGASM 0202 页次15

 337  005A  1F00     E  	clr _R_lowI2off_cnt[0]
 338  005B              #line 338 "F:\2_Source\NW1951_NW2018_20SOP 上海佳点 BBU 控制器-V00\CODE\source\function.c"
 338  005B  3000     E  	set _flag0[0].4
 338  005C  2800     R  	jmp _L74
 338  005D              _L72:
 341  005D              #line 341 "F:\2_Source\NW1951_NW2018_20SOP 上海佳点 BBU 控制器-V00\CODE\source\function.c"
 341  005D  1F00     E  	clr _R_lowI2off_cnt[0]
 342  005E              #line 342 "F:\2_Source\NW1951_NW2018_20SOP 上海佳点 BBU 控制器-V00\CODE\source\function.c"
 342  005E  3400     E  	clr _flag0[0].4
 342  005F              _L74:
 347  005F              #line 347 "F:\2_Source\NW1951_NW2018_20SOP 上海佳点 BBU 控制器-V00\CODE\source\function.c"
 347  005F  3800     E  	snz _flag0[0].5
 347  0060  2800     R  	jmp _L75
 348  0061              #line 348 "F:\2_Source\NW1951_NW2018_20SOP 上海佳点 BBU 控制器-V00\CODE\source\function.c"
 348  0061  1F00     E  	clr _R_intlowv2off_cnt[0]
 348  0062  1F00     E  	clr _R_intlowv2off_cnt[1]
 350  0063              #line 350 "F:\2_Source\NW1951_NW2018_20SOP 上海佳点 BBU 控制器-V00\CODE\source\function.c"
 350  0063  0F44        	mov a,68
 350  0064  0200     E  	sub a,_R_intADC_Vbat[0]
 350  0065  0F09        	mov a,9
 350  0066  1200     E  	sbc a,_R_intADC_Vbat[1]
 350  0067  380A        	snz c
 350  0068  2800     R  	jmp _L76
 351  0069              #line 351 "F:\2_Source\NW1951_NW2018_20SOP 上海佳点 BBU 控制器-V00\CODE\source\function.c"
 351  0069  1400     E  	inca _R_batlvl_cnt[0]
 351  006A  0080     E  	mov ra,a
 351  006B  0700     E  	mov a,ra
 351  006C  0080     E  	mov _R_batlvl_cnt[0],a
 352  006D              #line 352 "F:\2_Source\NW1951_NW2018_20SOP 上海佳点 BBU 控制器-V00\CODE\source\function.c"
 352  006D  0F5D        	mov a,93
 352  006E  0200     E  	sub a,ra
 352  006F  3C0A        	sz c
 352  0070  2800     R  	jmp _L78
 353  0071              #line 353 "F:\2_Source\NW1951_NW2018_20SOP 上海佳点 BBU 控制器-V00\CODE\source\function.c"
 353  0071  1F00     E  	clr _R_batlvl_cnt[0]
 353  0072  2800     R  	jmp _L91
 353  0073              _L76:
 357  0073              #line 357 "F:\2_Source\NW1951_NW2018_20SOP 上海佳点 BBU 控制器-V00\CODE\source\function.c"
 357  0073  3400     E  	clr _flag0[0].3
 358  0074              #line 358 "F:\2_Source\NW1951_NW2018_20SOP 上海佳点 BBU 控制器-V00\CODE\source\function.c"
 358  0074  1F00     E  	clr _R_batlvl_cnt[0]
 358  0075  2800     R  	jmp _L78
 358  0076              _L75:
 361  0076              #line 361 "F:\2_Source\NW1951_NW2018_20SOP 上海佳点 BBU 控制器-V00\CODE\source\function.c"
 361  0076  1F00     E  	clr _R_batlvl_cnt[0]
 363  0077              #line 363 "F:\2_Source\NW1951_NW2018_20SOP 上海佳点 BBU 控制器-V00\CODE\source\function.c"
 363  0077  3800     E  	snz _flag2[0].5
 363  0078  2800     R  	jmp _L79
 366  0079              #line 366 "F:\2_Source\NW1951_NW2018_20SOP 上海佳点 BBU 控制器-V00\CODE\source\function.c"
 366  0079  0F32        	mov a,50
 366  007A  0200     E  	sub a,_R_intADC_Vbat[0]
 366  007B  0F0C        	mov a,12
 366  007C  1200     E  	sbc a,_R_intADC_Vbat[1]
 366  007D  380A        	snz c
 366  007E  2800     R  	jmp _L82
 366  007F              _L94:
 367  007F              #line 367 "F:\2_Source\NW1951_NW2018_20SOP 上海佳点 BBU 控制器-V00\CODE\source\function.c"
 367  007F  0F01        	mov a,1
 367  0080  0300     E  	add a,_R_intlowv2off_cnt[0]
 367  0081  0080     E  	mov rb,a
文件：function.c   编译器版本 HGASM 0202 页次16

 367  0082  0F00        	mov a,0
 367  0083  1300     E  	adc a,_R_intlowv2off_cnt[1]
 367  0084  0080     E  	mov rc,a
 367  0085  0700     E  	mov a,rb
 367  0086  0080     E  	mov _R_intlowv2off_cnt[0],a
 367  0087  0700     E  	mov a,rc
 367  0088  0080     E  	mov _R_intlowv2off_cnt[1],a
 368  0089              #line 368 "F:\2_Source\NW1951_NW2018_20SOP 上海佳点 BBU 控制器-V00\CODE\source\function.c"
 368  0089  0F52        	mov a,82
 368  008A  0200     E  	sub a,rb
 368  008B  0F07        	mov a,7
 368  008C  1200     E  	sbc a,rc
 368  008D  3C0A        	sz c
 368  008E  2800     R  	jmp _L78
 369  008F              #line 369 "F:\2_Source\NW1951_NW2018_20SOP 上海佳点 BBU 控制器-V00\CODE\source\function.c"
 369  008F  1F00     E  	clr _R_intlowv2off_cnt[0]
 369  0090  1F00     E  	clr _R_intlowv2off_cnt[1]
 369  0091              _L91:
 370  0091              #line 370 "F:\2_Source\NW1951_NW2018_20SOP 上海佳点 BBU 控制器-V00\CODE\source\function.c"
 370  0091  3000     E  	set _flag0[0].3
 370  0092  2800     R  	jmp _L78
 370  0093              _L79:
 380  0093              #line 380 "F:\2_Source\NW1951_NW2018_20SOP 上海佳点 BBU 控制器-V00\CODE\source\function.c"
 380  0093  0FBB        	mov a,187
 380  0094  0200     E  	sub a,_R_intADC_Vbat[0]
 380  0095  0F0A        	mov a,10
 380  0096  1200     E  	sbc a,_R_intADC_Vbat[1]
 380  0097  3C0A        	sz c
 380  0098  2800     R  	jmp _L94
 380  0099              _L82:
 387  0099              #line 387 "F:\2_Source\NW1951_NW2018_20SOP 上海佳点 BBU 控制器-V00\CODE\source\function.c"
 387  0099  1F00     E  	clr _R_intlowv2off_cnt[0]
 387  009A  1F00     E  	clr _R_intlowv2off_cnt[1]
 388  009B              #line 388 "F:\2_Source\NW1951_NW2018_20SOP 上海佳点 BBU 控制器-V00\CODE\source\function.c"
 388  009B  3400     E  	clr _flag0[0].3
 388  009C              _L78:
 394  009C              #line 394 "F:\2_Source\NW1951_NW2018_20SOP 上海佳点 BBU 控制器-V00\CODE\source\function.c"
 394  009C  1F00     E  	clr ra
 394  009D  3C00     E  	sz _flag0[0].3
 394  009E  1480     E  	inc ra
 394  009F  1F00     E  	clr rb
 394  00A0  3C00     E  	sz _flag0[0].4
 394  00A1  1480     E  	inc rb
 394  00A2  0700     E  	mov a,rb
 394  00A3  0680     E  	andm a,ra
 394  00A4  1E00     E  	snz ra
 394  00A5  2800     R  	jmp _L83
 395  00A6              #line 395 "F:\2_Source\NW1951_NW2018_20SOP 上海佳点 BBU 控制器-V00\CODE\source\function.c"
 395  00A6  0F01        	mov a,1
 395  00A7  0080     E  	mov _R_workmode[0],a
 395  00A8              _L83:
 399  00A8              #line 399 "F:\2_Source\NW1951_NW2018_20SOP 上海佳点 BBU 控制器-V00\CODE\source\function.c"
 399  00A8  1F00     E  	clr ra
 399  00A9  3C00     E  	sz _flag0[0].3
 399  00AA  1480     E  	inc ra
 399  00AB  1F00     E  	clr rb
 399  00AC  3C00     E  	sz _flag0[0].5
 399  00AD  1480     E  	inc rb
 399  00AE  0700     E  	mov a,rb
 399  00AF  0680     E  	andm a,ra
文件：function.c   编译器版本 HGASM 0202 页次17

 399  00B0  1E00     E  	snz ra
 399  00B1  2800     R  	jmp _L62
 400  00B2              #line 400 "F:\2_Source\NW1951_NW2018_20SOP 上海佳点 BBU 控制器-V00\CODE\source\function.c"
 400  00B2  0F04        	mov a,4
 400  00B3  0080     E  	mov _R_workmode[0],a
 401  00B4              #line 401 "F:\2_Source\NW1951_NW2018_20SOP 上海佳点 BBU 控制器-V00\CODE\source\function.c"
 401  00B4  3400     E  	clr _flag0[0].2
 401  00B5              _L62:
 401  00B5  0003        	ret
 401  00B6              _bbu_discharge endp
 401  00B6              #line 401 "F:\2_Source\NW1951_NW2018_20SOP 上海佳点 BBU 控制器-V00\CODE\source\function.c"
 401  00B6              #pragma debug scope 1 1
 401  00B6              public _bbu_safety
 401  00B6              #pragma debug scope 7 1
 415  00B6              #line 415 "F:\2_Source\NW1951_NW2018_20SOP 上海佳点 BBU 控制器-V00\CODE\source\function.c"
 415  0000              _bbu_safety .section 'code'
 415  0000              _bbu_safety proc
 416  0000              #line 416 "F:\2_Source\NW1951_NW2018_20SOP 上海佳点 BBU 控制器-V00\CODE\source\function.c"
 416  0000  3800     E  	snz _flag0[0].2
 416  0001  2800     R  	jmp _L96
 417  0002              #line 417 "F:\2_Source\NW1951_NW2018_20SOP 上海佳点 BBU 控制器-V00\CODE\source\function.c"
 417  0002  3400     E  	clr _flag0[0].2
 420  0003              #line 420 "F:\2_Source\NW1951_NW2018_20SOP 上海佳点 BBU 控制器-V00\CODE\source\function.c"
 420  0003  0FA4        	mov a,164
 420  0004  00FA        	mov [122],a
 421  0005              #line 421 "F:\2_Source\NW1951_NW2018_20SOP 上海佳点 BBU 控制器-V00\CODE\source\function.c"
 421  0005  37FB        	clr [123].7
 422  0006              #line 422 "F:\2_Source\NW1951_NW2018_20SOP 上海佳点 BBU 控制器-V00\CODE\source\function.c"
 422  0006  377B        	clr [123].6
 424  0007              #line 424 "F:\2_Source\NW1951_NW2018_20SOP 上海佳点 BBU 控制器-V00\CODE\source\function.c"
 424  0007  30E4        	set [100].1
 425  0008              #line 425 "F:\2_Source\NW1951_NW2018_20SOP 上海佳点 BBU 控制器-V00\CODE\source\function.c"
 425  0008  3064        	set [100].0
 427  0009              #line 427 "F:\2_Source\NW1951_NW2018_20SOP 上海佳点 BBU 控制器-V00\CODE\source\function.c"
 427  0009  3400     E  	clr _flag0[0].3
 428  000A              #line 428 "F:\2_Source\NW1951_NW2018_20SOP 上海佳点 BBU 控制器-V00\CODE\source\function.c"
 428  000A  3400     E  	clr _flag0[0].7
 429  000B              #line 429 "F:\2_Source\NW1951_NW2018_20SOP 上海佳点 BBU 控制器-V00\CODE\source\function.c"
 429  000B  3400     E  	clr _flag0[0].6
 430  000C              #line 430 "F:\2_Source\NW1951_NW2018_20SOP 上海佳点 BBU 控制器-V00\CODE\source\function.c"
 430  000C  1F00     E  	clr _R_intlowv2off_cnt[0]
 430  000D  1F00     E  	clr _R_intlowv2off_cnt[1]
 432  000E              #line 432 "F:\2_Source\NW1951_NW2018_20SOP 上海佳点 BBU 控制器-V00\CODE\source\function.c"
 432  000E  3400     E  	clr _flag1[0].6
 433  000F              #line 433 "F:\2_Source\NW1951_NW2018_20SOP 上海佳点 BBU 控制器-V00\CODE\source\function.c"
 433  000F  3400     E  	clr _flag1[0].7
 435  0010              #line 435 "F:\2_Source\NW1951_NW2018_20SOP 上海佳点 BBU 控制器-V00\CODE\source\function.c"
 435  0010  3800     E  	snz _flag2[0].3
 435  0011  2800     R  	jmp _L97
 436  0012              #line 436 "F:\2_Source\NW1951_NW2018_20SOP 上海佳点 BBU 控制器-V00\CODE\source\function.c"
 436  0012  0F30        	mov a,48
 436  0013  0080     E  	mov _R_time10s[0],a
 436  0014  2800     R  	jmp _L98
 436  0015              _L97:
 438  0015              #line 438 "F:\2_Source\NW1951_NW2018_20SOP 上海佳点 BBU 控制器-V00\CODE\source\function.c"
 438  0015  1F00     E  	clr _R_time10s[0]
 438  0016              _L98:
 440  0016              #line 440 "F:\2_Source\NW1951_NW2018_20SOP 上海佳点 BBU 控制器-V00\CODE\source\function.c"
 440  0016  3400     E  	clr _flag3[0].5
 440  0017  2800     R  	jmp _L95
文件：function.c   编译器版本 HGASM 0202 页次18

 440  0018              _L96:
 444  0018              #line 444 "F:\2_Source\NW1951_NW2018_20SOP 上海佳点 BBU 控制器-V00\CODE\source\function.c"
 444  0018  2000     E  	call _GetBattery_Level
 445  0019              #line 445 "F:\2_Source\NW1951_NW2018_20SOP 上海佳点 BBU 控制器-V00\CODE\source\function.c"
 445  0019  3800     E  	snz _flag3[0].7
 445  001A  2800     R  	jmp _L95
 446  001B              #line 446 "F:\2_Source\NW1951_NW2018_20SOP 上海佳点 BBU 控制器-V00\CODE\source\function.c"
 446  001B  3400     E  	clr _flag3[0].7
 458  001C              #line 458 "F:\2_Source\NW1951_NW2018_20SOP 上海佳点 BBU 控制器-V00\CODE\source\function.c"
 458  001C  0F99        	mov a,153
 458  001D  0200     E  	sub a,_R_intADC_mot_i[0]
 458  001E  0F01        	mov a,1
 458  001F  1200     E  	sbc a,_R_intADC_mot_i[1]
 458  0020  3C0A        	sz c
 458  0021  2800     R  	jmp _L101
 459  0022              #line 459 "F:\2_Source\NW1951_NW2018_20SOP 上海佳点 BBU 控制器-V00\CODE\source\function.c"
 459  0022  3400     E  	clr _flag0[0].7
 460  0023              #line 460 "F:\2_Source\NW1951_NW2018_20SOP 上海佳点 BBU 控制器-V00\CODE\source\function.c"
 460  0023  3400     E  	clr _flag0[0].6
 461  0024              #line 461 "F:\2_Source\NW1951_NW2018_20SOP 上海佳点 BBU 控制器-V00\CODE\source\function.c"
 461  0024  1F00     E  	clr _R_time10s[0]
 461  0025  2800     R  	jmp _L102
 461  0026              _L101:
 463  0026              #line 463 "F:\2_Source\NW1951_NW2018_20SOP 上海佳点 BBU 控制器-V00\CODE\source\function.c"
 463  0026  3000     E  	set _flag0[0].7
 463  0027              _L102:
 466  0027              #line 466 "F:\2_Source\NW1951_NW2018_20SOP 上海佳点 BBU 控制器-V00\CODE\source\function.c"
 466  0027  3800     E  	snz _flag0[0].6
 466  0028  2800     R  	jmp _L95
 467  0029              #line 467 "F:\2_Source\NW1951_NW2018_20SOP 上海佳点 BBU 控制器-V00\CODE\source\function.c"
 467  0029  0F01        	mov a,1
 467  002A  0080     E  	mov _R_workmode[0],a
 467  002B              _L95:
 467  002B  0003        	ret
 467  002C              _bbu_safety endp
 467  002C              #line 467 "F:\2_Source\NW1951_NW2018_20SOP 上海佳点 BBU 控制器-V00\CODE\source\function.c"
 467  002C              #pragma debug scope 1 1
 467  002C              public _led_display
 467  002C              #pragma debug scope 8 1
 480  002C              #line 480 "F:\2_Source\NW1951_NW2018_20SOP 上海佳点 BBU 控制器-V00\CODE\source\function.c"
 480  0000              _led_display .section 'code'
 480  0000              _led_display proc
 481  0000              #line 481 "F:\2_Source\NW1951_NW2018_20SOP 上海佳点 BBU 控制器-V00\CODE\source\function.c"
 481  0000  1700     E  	sdza _R_workmode[0]
 481  0001  2800     R  	jmp _LI2
 481  0002  2800     R  	jmp _L114
 481  0003              _LI2:
 485  0003              #line 485 "F:\2_Source\NW1951_NW2018_20SOP 上海佳点 BBU 控制器-V00\CODE\source\function.c"
 485  0003  3800     E  	snz _flag3[0].3
 485  0004  2800     R  	jmp _L110
 486  0005              #line 486 "F:\2_Source\NW1951_NW2018_20SOP 上海佳点 BBU 控制器-V00\CODE\source\function.c"
 486  0005  3800     E  	snz _flagtime[0].2
 486  0006  2800     R  	jmp _L107
 487  0007              #line 487 "F:\2_Source\NW1951_NW2018_20SOP 上海佳点 BBU 控制器-V00\CODE\source\function.c"
 487  0007  3400     E  	clr _flagtime[0].2
 488  0008              #line 488 "F:\2_Source\NW1951_NW2018_20SOP 上海佳点 BBU 控制器-V00\CODE\source\function.c"
 488  0008  0714        	mov a,[20]
 488  0009  0E01        	and a,1
 488  000A  0080     E  	mov ra,a
 488  000B  0F01        	mov a,1
文件：function.c   编译器版本 HGASM 0202 页次19

 488  000C  0480     E  	xorm a,ra
 488  000D  3414        	clr [20].0
 488  000E  0700     E  	mov a,ra
 488  000F  0594        	orm a,[20]
 489  0010              #line 489 "F:\2_Source\NW1951_NW2018_20SOP 上海佳点 BBU 控制器-V00\CODE\source\function.c"
 489  0010  0714        	mov a,[20]
 489  0011  0E01        	and a,1
 489  0012  0080     E  	mov ra,a
 489  0013  1100     E  	swapa ra
 489  0014  0EF0        	and a,0f0h 
 489  0015  0080     E  	mov ra,a
 489  0016  2800     R  	jmp _L125
 489  0017              _L110:
 491  0017              #line 491 "F:\2_Source\NW1951_NW2018_20SOP 上海佳点 BBU 控制器-V00\CODE\source\function.c"
 491  0017  3800     E  	snz _flag1[0].7
 491  0018  2800     R  	jmp _L111
 494  0019              #line 494 "F:\2_Source\NW1951_NW2018_20SOP 上海佳点 BBU 控制器-V00\CODE\source\function.c"
 494  0019  3414        	clr [20].0
 495  001A              #line 495 "F:\2_Source\NW1951_NW2018_20SOP 上海佳点 BBU 控制器-V00\CODE\source\function.c"
 495  001A  3214        	set [20].4
 496  001B              #line 496 "F:\2_Source\NW1951_NW2018_20SOP 上海佳点 BBU 控制器-V00\CODE\source\function.c"
 496  001B  3400     E  	clr _flag1[0].6
 496  001C  2800     R  	jmp _L107
 496  001D              _L111:
 497  001D              #line 497 "F:\2_Source\NW1951_NW2018_20SOP 上海佳点 BBU 控制器-V00\CODE\source\function.c"
 497  001D  3800     E  	snz _flag1[0].6
 497  001E  2800     R  	jmp _L112
 498  001F              #line 498 "F:\2_Source\NW1951_NW2018_20SOP 上海佳点 BBU 控制器-V00\CODE\source\function.c"
 498  001F  3800     E  	snz _flag3[0].2
 498  0020  2800     R  	jmp _L107
 499  0021              #line 499 "F:\2_Source\NW1951_NW2018_20SOP 上海佳点 BBU 控制器-V00\CODE\source\function.c"
 499  0021  3400     E  	clr _flag3[0].2
 501  0022              #line 501 "F:\2_Source\NW1951_NW2018_20SOP 上海佳点 BBU 控制器-V00\CODE\source\function.c"
 501  0022  3414        	clr [20].0
 502  0023              #line 502 "F:\2_Source\NW1951_NW2018_20SOP 上海佳点 BBU 控制器-V00\CODE\source\function.c"
 502  0023  1F00     E  	clr ra
 502  0024  3A14        	snz [20].4
 502  0025  3000     E  	set ra.4
 502  0026              _L125:
 502  0026  3614        	clr [20].4
 502  0027  0700     E  	mov a,ra
 502  0028  0594        	orm a,[20]
 502  0029  2800     R  	jmp _L107
 502  002A              _L112:
 504  002A              #line 504 "F:\2_Source\NW1951_NW2018_20SOP 上海佳点 BBU 控制器-V00\CODE\source\function.c"
 504  002A  3800     E  	snz _flag3[0].0
 504  002B  2800     R  	jmp _L113
 505  002C              #line 505 "F:\2_Source\NW1951_NW2018_20SOP 上海佳点 BBU 控制器-V00\CODE\source\function.c"
 505  002C  3800     E  	snz _flag3[0].2
 505  002D  2800     R  	jmp _L107
 506  002E              #line 506 "F:\2_Source\NW1951_NW2018_20SOP 上海佳点 BBU 控制器-V00\CODE\source\function.c"
 506  002E  3400     E  	clr _flag3[0].2
 508  002F              #line 508 "F:\2_Source\NW1951_NW2018_20SOP 上海佳点 BBU 控制器-V00\CODE\source\function.c"
 508  002F  0714        	mov a,[20]
 508  0030  0E01        	and a,1
 508  0031  0080     E  	mov ra,a
 508  0032  0F01        	mov a,1
 508  0033  0480     E  	xorm a,ra
 508  0034  3414        	clr [20].0
 508  0035  0700     E  	mov a,ra
文件：function.c   编译器版本 HGASM 0202 页次20

 508  0036  0594        	orm a,[20]
 508  0037  2800     R  	jmp _L124
 508  0038              _L113:
 511  0038              #line 511 "F:\2_Source\NW1951_NW2018_20SOP 上海佳点 BBU 控制器-V00\CODE\source\function.c"
 511  0038  3800     E  	snz _flag3[0].1
 511  0039  2800     R  	jmp _L114
 513  003A              #line 513 "F:\2_Source\NW1951_NW2018_20SOP 上海佳点 BBU 控制器-V00\CODE\source\function.c"
 513  003A  3014        	set [20].0
 513  003B  2800     R  	jmp _L124
 513  003C              _L114:
 516  003C              #line 516 "F:\2_Source\NW1951_NW2018_20SOP 上海佳点 BBU 控制器-V00\CODE\source\function.c"
 516  003C  3414        	clr [20].0
 516  003D              _L124:
 517  003D              #line 517 "F:\2_Source\NW1951_NW2018_20SOP 上海佳点 BBU 控制器-V00\CODE\source\function.c"
 517  003D  3614        	clr [20].4
 517  003E              _L107:
 517  003E  0003        	ret
 517  003F              _led_display endp
 517  003F              #line 517 "F:\2_Source\NW1951_NW2018_20SOP 上海佳点 BBU 控制器-V00\CODE\source\function.c"
 517  003F              #pragma debug scope 1 1
 517  003F              public _dtob
 517  003F              #pragma debug scope 9 1
 595  003F              #line 595 "F:\2_Source\NW1951_NW2018_20SOP 上海佳点 BBU 控制器-V00\CODE\source\function.c"
 595  0000              _dtob .section 'code'
 595  0000              _dtob proc
 595  0000              public _dtob_2
 595  0000  0005[           local _dtob_2 db 5 dup(?)	; 3,2
            00
            ]
 595  0005              #pragma debug variable 28 9 _dtob_2+0 "data"
 595  0005              #pragma debug variable 8 9 _dtob_2+4 "i"
 595  0005              #pragma debug variable 8 9 _dtob_2+3 "binary_data"
 596  0005              #line 596 "F:\2_Source\NW1951_NW2018_20SOP 上海佳点 BBU 控制器-V00\CODE\source\function.c"
 596  0000  1F00     R  	clr _dtob_2[4]
 597  0001              #line 597 "F:\2_Source\NW1951_NW2018_20SOP 上海佳点 BBU 控制器-V00\CODE\source\function.c"
 597  0001  1F00     R  	clr _dtob_2[3]
 597  0002              _L127:
 598  0002              #line 598 "F:\2_Source\NW1951_NW2018_20SOP 上海佳点 BBU 控制器-V00\CODE\source\function.c"
 598  0002  0700     R  	mov a,_dtob_2[2]
 598  0003  0080     E  	mov _builtin_holtek_mant1[2],a
 598  0004  0700     R  	mov a,_dtob_2[1]
 598  0005  0080     E  	mov _builtin_holtek_mant1[1],a
 598  0006  0700     R  	mov a,_dtob_2[0]
 598  0007  0080     E  	mov _builtin_holtek_mant1[0],a
 598  0008  0F3F        	mov a,63
 598  0009  0080     E  	mov _builtin_holtek_mant2[2],a
 598  000A  0F80        	mov a,128
 598  000B  0080     E  	mov _builtin_holtek_mant2[1],a
 598  000C  0F00        	mov a,0
 598  000D  0080     E  	mov _builtin_holtek_mant2[0],a
 598  000E  2000     E  	call _builtin_holtek_ftsub
 598  000F  3800     E  	snz _builtin_holtek_mant1[2].7
 598  0010  2800     R  	jmp _L128
 604  0011              #line 604 "F:\2_Source\NW1951_NW2018_20SOP 上海佳点 BBU 控制器-V00\CODE\source\function.c"
 604  0011  0F01        	mov a,1
 604  0012  0080     E  	mov rb,a
 604  0013  1F00     E  	clr rc
 604  0014  2800     R  	jmp _L131
 604  0015              _L128:
 598  0015              #line 598 "F:\2_Source\NW1951_NW2018_20SOP 上海佳点 BBU 控制器-V00\CODE\source\function.c"
文件：function.c   编译器版本 HGASM 0202 页次21

 598  0015  0700     R  	mov a,_dtob_2[0]
 598  0016  0080     E  	mov re,a
 598  0017  0700     R  	mov a,_dtob_2[1]
 598  0018  0080     E  	mov rf,a
 598  0019  0700     R  	mov a,_dtob_2[2]
 598  001A  0080     E  	mov rg,a
 598  001B  1F00     E  	clr rd
 598  001C  0700     E  	mov a,rg
 598  001D  0080     E  	mov _builtin_holtek_mant12p[0],a
 598  001E  0700     E  	mov a,rf
 598  001F  0080     E  	mov _builtin_holtek_mant1[2],a
 598  0020  0700     E  	mov a,re
 598  0021  0080     E  	mov _builtin_holtek_mant1[1],a
 598  0022  0700     E  	mov a,rd
 598  0023  0080     E  	mov _builtin_holtek_mant1[0],a
 598  0024  0F3F        	mov a,63
 598  0025  0080     E  	mov _builtin_holtek_mant12p[1],a
 598  0026  0F80        	mov a,128
 598  0027  0080     E  	mov _builtin_holtek_mant2[2],a
 598  0028  0F00        	mov a,0
 598  0029  0080     E  	mov _builtin_holtek_mant2[1],a
 598  002A  0F00        	mov a,0
 598  002B  0080     E  	mov _builtin_holtek_mant2[0],a
 598  002C  2000     E  	call _builtin_holtek_dtsub
 598  002D  0700     E  	mov a,_builtin_holtek_mant12p[0]
 598  002E  0080     E  	mov rg,a
 598  002F  0700     E  	mov a,_builtin_holtek_mant1[2]
 598  0030  0080     E  	mov rf,a
 598  0031  0700     E  	mov a,_builtin_holtek_mant1[1]
 598  0032  0080     E  	mov re,a
 598  0033  0700     E  	mov a,_builtin_holtek_mant1[0]
 598  0034  0080     E  	mov rd,a
 598  0035  0700     E  	mov a,rg
 598  0036  0080     R  	mov _dtob_2[2],a
 598  0037  0700     E  	mov a,rf
 598  0038  0080     R  	mov _dtob_2[1],a
 598  0039  0700     E  	mov a,re
 598  003A  0080     R  	mov _dtob_2[0],a
 598  003B  2800     R  	jmp _L127
 598  003C              _L132:
 600  003C              #line 600 "F:\2_Source\NW1951_NW2018_20SOP 上海佳点 BBU 控制器-V00\CODE\source\function.c"
 600  003C  1480     R  	inc _dtob_2[4]
 601  003D              #line 601 "F:\2_Source\NW1951_NW2018_20SOP 上海佳点 BBU 控制器-V00\CODE\source\function.c"
 601  003D  0700     R  	mov a,_dtob_2[0]
 601  003E  0080     E  	mov rf,a
 601  003F  0700     R  	mov a,_dtob_2[1]
 601  0040  0080     E  	mov rg,a
 601  0041  0700     R  	mov a,_dtob_2[2]
 601  0042  0080     E  	mov rh,a
 601  0043  0700     E  	mov a,rh
 601  0044  0080     E  	mov _builtin_holtek_mant1[2],a
 601  0045  0700     E  	mov a,rg
 601  0046  0080     E  	mov _builtin_holtek_mant1[1],a
 601  0047  0700     E  	mov a,rf
 601  0048  0080     E  	mov _builtin_holtek_mant1[0],a
 601  0049  0700     E  	mov a,rh
 601  004A  0080     E  	mov _builtin_holtek_mant2[2],a
 601  004B  0700     E  	mov a,rg
 601  004C  0080     E  	mov _builtin_holtek_mant2[1],a
 601  004D  0700     E  	mov a,rf
文件：function.c   编译器版本 HGASM 0202 页次22

 601  004E  0080     E  	mov _builtin_holtek_mant2[0],a
 601  004F  2000     E  	call _builtin_holtek_ftadd
 601  0050  0700     E  	mov a,_builtin_holtek_mant1[2]
 601  0051  0080     R  	mov _dtob_2[2],a
 601  0052  0700     E  	mov a,_builtin_holtek_mant1[1]
 601  0053  0080     R  	mov _dtob_2[1],a
 601  0054  0700     E  	mov a,_builtin_holtek_mant1[0]
 601  0055  0080     R  	mov _dtob_2[0],a
 602  0056              #line 602 "F:\2_Source\NW1951_NW2018_20SOP 上海佳点 BBU 控制器-V00\CODE\source\function.c"
 602  0056  0700     R  	mov a,_dtob_2[2]
 602  0057  0080     E  	mov _builtin_holtek_mant1[2],a
 602  0058  0700     R  	mov a,_dtob_2[1]
 602  0059  0080     E  	mov _builtin_holtek_mant1[1],a
 602  005A  0700     R  	mov a,_dtob_2[0]
 602  005B  0080     E  	mov _builtin_holtek_mant1[0],a
 602  005C  0F3F        	mov a,63
 602  005D  0080     E  	mov _builtin_holtek_mant2[2],a
 602  005E  0F80        	mov a,128
 602  005F  0080     E  	mov _builtin_holtek_mant2[1],a
 602  0060  0F00        	mov a,0
 602  0061  0080     E  	mov _builtin_holtek_mant2[0],a
 602  0062  2000     E  	call _builtin_holtek_ftsub
 602  0063  3800     E  	snz _builtin_holtek_mant1[2].7
 602  0064  2800     R  	jmp _L130
 602  0065              _L131:
 599  0065              #line 599 "F:\2_Source\NW1951_NW2018_20SOP 上海佳点 BBU 控制器-V00\CODE\source\function.c"
 599  0065  0F07        	mov a,7
 599  0066  0200     R  	sub a,_dtob_2[4]
 599  0067  3C0A        	sz c
 599  0068  2800     R  	jmp _L132
 599  0069  2800     R  	jmp _L133
 599  006A              _L130:
 603  006A              #line 603 "F:\2_Source\NW1951_NW2018_20SOP 上海佳点 BBU 控制器-V00\CODE\source\function.c"
 603  006A  0700     R  	mov a,_dtob_2[0]
 603  006B  0080     E  	mov re,a
 603  006C  0700     R  	mov a,_dtob_2[1]
 603  006D  0080     E  	mov rf,a
 603  006E  0700     R  	mov a,_dtob_2[2]
 603  006F  0080     E  	mov rg,a
 603  0070  1F00     E  	clr rd
 603  0071  0700     E  	mov a,rg
 603  0072  0080     E  	mov _builtin_holtek_mant12p[0],a
 603  0073  0700     E  	mov a,rf
 603  0074  0080     E  	mov _builtin_holtek_mant1[2],a
 603  0075  0700     E  	mov a,re
 603  0076  0080     E  	mov _builtin_holtek_mant1[1],a
 603  0077  0700     E  	mov a,rd
 603  0078  0080     E  	mov _builtin_holtek_mant1[0],a
 603  0079  0F3F        	mov a,63
 603  007A  0080     E  	mov _builtin_holtek_mant12p[1],a
 603  007B  0F80        	mov a,128
 603  007C  0080     E  	mov _builtin_holtek_mant2[2],a
 603  007D  0F00        	mov a,0
 603  007E  0080     E  	mov _builtin_holtek_mant2[1],a
 603  007F  0F00        	mov a,0
 603  0080  0080     E  	mov _builtin_holtek_mant2[0],a
 603  0081  2000     E  	call _builtin_holtek_dtsub
 603  0082  0700     E  	mov a,_builtin_holtek_mant12p[0]
 603  0083  0080     E  	mov rg,a
 603  0084  0700     E  	mov a,_builtin_holtek_mant1[2]
文件：function.c   编译器版本 HGASM 0202 页次23

 603  0085  0080     E  	mov rf,a
 603  0086  0700     E  	mov a,_builtin_holtek_mant1[1]
 603  0087  0080     E  	mov re,a
 603  0088  0700     E  	mov a,_builtin_holtek_mant1[0]
 603  0089  0080     E  	mov rd,a
 603  008A  0700     E  	mov a,rg
 603  008B  0080     R  	mov _dtob_2[2],a
 603  008C  0700     E  	mov a,rf
 603  008D  0080     R  	mov _dtob_2[1],a
 603  008E  0700     E  	mov a,re
 603  008F  0080     R  	mov _dtob_2[0],a
 604  0090              #line 604 "F:\2_Source\NW1951_NW2018_20SOP 上海佳点 BBU 控制器-V00\CODE\source\function.c"
 604  0090  0700     R  	mov a,_dtob_2[4]
 604  0091  0080     E  	mov rd,a
 604  0092  1F00     E  	clr re
 604  0093  0F08        	mov a,8
 604  0094  0280     E  	subm a,rd
 604  0095  0F00        	mov a,0
 604  0096  1280     E  	sbcm a,re
 604  0097  0700     E  	mov a,rb
 604  0098  0080     E  	mov rf,a
 604  0099  0700     E  	mov a,rc
 604  009A  0080     E  	mov rg,a
 604  009B  1400     E  	inca rd
 604  009C  2800     R  	jmp _LI3
 604  009D              _LI4:
 604  009D  340A        	clr c
 604  009E  1A80     E  	rlc rf
 604  009F  1A80     E  	rlc rg
 604  00A0              _LI3:
 604  00A0  1785        	sdz acc
 604  00A1  2800     R  	jmp _LI4
 604  00A2  0700     E  	mov a,rf
 604  00A3  0580     R  	orm a,_dtob_2[3]
 604  00A4  2800     R  	jmp _L131
 604  00A5              _L133:
 607  00A5              #line 607 "F:\2_Source\NW1951_NW2018_20SOP 上海佳点 BBU 控制器-V00\CODE\source\function.c"
 607  00A5  0700     R  	mov a,_dtob_2[3]
 607  00A6  0080     E  	mov ra,a
 608  00A7              #line 608 "F:\2_Source\NW1951_NW2018_20SOP 上海佳点 BBU 控制器-V00\CODE\source\function.c"
 608  00A7  0700     E  	mov a,ra
 608  00A8  0003        	ret
 608  00A9              _dtob endp
 608  00A9              #line 608 "F:\2_Source\NW1951_NW2018_20SOP 上海佳点 BBU 控制器-V00\CODE\source\function.c"
 608  00A9              #pragma debug scope 1 1
 608  00A9              public _get_calibration_factor
 608  00A9              #pragma debug scope 10 1
 551  00A9              #line 551 "F:\2_Source\NW1951_NW2018_20SOP 上海佳点 BBU 控制器-V00\CODE\source\function.c"
 551  0000              _get_calibration_factor .section 'code'
 551  0000              _get_calibration_factor proc
 551  0000  0003[           local _get_calibration_factor_2 db 3 dup(?)	; 0,3
            00
            ]
 551  0003              #pragma debug variable 28 10 _get_calibration_factor_2+0 "temp"
 552  0003              #line 552 "F:\2_Source\NW1951_NW2018_20SOP 上海佳点 BBU 控制器-V00\CODE\source\function.c"
 552  0000  1F00     R  	clr _get_calibration_factor_2[0]
 552  0001  1F00     R  	clr _get_calibration_factor_2[1]
 552  0002  1F00     R  	clr _get_calibration_factor_2[2]
 553  0003              #line 553 "F:\2_Source\NW1951_NW2018_20SOP 上海佳点 BBU 控制器-V00\CODE\source\function.c"
 553  0003  1700     E  	sdza _R_workmode[0]
文件：function.c   编译器版本 HGASM 0202 页次24

 553  0004  2800     R  	jmp _LI5
 553  0005  2800     R  	jmp _L134
 553  0006              _LI5:
 554  0006              #line 554 "F:\2_Source\NW1951_NW2018_20SOP 上海佳点 BBU 控制器-V00\CODE\source\function.c"
 554  0006  3D14        	sz [20].2
 554  0007  2800     R  	jmp _L137
 555  0008              #line 555 "F:\2_Source\NW1951_NW2018_20SOP 上海佳点 BBU 控制器-V00\CODE\source\function.c"
 555  0008  1400     E  	inca _R_calibration_cnt[0]
 555  0009  0080     E  	mov ra,a
 555  000A  0700     E  	mov a,ra
 555  000B  0080     E  	mov _R_calibration_cnt[0],a
 556  000C              #line 556 "F:\2_Source\NW1951_NW2018_20SOP 上海佳点 BBU 控制器-V00\CODE\source\function.c"
 556  000C  0F7D        	mov a,125
 556  000D  0200     E  	sub a,ra
 556  000E  3C0A        	sz c
 556  000F  2800     R  	jmp _L134
 557  0010              #line 557 "F:\2_Source\NW1951_NW2018_20SOP 上海佳点 BBU 控制器-V00\CODE\source\function.c"
 557  0010  1F00     E  	clr _R_calibration_cnt[0]
 558  0011              #line 558 "F:\2_Source\NW1951_NW2018_20SOP 上海佳点 BBU 控制器-V00\CODE\source\function.c"
 558  0011  3000     E  	set _flag3[0].4
 560  0012              #line 560 "F:\2_Source\NW1951_NW2018_20SOP 上海佳点 BBU 控制器-V00\CODE\source\function.c"
 560  0012  2000     E  	call _GetBattery_Level
 561  0013              #line 561 "F:\2_Source\NW1951_NW2018_20SOP 上海佳点 BBU 控制器-V00\CODE\source\function.c"
 561  0013  0700     E  	mov a,_R_intADC_Vbat[0]
 561  0014  0080     E  	mov rb,a
 561  0015  0700     E  	mov a,_R_intADC_Vbat[1]
 561  0016  0080     E  	mov rc,a
 561  0017  0FB6        	mov a,182
 561  0018  0200     E  	sub a,rb
 561  0019  0F0B        	mov a,11
 561  001A  1200     E  	sbc a,rc
 561  001B  3C0A        	sz c
 561  001C  2800     R  	jmp _L139
 562  001D              #line 562 "F:\2_Source\NW1951_NW2018_20SOP 上海佳点 BBU 控制器-V00\CODE\source\function.c"
 562  001D  0F4A        	mov a,74
 562  001E  0380     E  	addm a,rb
 562  001F  0FF4        	mov a,244
 562  0020  1380     E  	adcm a,rc
 562  0021  0700     E  	mov a,rc
 562  0022  0080     E  	mov _builtin_holtek_mant1[1],a
 562  0023  0700     E  	mov a,rb
 562  0024  0080     E  	mov _builtin_holtek_mant1[0],a
 562  0025  3400     E  	clr _builtin_holtek_signs.0
 562  0026  2000     E  	call _builtin_holtek_uitof
 562  0027  0700     E  	mov a,_builtin_holtek_mant1[2]
 562  0028  0080     E  	mov re,a
 562  0029  0700     E  	mov a,_builtin_holtek_mant1[1]
 562  002A  0080     E  	mov rd,a
 562  002B  0700     E  	mov a,_builtin_holtek_mant1[0]
 562  002C  0080     E  	mov rc,a
 562  002D  0700     E  	mov a,re
 562  002E  0080     E  	mov _builtin_holtek_mant1[2],a
 562  002F  0700     E  	mov a,rd
 562  0030  0080     E  	mov _builtin_holtek_mant1[1],a
 562  0031  0700     E  	mov a,rc
 562  0032  0080     E  	mov _builtin_holtek_mant1[0],a
 562  0033  0F45        	mov a,69
 562  0034  0080     E  	mov _builtin_holtek_mant2[2],a
 562  0035  0F3B        	mov a,59
 562  0036  0080     E  	mov _builtin_holtek_mant2[1],a
文件：function.c   编译器版本 HGASM 0202 页次25

 562  0037  0F60        	mov a,96
 562  0038  0080     E  	mov _builtin_holtek_mant2[0],a
 562  0039  2000     E  	call _builtin_holtek_ftdiv
 562  003A  0700     E  	mov a,_builtin_holtek_mant1[2]
 562  003B  0080     R  	mov _get_calibration_factor_2[2],a
 562  003C  0700     E  	mov a,_builtin_holtek_mant1[1]
 562  003D  0080     R  	mov _get_calibration_factor_2[1],a
 562  003E  0700     E  	mov a,_builtin_holtek_mant1[0]
 562  003F  0080     R  	mov _get_calibration_factor_2[0],a
 563  0040              #line 563 "F:\2_Source\NW1951_NW2018_20SOP 上海佳点 BBU 控制器-V00\CODE\source\function.c"
 563  0040  1F00     E  	clr _R_calibration_pos[0]
 563  0041  2800     R  	jmp _L140
 563  0042              _L139:
 564  0042              #line 564 "F:\2_Source\NW1951_NW2018_20SOP 上海佳点 BBU 控制器-V00\CODE\source\function.c"
 564  0042  0700     E  	mov a,rb
 564  0043  0AB6        	sub a,182
 564  0044  0700     E  	mov a,rc
 564  0045  080B        	sbc a,11
 564  0046  3F0A        	sz cz
 564  0047  2800     R  	jmp _L141
 565  0048              #line 565 "F:\2_Source\NW1951_NW2018_20SOP 上海佳点 BBU 控制器-V00\CODE\source\function.c"
 565  0048  0FB6        	mov a,182
 565  0049  0280     E  	subm a,rb
 565  004A  0F0B        	mov a,11
 565  004B  1280     E  	sbcm a,rc
 565  004C  0700     E  	mov a,rc
 565  004D  0080     E  	mov _builtin_holtek_mant1[1],a
 565  004E  0700     E  	mov a,rb
 565  004F  0080     E  	mov _builtin_holtek_mant1[0],a
 565  0050  2000     E  	call _builtin_holtek_itof
 565  0051  0700     E  	mov a,_builtin_holtek_mant1[2]
 565  0052  0080     E  	mov re,a
 565  0053  0700     E  	mov a,_builtin_holtek_mant1[1]
 565  0054  0080     E  	mov rd,a
 565  0055  0700     E  	mov a,_builtin_holtek_mant1[0]
 565  0056  0080     E  	mov rc,a
 565  0057  0700     E  	mov a,re
 565  0058  0080     E  	mov _builtin_holtek_mant1[2],a
 565  0059  0700     E  	mov a,rd
 565  005A  0080     E  	mov _builtin_holtek_mant1[1],a
 565  005B  0700     E  	mov a,rc
 565  005C  0080     E  	mov _builtin_holtek_mant1[0],a
 565  005D  0F45        	mov a,69
 565  005E  0080     E  	mov _builtin_holtek_mant2[2],a
 565  005F  0F3B        	mov a,59
 565  0060  0080     E  	mov _builtin_holtek_mant2[1],a
 565  0061  0F60        	mov a,96
 565  0062  0080     E  	mov _builtin_holtek_mant2[0],a
 565  0063  2000     E  	call _builtin_holtek_ftdiv
 565  0064  0700     E  	mov a,_builtin_holtek_mant1[2]
 565  0065  0080     R  	mov _get_calibration_factor_2[2],a
 565  0066  0700     E  	mov a,_builtin_holtek_mant1[1]
 565  0067  0080     R  	mov _get_calibration_factor_2[1],a
 565  0068  0700     E  	mov a,_builtin_holtek_mant1[0]
 565  0069  0080     R  	mov _get_calibration_factor_2[0],a
 566  006A              #line 566 "F:\2_Source\NW1951_NW2018_20SOP 上海佳点 BBU 控制器-V00\CODE\source\function.c"
 566  006A  0F01        	mov a,1
 566  006B  0080     E  	mov _R_calibration_pos[0],a
 566  006C  2800     R  	jmp _L140
 566  006D              _L141:
文件：function.c   编译器版本 HGASM 0202 页次26

 568  006D              #line 568 "F:\2_Source\NW1951_NW2018_20SOP 上海佳点 BBU 控制器-V00\CODE\source\function.c"
 568  006D  1F00     R  	clr _get_calibration_factor_2[0]
 568  006E  1F00     R  	clr _get_calibration_factor_2[1]
 568  006F  1F00     R  	clr _get_calibration_factor_2[2]
 568  0070              _L140:
 570  0070              #line 570 "F:\2_Source\NW1951_NW2018_20SOP 上海佳点 BBU 控制器-V00\CODE\source\function.c"
 570  0070  0700     R  	mov a,_get_calibration_factor_2[0]
 570  0071  0080     R  	mov _dtob_2[0],a
 570  0072  0700     R  	mov a,_get_calibration_factor_2[1]
 570  0073  0080     R  	mov _dtob_2[1],a
 570  0074  0700     R  	mov a,_get_calibration_factor_2[2]
 570  0075  0080     R  	mov _dtob_2[2],a
 570  0076  2000     R  	call _dtob
 570  0077  0080     E  	mov ra,a
 570  0078  0700     E  	mov a,ra
 570  0079  0080     E  	mov _R_calibration_k[0],a
 571  007A              #line 571 "F:\2_Source\NW1951_NW2018_20SOP 上海佳点 BBU 控制器-V00\CODE\source\function.c"
 571  007A  2000     E  	call _User_config_store
 571  007B  2800     R  	jmp _L134
 571  007C              _L137:
 574  007C              #line 574 "F:\2_Source\NW1951_NW2018_20SOP 上海佳点 BBU 控制器-V00\CODE\source\function.c"
 574  007C  1F00     E  	clr _R_calibration_cnt[0]
 575  007D              #line 575 "F:\2_Source\NW1951_NW2018_20SOP 上海佳点 BBU 控制器-V00\CODE\source\function.c"
 575  007D  3400     E  	clr _flag3[0].4
 575  007E              _L134:
 575  007E  0003        	ret
 575  007F              _get_calibration_factor endp
 575  007F              #line 575 "F:\2_Source\NW1951_NW2018_20SOP 上海佳点 BBU 控制器-V00\CODE\source\function.c"
 575  007F              #pragma debug scope 1 1
 575  007F              public _get_calibration
 575  007F              #pragma debug scope 11 1
 617  007F              #line 617 "F:\2_Source\NW1951_NW2018_20SOP 上海佳点 BBU 控制器-V00\CODE\source\function.c"
 617  0000              _get_calibration .section 'code'
 617  0000              _get_calibration proc
 617  0000              public _get_calibration_2
 617  0000  0004[           local _get_calibration_2 db 4 dup(?)	; 2,2
            00
            ]
 617  0004              #pragma debug variable 12 11 _get_calibration_2+0 "para"
 617  0004              #pragma debug variable 12 11 _get_calibration_2+2 "result"
 618  0004              #line 618 "F:\2_Source\NW1951_NW2018_20SOP 上海佳点 BBU 控制器-V00\CODE\source\function.c"
 618  0000  0700     R  	mov a,_get_calibration_2[0]
 618  0001  0080     R  	mov _get_calibration_2[2],a
 618  0002  0700     R  	mov a,_get_calibration_2[1]
 618  0003  0080     R  	mov _get_calibration_2[3],a
 620  0004              #line 620 "F:\2_Source\NW1951_NW2018_20SOP 上海佳点 BBU 控制器-V00\CODE\source\function.c"
 620  0004  1E00     E  	snz _R_calibration_k[0]
 620  0005  2800     R  	jmp _L146
 620  0006              #line 620 "F:\2_Source\NW1951_NW2018_20SOP 上海佳点 BBU 控制器-V00\CODE\source\function.c"
 620  0006  0F08        	mov a,8
 620  0007  0080     E  	mov rf,a
 620  0008  1F00     E  	clr ra
 620  0009              _L147:
 622  0009              #line 622 "F:\2_Source\NW1951_NW2018_20SOP 上海佳点 BBU 控制器-V00\CODE\source\function.c"
 622  0009  0700     E  	mov a,ra
 622  000A  0080     E  	mov rd,a
 622  000B  1F00     E  	clr re
 622  000C  0700     E  	mov a,_R_calibration_k[0]
 622  000D  0080     E  	mov rb,a
 622  000E  1F00     E  	clr rc
文件：function.c   编译器版本 HGASM 0202 页次27

 622  000F  1400     E  	inca ra
 622  0010  2800     R  	jmp _LI6
 622  0011              _LI7:
 622  0011  340A        	clr c
 622  0012  3C00     E  	sz rc.7
 622  0013  300A        	set c
 622  0014  1B80     E  	rrc rc
 622  0015  1B80     E  	rrc rb
 622  0016              _LI6:
 622  0016  1785        	sdz acc
 622  0017  2800     R  	jmp _LI7
 622  0018  3800     E  	snz rb.0
 622  0019  2800     R  	jmp _L144
 625  001A              #line 625 "F:\2_Source\NW1951_NW2018_20SOP 上海佳点 BBU 控制器-V00\CODE\source\function.c"
 625  001A  0F08        	mov a,8
 625  001B  0280     E  	subm a,rd
 625  001C  0F00        	mov a,0
 625  001D  1280     E  	sbcm a,re
 624  001E              #line 624 "F:\2_Source\NW1951_NW2018_20SOP 上海佳点 BBU 控制器-V00\CODE\source\function.c"
 624  001E  1E00     E  	snz _R_calibration_pos[0]
 624  001F  2800     R  	jmp _L145
 625  0020              #line 625 "F:\2_Source\NW1951_NW2018_20SOP 上海佳点 BBU 控制器-V00\CODE\source\function.c"
 625  0020  0700     R  	mov a,_get_calibration_2[0]
 625  0021  0080     E  	mov rb,a
 625  0022  0700     R  	mov a,_get_calibration_2[1]
 625  0023  0080     E  	mov rc,a
 625  0024  1400     E  	inca rd
 625  0025  2800     R  	jmp _LI8
 625  0026              _LI9:
 625  0026  340A        	clr c
 625  0027  1B80     E  	rrc rc
 625  0028  1B80     E  	rrc rb
 625  0029              _LI8:
 625  0029  1785        	sdz acc
 625  002A  2800     R  	jmp _LI9
 625  002B  0700     E  	mov a,rb
 625  002C  0380     R  	addm a,_get_calibration_2[2]
 625  002D  0700     E  	mov a,rc
 625  002E  1380     R  	adcm a,_get_calibration_2[3]
 625  002F  2800     R  	jmp _L144
 625  0030              _L145:
 627  0030              #line 627 "F:\2_Source\NW1951_NW2018_20SOP 上海佳点 BBU 控制器-V00\CODE\source\function.c"
 627  0030  0700     R  	mov a,_get_calibration_2[0]
 627  0031  0080     E  	mov rb,a
 627  0032  0700     R  	mov a,_get_calibration_2[1]
 627  0033  0080     E  	mov rc,a
 627  0034  1400     E  	inca rd
 627  0035  2800     R  	jmp _LI10
 627  0036              _LI11:
 627  0036  340A        	clr c
 627  0037  1B80     E  	rrc rc
 627  0038  1B80     E  	rrc rb
 627  0039              _LI10:
 627  0039  1785        	sdz acc
 627  003A  2800     R  	jmp _LI11
 627  003B  0700     R  	mov a,_get_calibration_2[2]
 627  003C  0200     E  	sub a,rb
 627  003D  0080     R  	mov _get_calibration_2[2],a
 627  003E  0700     R  	mov a,_get_calibration_2[3]
 627  003F  1200     E  	sbc a,rc
文件：function.c   编译器版本 HGASM 0202 页次28

 627  0040  0080     R  	mov _get_calibration_2[3],a
 627  0041              _L144:
 621  0041              #line 621 "F:\2_Source\NW1951_NW2018_20SOP 上海佳点 BBU 控制器-V00\CODE\source\function.c"
 621  0041  1480     E  	inc ra
 621  0042  1780     E  	sdz rf
 621  0043  2800     R  	jmp _L147
 621  0044              _L146:
 632  0044              #line 632 "F:\2_Source\NW1951_NW2018_20SOP 上海佳点 BBU 控制器-V00\CODE\source\function.c"
 632  0044  0700     R  	mov a,_get_calibration_2[2]
 632  0045  0080     E  	mov ra,a
 632  0046  0700     R  	mov a,_get_calibration_2[3]
 632  0047  0080     E  	mov rb,a
 632  0048  0003        	ret
 632  0049              _get_calibration endp
 632  0049              #line 632 "F:\2_Source\NW1951_NW2018_20SOP 上海佳点 BBU 控制器-V00\CODE\source\function.c"
 632  0049              #pragma debug scope 1 1
 632  0049              #pragma debug struct_end
 632  0049              #pragma debug struct_end
 632  0049              #pragma debug union_end
 632  0049              #pragma debug union_end
 632  0049              #pragma debug variable 43 1 ___scc "__scc" 1
 632  0049              #pragma debug struct_end
 632  0049              #pragma debug struct_end
 632  0049              #pragma debug union_end
 632  0049              #pragma debug union_end
 632  0049              #pragma debug variable 45 1 ___intc0 "__intc0" 1
 632  0049              #pragma debug struct_end
 632  0049              #pragma debug struct_end
 632  0049              #pragma debug union_end
 632  0049              #pragma debug union_end
 632  0049              #pragma debug variable 47 1 ___pa "__pa" 1
 632  0049              #pragma debug struct_end
 632  0049              #pragma debug struct_end
 632  0049              #pragma debug union_end
 632  0049              #pragma debug union_end
 632  0049              #pragma debug variable 49 1 ___pac "__pac" 1
 632  0049              #pragma debug struct_end
 632  0049              #pragma debug struct_end
 632  0049              #pragma debug union_end
 632  0049              #pragma debug union_end
 632  0049              #pragma debug variable 51 1 ___lvdc "__lvdc" 1
 632  0049              #pragma debug struct_end
 632  0049              #pragma debug struct_end
 632  0049              #pragma debug union_end
 632  0049              #pragma debug union_end
 632  0049              #pragma debug variable 53 1 ___pc "__pc" 1
 632  0049              #pragma debug struct_end
 632  0049              #pragma debug struct_end
 632  0049              #pragma debug union_end
 632  0049              #pragma debug union_end
 632  0049              #pragma debug variable 55 1 ___pcc "__pcc" 1
 632  0049              #pragma debug struct_end
 632  0049              #pragma debug struct_end
 632  0049              #pragma debug union_end
 632  0049              #pragma debug union_end
 632  0049              #pragma debug variable 57 1 ___ctm0c0 "__ctm0c0" 1
 632  0049              #pragma debug struct_end
 632  0049              #pragma debug struct_end
 632  0049              #pragma debug union_end
 632  0049              #pragma debug union_end
文件：function.c   编译器版本 HGASM 0202 页次29

 632  0049              #pragma debug variable 59 1 ___sadc0 "__sadc0" 1
 632  0049              #pragma debug struct_end
 632  0049              #pragma debug struct_end
 632  0049              #pragma debug union_end
 632  0049              #pragma debug union_end
 632  0049              #pragma debug variable 61 1 ___pb "__pb" 1
 632  0049              #pragma debug struct_end
 632  0049              #pragma debug struct_end
 632  0049              #pragma debug union_end
 632  0049              #pragma debug union_end
 632  0049              #pragma debug variable 63 1 ___pbc "__pbc" 1
 632  0049              #pragma debug struct_end
 632  0049              #pragma debug struct_end
 632  0049              #pragma debug union_end
 632  0049              #pragma debug union_end
 632  0049              #pragma debug variable 65 1 ___pbs0 "__pbs0" 1
 632  0049              #pragma debug struct_end
 632  0049              #pragma debug struct_end
 632  0049              #pragma debug union_end
 632  0049              #pragma debug union_end
 632  0049              #pragma debug variable 67 1 ___pcs0 "__pcs0" 1
 632  0049              #pragma debug struct_end
 632  0049              #pragma debug struct_end
 632  0049              #pragma debug union_end
 632  0049              #pragma debug union_end
 632  0049              #pragma debug variable 69 1 ___pcs1 "__pcs1" 1
 632  0049              #pragma debug struct_end
 632  0049              #pragma debug struct_end
 632  0049              #pragma debug union_end
 632  0049              #pragma debug union_end
 632  0049              #pragma debug variable 71 1 ___opac0 "__opac0" 1
 632  0049              #pragma debug struct_end
 632  0049              #pragma debug struct_end
 632  0049              #pragma debug union_end
 632  0049              #pragma debug union_end
 632  0049              #pragma debug variable 73 1 ___opac1 "__opac1" 1
 632  0049              #pragma debug struct_end
 632  0049              #pragma debug struct_end
 632  0049              #pragma debug union_end
 632  0049              #pragma debug union_end
 632  0049              #pragma debug variable 75 1 ___pas0 "__pas0" 1
 632  0049              #pragma debug struct_end
 632  0049              #pragma debug struct_end
 632  0049              #pragma debug union_end
 632  0049              #pragma debug union_end
 632  0049              #pragma debug variable 77 1 ___pas1 "__pas1" 1
 632  0049              
 632  0049              ; output external variables
 632  0049              extern _R_calibration_k:byte
 632  0049              extern _R_calibration_pos:byte
 632  0049              extern _R_calibration_cnt:byte
 632  0049              extern _R_time10s:byte
 632  0049              extern _R_intADC_mot_i:byte
 632  0049              extern _R_batlvl_cnt:byte
 632  0049              extern _R_intADC_Vbat:byte
 632  0049              extern _R_full_cnt:byte
 632  0049              extern _R_charging_cnt:byte
 632  0049              extern _R_batchg_cnt:byte
 632  0049              extern _R_batlvl_cnt3:byte
 632  0049              extern _R_batlvl_cnt2:byte
文件：function.c   编译器版本 HGASM 0202 页次30

 632  0049              extern _R_batlvl_cnt1:byte
 632  0049              extern _R_inttime1min:byte
 632  0049              extern _R_intsettime:byte
 632  0049              extern _R_change_cnt:byte
 632  0049              extern _R_intlowv2off_cnt:byte
 632  0049              extern _R_lowI2off_cnt:byte
 632  0049              extern _flag3:byte
 632  0049              extern _flag2:byte
 632  0049              extern _flagtime:byte
 632  0049              extern _flag0:byte
 632  0049              extern _flag1:byte
 632  0049              extern _R_workmode:byte
 632  0049              extern _GetBattery_Level:near
 632  0049              extern _builtin_holtek_mant1:byte
 632  0049              extern _builtin_holtek_mant2:byte
 632  0049              extern _builtin_holtek_ftsub:near
 632  0049              extern _builtin_holtek_mant12p:byte
 632  0049              extern _builtin_holtek_dtsub:near
 632  0049              extern _builtin_holtek_ftadd:near
 632  0049              extern _builtin_holtek_signs:byte
 632  0049              extern _builtin_holtek_uitof:near
 632  0049              extern _builtin_holtek_ftdiv:near
 632  0049              extern _builtin_holtek_itof:near
 632  0049              extern _User_config_store:near
 632  0049              
 632  0049              ; 
 632  0049              ; Generated by holtek-gcc v3.18, Fri May 31 17:54:43 2019
 632  0049              ; Rebuild 828
 632  0049              ; end of file


        0 Errors, 0