文件：Initial.c    编译器版本 HGASM 0202 页次1


   1  0000              ; Generated by holtek-gcc v3.18, Fri May 31 17:54:40 2019
   2  0000              ; 
   3  0000              ; Configuration:
   4  0000              ;       with long instruction
   5  0000              ;       Single ROM, Multi-RAM
   6  0000              ;       bits_per_rom_unit:16
   7  0000              ;       with mp1
   8  0000              ;       with tbhp, address(0x9)
   9  0000              ;          Use tabrd-const
  10  0000              ;       
  11  0000              ; SFR address of long-instruction arch:
  12  0000              ;    mp0 = -1,1,0
  13  0000              ;    mp1 = 4,3,2
  14  0000              ;    mp2 = 14,13,12
  15  0000              ;    tbp = 9,7,8
  16  0000              ;    acc = 5
  17  0000              ;    pcl = 6
  18  0000              ;    status = 10
  19  0000              ;    bp = 11
  20  0000              ;    intc = 16
  21  0000              ;       
  22  0000              ;       
  23  0000              ; use 'tabrdc' instead of 'tabrd'
  24  0000              ;       
  25  0000              
  26  0000              #pragma translator "holtek-gcc 4.6.4" "3.18" "build 20130711"
  27  0000              ; Rebuild 828
  28  0000              
  29  0000              ir equ [2]
  30  0000              mp equ [3]
  31  0000              sbp equ [4]
  32  0000              acc equ [5]
  33  0000              bp equ [11]
  34  0000              tblp equ [7]
  35  0000              tbhp equ [9]
  36  0000              status equ [10]
  37  0000              c equ [10].0
  38  0000              ac equ [10].1
  39  0000              z equ [10].2
  40  0000              ov equ [10].3
  41  0000              cz equ [10].6
  42  0000              sc equ [10].7
  43  0000              intc equ [16]
  44  0000              
  45  0000              extern ra:byte
  46  0000              extern rb:byte
  47  0000              extern rc:byte
  48  0000              extern rd:byte
  49  0000              extern re:byte
  50  0000              extern rf:byte
  51  0000              extern rg:byte
  52  0000              extern rh:byte
  53  0000              extern _Crom2Prom:near
  54  0000              extern _Crom2PromNext:near
  55  0000              
  56  0000              RAMBANK 0 @BITDATASEC, @BITDATASEC1
  57  0000              @HCCINIT	.section 'data'
  58  0000              @HCCINIT0	.section 'data'
  59  0000              @BITDATASEC	 .section 'data'
文件：Initial.ASM  编译器版本 HGASM 0202 页次2

  60  0000              @BITDATASEC1	 .section 'data'
  61  0000              
  62  0000              #pragma debug scope 1 1
  63  0000              	extern __DELAY3:near
  64  0000              	extern __DELAYX3:near
  65  0000              	extern __DELAYX6:near
  66  0000              	extern __DELAYY5:near
  67  0000              	extern __DELAYY3:near
  68  0000              	extern _builtin_holtek_delay_2:byte
  69  0000              ___opac0 equ [122]
  70  0000              public _Sub_CMPx_Calibration
  71  0000              #pragma debug scope 2 1

  12  0000              #line 12 "F:\2_Source\NW1951_NW2018_20SOP 上海佳点 BBU 控制器-V00\CODE\source\Initial.c"
  12  0000              _Sub_CMPx_Calibration .section 'code'
  12  0000              _Sub_CMPx_Calibration proc
  12  0000              public _Sub_CMPx_Calibration_2
  12  0000  0008[           local _Sub_CMPx_Calibration_2 db 8 dup(?)	; 3,5
            00
            ]
  12  0008              #pragma debug pointer 42 8 2
  12  0008              #pragma debug pointer 42 8 2
  12  0008              #pragma debug variable 42 2 _Sub_CMPx_Calibration_2+0 "pCMPCx"
  12  0008              #pragma debug variable 8 2 _Sub_CMPx_Calibration_2+2 "mode"
  12  0008              #pragma debug variable 8 2 _Sub_CMPx_Calibration_2+6 "r_Value_AOF_L"
  12  0008              #pragma debug variable 8 2 _Sub_CMPx_Calibration_2+5 "r_Value_AOF_H"
  12  0008              #pragma debug variable 8 2 _Sub_CMPx_Calibration_2+4 "r_CMPX_CnCX"
  12  0008              #pragma debug variable 8 2 _Sub_CMPx_Calibration_2+3 "r_MaxValue"
  12  0000              _L2:
  12  0000              _L14:
  12  0000  0700     R  	mov a,_Sub_CMPx_Calibration_2[0]
  12  0001  0080     E  	mov rb,a
  12  0002  0700     R  	mov a,_Sub_CMPx_Calibration_2[1]
  12  0003  0080     E  	mov rc,a
  29  0004              #line 29 "F:\2_Source\NW1951_NW2018_20SOP 上海佳点 BBU 控制器-V00\CODE\source\Initial.c"
  29  0004  0700     E  	mov a,rb
  29  0005  0083        	mov mp,a
  29  0006  0700     E  	mov a,rc
  29  0007  0084        	mov sbp,a
  26  0008              #line 26 "F:\2_Source\NW1951_NW2018_20SOP 上海佳点 BBU 控制器-V00\CODE\source\Initial.c"
  26  0008  1E00     R  	snz _Sub_CMPx_Calibration_2[2]
  26  0009  2800     R  	jmp _L3
  29  000A              #line 29 "F:\2_Source\NW1951_NW2018_20SOP 上海佳点 BBU 控制器-V00\CODE\source\Initial.c"
  29  000A  0F80        	mov a,128
  29  000B  0082        	mov ir,a
  30  000C              #line 30 "F:\2_Source\NW1951_NW2018_20SOP 上海佳点 BBU 控制器-V00\CODE\source\Initial.c"
  30  000C  0F3F        	mov a,63
  30  000D  0080     R  	mov _Sub_CMPx_Calibration_2[3],a
  30  000E  2800     R  	jmp _L4
  30  000F              _L3:
  35  000F              #line 35 "F:\2_Source\NW1951_NW2018_20SOP 上海佳点 BBU 控制器-V00\CODE\source\Initial.c"
  35  000F  0F40        	mov a,64
  35  0010  0082        	mov ir,a
  36  0011              #line 36 "F:\2_Source\NW1951_NW2018_20SOP 上海佳点 BBU 控制器-V00\CODE\source\Initial.c"
  36  0011  0F1F        	mov a,31
  36  0012  0080     R  	mov _Sub_CMPx_Calibration_2[3],a
  36  0013              _L4:
  38  0013              #line 38 "F:\2_Source\NW1951_NW2018_20SOP 上海佳点 BBU 控制器-V00\CODE\source\Initial.c"
  38  0013              ;# 38 "F:\2_Source\NW1951_NW2018_20SOP 上海佳点 BBU 控制器-V00\CODE\source\Initial.c" 1
  38  0013              	IF 1000>263690
文件：Initial.c    编译器版本 HGASM 0202 页次3

  38  0013              ;# 38 "F:\2_Source\NW1951_NW2018_20SOP 上海佳点 BBU 控制器-V00\CODE\source\Initial.c" 1
  38  0013              	ERRMESSAGE 'the value 1000of the argument exceeds the maxinum 263690'
  38  0013              	ENDIF
  38  0013              ;# 38 "F:\2_Source\NW1951_NW2018_20SOP 上海佳点 BBU 控制器-V00\CODE\source\Initial.c" 1
  38  0013              	IF 1000<0
  38  0013              ;# 38 "F:\2_Source\NW1951_NW2018_20SOP 上海佳点 BBU 控制器-V00\CODE\source\Initial.c" 1
  38  0013              	ERRMESSAGE 'the value 1000 of the argument exceeds the mininum 0'
  38  0013              	ENDIF
  38  0013              ;# 38 "F:\2_Source\NW1951_NW2018_20SOP 上海佳点 BBU 控制器-V00\CODE\source\Initial.c" 1
  38  0013              	IF 1000==0
  38  0013              ;# 38 "F:\2_Source\NW1951_NW2018_20SOP 上海佳点 BBU 控制器-V00\CODE\source\Initial.c" 1
  38  0013              	JMP $
  38  0013              	ENDIF
  38  0013              ;# 38 "F:\2_Source\NW1951_NW2018_20SOP 上海佳点 BBU 控制器-V00\CODE\source\Initial.c" 1
  38  0013              	IF 1000==1
  38  0013              ;# 38 "F:\2_Source\NW1951_NW2018_20SOP 上海佳点 BBU 控制器-V00\CODE\source\Initial.c" 1
  38  0013              	NOP
  38  0013              	ENDIF
  38  0013              ;# 38 "F:\2_Source\NW1951_NW2018_20SOP 上海佳点 BBU 控制器-V00\CODE\source\Initial.c" 1
  38  0013              	IF 1000==2
  38  0013              ;# 38 "F:\2_Source\NW1951_NW2018_20SOP 上海佳点 BBU 控制器-V00\CODE\source\Initial.c" 1
  38  0013              	NOP
  38  0013              ;# 38 "F:\2_Source\NW1951_NW2018_20SOP 上海佳点 BBU 控制器-V00\CODE\source\Initial.c" 1
  38  0013              	NOP
  38  0013              	ENDIF
  38  0013              ;# 38 "F:\2_Source\NW1951_NW2018_20SOP 上海佳点 BBU 控制器-V00\CODE\source\Initial.c" 1
  38  0013              	IF 1000==3
  38  0013              ;# 38 "F:\2_Source\NW1951_NW2018_20SOP 上海佳点 BBU 控制器-V00\CODE\source\Initial.c" 1
  38  0013              	NOP
  38  0013              ;# 38 "F:\2_Source\NW1951_NW2018_20SOP 上海佳点 BBU 控制器-V00\CODE\source\Initial.c" 1
  38  0013              	NOP
  38  0013              ;# 38 "F:\2_Source\NW1951_NW2018_20SOP 上海佳点 BBU 控制器-V00\CODE\source\Initial.c" 1
  38  0013              	NOP
  38  0013              	ENDIF
  38  0013              ;# 38 "F:\2_Source\NW1951_NW2018_20SOP 上海佳点 BBU 控制器-V00\CODE\source\Initial.c" 1
  38  0013              	IF (1000<8) AND (1000>3)
  38  0013              ;# 38 "F:\2_Source\NW1951_NW2018_20SOP 上海佳点 BBU 控制器-V00\CODE\source\Initial.c" 1
  38  0013              	CALL __DELAY3 + 7 -1000
  38  0013              	ENDIF
  38  0013              ;# 38 "F:\2_Source\NW1951_NW2018_20SOP 上海佳点 BBU 控制器-V00\CODE\source\Initial.c" 1
  38  0013              	IF (1000< 0404h) AND (1000>7)
  38  0013              ;# 38 "F:\2_Source\NW1951_NW2018_20SOP 上海佳点 BBU 控制器-V00\CODE\source\Initial.c" 1
  38  0013  0FF9        	MOV A,1000/4-1
  38  0014              ;# 38 "F:\2_Source\NW1951_NW2018_20SOP 上海佳点 BBU 控制器-V00\CODE\source\Initial.c" 1
  38  0014  2000     E  	CALL __DELAYX3 + 3 -(1000 MOD 4)
  38  0015              	ENDIF
  38  0015              ;# 38 "F:\2_Source\NW1951_NW2018_20SOP 上海佳点 BBU 控制器-V00\CODE\source\Initial.c" 1
  38  0015              	IF (1000< 0x40B) AND (1000> 0403h)
  38  0015              ;# 38 "F:\2_Source\NW1951_NW2018_20SOP 上海佳点 BBU 控制器-V00\CODE\source\Initial.c" 1
  38  0015              	MOV A,0 
  38  0015              ;# 38 "F:\2_Source\NW1951_NW2018_20SOP 上海佳点 BBU 控制器-V00\CODE\source\Initial.c" 1
  38  0015              	CALL __DELAYX6 + 0x40a -1000
  38  0015              	ENDIF
  38  0015              ;# 38 "F:\2_Source\NW1951_NW2018_20SOP 上海佳点 BBU 控制器-V00\CODE\source\Initial.c" 1
  38  0015              	IF (1000 >= 0x40b) AND ((((1000-9)%0402h)/4+1)>256)
  38  0015              ;# 38 "F:\2_Source\NW1951_NW2018_20SOP 上海佳点 BBU 控制器-V00\CODE\source\Initial.c" 1
  38  0015              	MOV A,(1000-9)/0402h
  38  0015              ;# 38 "F:\2_Source\NW1951_NW2018_20SOP 上海佳点 BBU 控制器-V00\CODE\source\Initial.c" 1
  38  0015              	MOV _builtin_holtek_delay_2,A
  38  0015              ;# 38 "F:\2_Source\NW1951_NW2018_20SOP 上海佳点 BBU 控制器-V00\CODE\source\Initial.c" 1
文件：Initial.c    编译器版本 HGASM 0202 页次4

  38  0015              	MOV A,0
  38  0015              ;# 38 "F:\2_Source\NW1951_NW2018_20SOP 上海佳点 BBU 控制器-V00\CODE\source\Initial.c" 1
  38  0015              	CALL __DELAYY5 +5- (((1000-9)%0402h)%6)
  38  0015              	ENDIF
  38  0015              ;# 38 "F:\2_Source\NW1951_NW2018_20SOP 上海佳点 BBU 控制器-V00\CODE\source\Initial.c" 1
  38  0015              	IF (1000 >= 0x40b) AND ((((1000-9)%0402h)/4+1)<=256)
  38  0015              ;# 38 "F:\2_Source\NW1951_NW2018_20SOP 上海佳点 BBU 控制器-V00\CODE\source\Initial.c" 1
  38  0015              	MOV A,(1000-9)/0402h
  38  0015              ;# 38 "F:\2_Source\NW1951_NW2018_20SOP 上海佳点 BBU 控制器-V00\CODE\source\Initial.c" 1
  38  0015              	MOV _builtin_holtek_delay_2,A
  38  0015              ;# 38 "F:\2_Source\NW1951_NW2018_20SOP 上海佳点 BBU 控制器-V00\CODE\source\Initial.c" 1
  38  0015              	MOV A,((1000-9)%0402h)/4+1
  38  0015              ;# 38 "F:\2_Source\NW1951_NW2018_20SOP 上海佳点 BBU 控制器-V00\CODE\source\Initial.c" 1
  38  0015              	CALL __DELAYY3 +3-(((1000-9)%0402h)%4)
  38  0015              	ENDIF
  40  0015              #line 40 "F:\2_Source\NW1951_NW2018_20SOP 上海佳点 BBU 控制器-V00\CODE\source\Initial.c"
  40  0015  1F00     R  	clr _Sub_CMPx_Calibration_2[6]
  41  0016              #line 41 "F:\2_Source\NW1951_NW2018_20SOP 上海佳点 BBU 控制器-V00\CODE\source\Initial.c"
  41  0016  1F00     R  	clr _Sub_CMPx_Calibration_2[4]
  42  0017              #line 42 "F:\2_Source\NW1951_NW2018_20SOP 上海佳点 BBU 控制器-V00\CODE\source\Initial.c"
  42  0017  1E00     R  	snz _Sub_CMPx_Calibration_2[2]
  42  0018  2800     R  	jmp _L5
  44  0019              #line 44 "F:\2_Source\NW1951_NW2018_20SOP 上海佳点 BBU 控制器-V00\CODE\source\Initial.c"
  44  0019  387A        	snz [122].0
  44  001A  2800     R  	jmp _L13
  45  001B              #line 45 "F:\2_Source\NW1951_NW2018_20SOP 上海佳点 BBU 控制器-V00\CODE\source\Initial.c"
  45  001B  0F01        	mov a,1
  45  001C  0080     R  	mov _Sub_CMPx_Calibration_2[4],a
  45  001D  2800     R  	jmp _L13
  45  001E              _L5:
  49  001E              #line 49 "F:\2_Source\NW1951_NW2018_20SOP 上海佳点 BBU 控制器-V00\CODE\source\Initial.c"
  49  001E  0700     R  	mov a,_Sub_CMPx_Calibration_2[0]
  49  001F  0083        	mov mp,a
  49  0020  0700     R  	mov a,_Sub_CMPx_Calibration_2[1]
  49  0021  0084        	mov sbp,a
  49  0022  2000     E  	call _Crom2Prom
  49  0023  0080     E  	mov ra,a
  49  0024  3800     E  	snz ra.7
  49  0025  2800     R  	jmp _L13
  50  0026              #line 50 "F:\2_Source\NW1951_NW2018_20SOP 上海佳点 BBU 控制器-V00\CODE\source\Initial.c"
  50  0026  0F80        	mov a,128
  50  0027  0080     R  	mov _Sub_CMPx_Calibration_2[4],a
  50  0028              _L13:
  55  0028              #line 55 "F:\2_Source\NW1951_NW2018_20SOP 上海佳点 BBU 控制器-V00\CODE\source\Initial.c"
  55  0028              ;# 55 "F:\2_Source\NW1951_NW2018_20SOP 上海佳点 BBU 控制器-V00\CODE\source\Initial.c" 1
  55  0028  0001        	clr wdt
  56  0029              #line 56 "F:\2_Source\NW1951_NW2018_20SOP 上海佳点 BBU 控制器-V00\CODE\source\Initial.c"
  56  0029  0700     R  	mov a,_Sub_CMPx_Calibration_2[0]
  56  002A  0083        	mov mp,a
  56  002B  0700     R  	mov a,_Sub_CMPx_Calibration_2[1]
  56  002C  0084        	mov sbp,a
  56  002D  2000     E  	call _Crom2Prom
  56  002E  0080     R  	mov _Sub_CMPx_Calibration_2[7],a
  56  002F  1400     R  	inca _Sub_CMPx_Calibration_2[7]
  56  0030  0080     E  	mov ra,a
  56  0031  0700     E  	mov a,ra
  56  0032  0082        	mov ir,a
  57  0033              #line 57 "F:\2_Source\NW1951_NW2018_20SOP 上海佳点 BBU 控制器-V00\CODE\source\Initial.c"
  57  0033  1480     R  	inc _Sub_CMPx_Calibration_2[6]
  58  0034              #line 58 "F:\2_Source\NW1951_NW2018_20SOP 上海佳点 BBU 控制器-V00\CODE\source\Initial.c"
文件：Initial.c    编译器版本 HGASM 0202 页次5

  58  0034              ;# 58 "F:\2_Source\NW1951_NW2018_20SOP 上海佳点 BBU 控制器-V00\CODE\source\Initial.c" 1
  58  0034              	IF 1000>263690
  58  0034              ;# 58 "F:\2_Source\NW1951_NW2018_20SOP 上海佳点 BBU 控制器-V00\CODE\source\Initial.c" 1
  58  0034              	ERRMESSAGE 'the value 1000of the argument exceeds the maxinum 263690'
  58  0034              	ENDIF
  58  0034              ;# 58 "F:\2_Source\NW1951_NW2018_20SOP 上海佳点 BBU 控制器-V00\CODE\source\Initial.c" 1
  58  0034              	IF 1000<0
  58  0034              ;# 58 "F:\2_Source\NW1951_NW2018_20SOP 上海佳点 BBU 控制器-V00\CODE\source\Initial.c" 1
  58  0034              	ERRMESSAGE 'the value 1000 of the argument exceeds the mininum 0'
  58  0034              	ENDIF
  58  0034              ;# 58 "F:\2_Source\NW1951_NW2018_20SOP 上海佳点 BBU 控制器-V00\CODE\source\Initial.c" 1
  58  0034              	IF 1000==0
  58  0034              ;# 58 "F:\2_Source\NW1951_NW2018_20SOP 上海佳点 BBU 控制器-V00\CODE\source\Initial.c" 1
  58  0034              	JMP $
  58  0034              	ENDIF
  58  0034              ;# 58 "F:\2_Source\NW1951_NW2018_20SOP 上海佳点 BBU 控制器-V00\CODE\source\Initial.c" 1
  58  0034              	IF 1000==1
  58  0034              ;# 58 "F:\2_Source\NW1951_NW2018_20SOP 上海佳点 BBU 控制器-V00\CODE\source\Initial.c" 1
  58  0034              	NOP
  58  0034              	ENDIF
  58  0034              ;# 58 "F:\2_Source\NW1951_NW2018_20SOP 上海佳点 BBU 控制器-V00\CODE\source\Initial.c" 1
  58  0034              	IF 1000==2
  58  0034              ;# 58 "F:\2_Source\NW1951_NW2018_20SOP 上海佳点 BBU 控制器-V00\CODE\source\Initial.c" 1
  58  0034              	NOP
  58  0034              ;# 58 "F:\2_Source\NW1951_NW2018_20SOP 上海佳点 BBU 控制器-V00\CODE\source\Initial.c" 1
  58  0034              	NOP
  58  0034              	ENDIF
  58  0034              ;# 58 "F:\2_Source\NW1951_NW2018_20SOP 上海佳点 BBU 控制器-V00\CODE\source\Initial.c" 1
  58  0034              	IF 1000==3
  58  0034              ;# 58 "F:\2_Source\NW1951_NW2018_20SOP 上海佳点 BBU 控制器-V00\CODE\source\Initial.c" 1
  58  0034              	NOP
  58  0034              ;# 58 "F:\2_Source\NW1951_NW2018_20SOP 上海佳点 BBU 控制器-V00\CODE\source\Initial.c" 1
  58  0034              	NOP
  58  0034              ;# 58 "F:\2_Source\NW1951_NW2018_20SOP 上海佳点 BBU 控制器-V00\CODE\source\Initial.c" 1
  58  0034              	NOP
  58  0034              	ENDIF
  58  0034              ;# 58 "F:\2_Source\NW1951_NW2018_20SOP 上海佳点 BBU 控制器-V00\CODE\source\Initial.c" 1
  58  0034              	IF (1000<8) AND (1000>3)
  58  0034              ;# 58 "F:\2_Source\NW1951_NW2018_20SOP 上海佳点 BBU 控制器-V00\CODE\source\Initial.c" 1
  58  0034              	CALL __DELAY3 + 7 -1000
  58  0034              	ENDIF
  58  0034              ;# 58 "F:\2_Source\NW1951_NW2018_20SOP 上海佳点 BBU 控制器-V00\CODE\source\Initial.c" 1
  58  0034              	IF (1000< 0404h) AND (1000>7)
  58  0034              ;# 58 "F:\2_Source\NW1951_NW2018_20SOP 上海佳点 BBU 控制器-V00\CODE\source\Initial.c" 1
  58  0034  0FF9        	MOV A,1000/4-1
  58  0035              ;# 58 "F:\2_Source\NW1951_NW2018_20SOP 上海佳点 BBU 控制器-V00\CODE\source\Initial.c" 1
  58  0035  2000     E  	CALL __DELAYX3 + 3 -(1000 MOD 4)
  58  0036              	ENDIF
  58  0036              ;# 58 "F:\2_Source\NW1951_NW2018_20SOP 上海佳点 BBU 控制器-V00\CODE\source\Initial.c" 1
  58  0036              	IF (1000< 0x40B) AND (1000> 0403h)
  58  0036              ;# 58 "F:\2_Source\NW1951_NW2018_20SOP 上海佳点 BBU 控制器-V00\CODE\source\Initial.c" 1
  58  0036              	MOV A,0 
  58  0036              ;# 58 "F:\2_Source\NW1951_NW2018_20SOP 上海佳点 BBU 控制器-V00\CODE\source\Initial.c" 1
  58  0036              	CALL __DELAYX6 + 0x40a -1000
  58  0036              	ENDIF
  58  0036              ;# 58 "F:\2_Source\NW1951_NW2018_20SOP 上海佳点 BBU 控制器-V00\CODE\source\Initial.c" 1
  58  0036              	IF (1000 >= 0x40b) AND ((((1000-9)%0402h)/4+1)>256)
  58  0036              ;# 58 "F:\2_Source\NW1951_NW2018_20SOP 上海佳点 BBU 控制器-V00\CODE\source\Initial.c" 1
  58  0036              	MOV A,(1000-9)/0402h
  58  0036              ;# 58 "F:\2_Source\NW1951_NW2018_20SOP 上海佳点 BBU 控制器-V00\CODE\source\Initial.c" 1
文件：Initial.c    编译器版本 HGASM 0202 页次6

  58  0036              	MOV _builtin_holtek_delay_2,A
  58  0036              ;# 58 "F:\2_Source\NW1951_NW2018_20SOP 上海佳点 BBU 控制器-V00\CODE\source\Initial.c" 1
  58  0036              	MOV A,0
  58  0036              ;# 58 "F:\2_Source\NW1951_NW2018_20SOP 上海佳点 BBU 控制器-V00\CODE\source\Initial.c" 1
  58  0036              	CALL __DELAYY5 +5- (((1000-9)%0402h)%6)
  58  0036              	ENDIF
  58  0036              ;# 58 "F:\2_Source\NW1951_NW2018_20SOP 上海佳点 BBU 控制器-V00\CODE\source\Initial.c" 1
  58  0036              	IF (1000 >= 0x40b) AND ((((1000-9)%0402h)/4+1)<=256)
  58  0036              ;# 58 "F:\2_Source\NW1951_NW2018_20SOP 上海佳点 BBU 控制器-V00\CODE\source\Initial.c" 1
  58  0036              	MOV A,(1000-9)/0402h
  58  0036              ;# 58 "F:\2_Source\NW1951_NW2018_20SOP 上海佳点 BBU 控制器-V00\CODE\source\Initial.c" 1
  58  0036              	MOV _builtin_holtek_delay_2,A
  58  0036              ;# 58 "F:\2_Source\NW1951_NW2018_20SOP 上海佳点 BBU 控制器-V00\CODE\source\Initial.c" 1
  58  0036              	MOV A,((1000-9)%0402h)/4+1
  58  0036              ;# 58 "F:\2_Source\NW1951_NW2018_20SOP 上海佳点 BBU 控制器-V00\CODE\source\Initial.c" 1
  58  0036              	CALL __DELAYY3 +3-(((1000-9)%0402h)%4)
  58  0036              	ENDIF
  59  0036              #line 59 "F:\2_Source\NW1951_NW2018_20SOP 上海佳点 BBU 控制器-V00\CODE\source\Initial.c"
  59  0036  1E00     R  	snz _Sub_CMPx_Calibration_2[2]
  59  0037  2800     R  	jmp _L7
  61  0038              #line 61 "F:\2_Source\NW1951_NW2018_20SOP 上海佳点 BBU 控制器-V00\CODE\source\Initial.c"
  61  0038  077A        	mov a,[122]
  61  0039  0E01        	and a,1
  61  003A  0080     E  	mov ra,a
  61  003B  2800     R  	jmp _L35
  61  003C              _L7:
  66  003C              #line 66 "F:\2_Source\NW1951_NW2018_20SOP 上海佳点 BBU 控制器-V00\CODE\source\Initial.c"
  66  003C  0700     R  	mov a,_Sub_CMPx_Calibration_2[0]
  66  003D  0083        	mov mp,a
  66  003E  0700     R  	mov a,_Sub_CMPx_Calibration_2[1]
  66  003F  0084        	mov sbp,a
  66  0040  2000     E  	call _Crom2Prom
  66  0041  0080     E  	mov ra,a
  66  0042  0F80        	mov a,128
  66  0043  0680     E  	andm a,ra
  66  0044              _L35:
  66  0044  0700     R  	mov a,_Sub_CMPx_Calibration_2[4]
  66  0045  0200     E  	sub a,ra
  66  0046  3D0A        	sz z
  66  0047  2800     R  	jmp _L9
  66  0048              _L15:
  66  0048  0700     R  	mov a,_Sub_CMPx_Calibration_2[0]
  66  0049  0080     E  	mov rb,a
  66  004A  0700     R  	mov a,_Sub_CMPx_Calibration_2[1]
  66  004B  0080     E  	mov rc,a
  83  004C              #line 83 "F:\2_Source\NW1951_NW2018_20SOP 上海佳点 BBU 控制器-V00\CODE\source\Initial.c"
  83  004C  1E00     R  	snz _Sub_CMPx_Calibration_2[2]
  83  004D  2800     R  	jmp _L38
  86  004E              #line 86 "F:\2_Source\NW1951_NW2018_20SOP 上海佳点 BBU 控制器-V00\CODE\source\Initial.c"
  86  004E  0700     E  	mov a,rb
  86  004F  0083        	mov mp,a
  86  0050  0700     E  	mov a,rc
  86  0051  0084        	mov sbp,a
  86  0052  0FBF        	mov a,191
  86  0053  0082        	mov ir,a
  86  0054  2800     R  	jmp _L16
  86  0055              _L9:
  69  0055              #line 69 "F:\2_Source\NW1951_NW2018_20SOP 上海佳点 BBU 控制器-V00\CODE\source\Initial.c"
  69  0055  0700     R  	mov a,_Sub_CMPx_Calibration_2[6]
  69  0056  0200     R  	sub a,_Sub_CMPx_Calibration_2[3]
文件：Initial.c    编译器版本 HGASM 0202 页次7

  69  0057  390A        	snz z
  69  0058  2800     R  	jmp _L13
  69  0059  2800     R  	jmp _L14
  69  005A              _L38:
  91  005A              #line 91 "F:\2_Source\NW1951_NW2018_20SOP 上海佳点 BBU 控制器-V00\CODE\source\Initial.c"
  91  005A  0700     E  	mov a,rb
  91  005B  0083        	mov mp,a
  91  005C  0700     E  	mov a,rc
  91  005D  0084        	mov sbp,a
  91  005E  0F5F        	mov a,95
  91  005F  0082        	mov ir,a
  91  0060              _L16:
  93  0060              #line 93 "F:\2_Source\NW1951_NW2018_20SOP 上海佳点 BBU 控制器-V00\CODE\source\Initial.c"
  93  0060              ;# 93 "F:\2_Source\NW1951_NW2018_20SOP 上海佳点 BBU 控制器-V00\CODE\source\Initial.c" 1
  93  0060              	IF 1000>263690
  93  0060              ;# 93 "F:\2_Source\NW1951_NW2018_20SOP 上海佳点 BBU 控制器-V00\CODE\source\Initial.c" 1
  93  0060              	ERRMESSAGE 'the value 1000of the argument exceeds the maxinum 263690'
  93  0060              	ENDIF
  93  0060              ;# 93 "F:\2_Source\NW1951_NW2018_20SOP 上海佳点 BBU 控制器-V00\CODE\source\Initial.c" 1
  93  0060              	IF 1000<0
  93  0060              ;# 93 "F:\2_Source\NW1951_NW2018_20SOP 上海佳点 BBU 控制器-V00\CODE\source\Initial.c" 1
  93  0060              	ERRMESSAGE 'the value 1000 of the argument exceeds the mininum 0'
  93  0060              	ENDIF
  93  0060              ;# 93 "F:\2_Source\NW1951_NW2018_20SOP 上海佳点 BBU 控制器-V00\CODE\source\Initial.c" 1
  93  0060              	IF 1000==0
  93  0060              ;# 93 "F:\2_Source\NW1951_NW2018_20SOP 上海佳点 BBU 控制器-V00\CODE\source\Initial.c" 1
  93  0060              	JMP $
  93  0060              	ENDIF
  93  0060              ;# 93 "F:\2_Source\NW1951_NW2018_20SOP 上海佳点 BBU 控制器-V00\CODE\source\Initial.c" 1
  93  0060              	IF 1000==1
  93  0060              ;# 93 "F:\2_Source\NW1951_NW2018_20SOP 上海佳点 BBU 控制器-V00\CODE\source\Initial.c" 1
  93  0060              	NOP
  93  0060              	ENDIF
  93  0060              ;# 93 "F:\2_Source\NW1951_NW2018_20SOP 上海佳点 BBU 控制器-V00\CODE\source\Initial.c" 1
  93  0060              	IF 1000==2
  93  0060              ;# 93 "F:\2_Source\NW1951_NW2018_20SOP 上海佳点 BBU 控制器-V00\CODE\source\Initial.c" 1
  93  0060              	NOP
  93  0060              ;# 93 "F:\2_Source\NW1951_NW2018_20SOP 上海佳点 BBU 控制器-V00\CODE\source\Initial.c" 1
  93  0060              	NOP
  93  0060              	ENDIF
  93  0060              ;# 93 "F:\2_Source\NW1951_NW2018_20SOP 上海佳点 BBU 控制器-V00\CODE\source\Initial.c" 1
  93  0060              	IF 1000==3
  93  0060              ;# 93 "F:\2_Source\NW1951_NW2018_20SOP 上海佳点 BBU 控制器-V00\CODE\source\Initial.c" 1
  93  0060              	NOP
  93  0060              ;# 93 "F:\2_Source\NW1951_NW2018_20SOP 上海佳点 BBU 控制器-V00\CODE\source\Initial.c" 1
  93  0060              	NOP
  93  0060              ;# 93 "F:\2_Source\NW1951_NW2018_20SOP 上海佳点 BBU 控制器-V00\CODE\source\Initial.c" 1
  93  0060              	NOP
  93  0060              	ENDIF
  93  0060              ;# 93 "F:\2_Source\NW1951_NW2018_20SOP 上海佳点 BBU 控制器-V00\CODE\source\Initial.c" 1
  93  0060              	IF (1000<8) AND (1000>3)
  93  0060              ;# 93 "F:\2_Source\NW1951_NW2018_20SOP 上海佳点 BBU 控制器-V00\CODE\source\Initial.c" 1
  93  0060              	CALL __DELAY3 + 7 -1000
  93  0060              	ENDIF
  93  0060              ;# 93 "F:\2_Source\NW1951_NW2018_20SOP 上海佳点 BBU 控制器-V00\CODE\source\Initial.c" 1
  93  0060              	IF (1000< 0404h) AND (1000>7)
  93  0060              ;# 93 "F:\2_Source\NW1951_NW2018_20SOP 上海佳点 BBU 控制器-V00\CODE\source\Initial.c" 1
  93  0060  0FF9        	MOV A,1000/4-1
  93  0061              ;# 93 "F:\2_Source\NW1951_NW2018_20SOP 上海佳点 BBU 控制器-V00\CODE\source\Initial.c" 1
  93  0061  2000     E  	CALL __DELAYX3 + 3 -(1000 MOD 4)
文件：Initial.c    编译器版本 HGASM 0202 页次8

  93  0062              	ENDIF
  93  0062              ;# 93 "F:\2_Source\NW1951_NW2018_20SOP 上海佳点 BBU 控制器-V00\CODE\source\Initial.c" 1
  93  0062              	IF (1000< 0x40B) AND (1000> 0403h)
  93  0062              ;# 93 "F:\2_Source\NW1951_NW2018_20SOP 上海佳点 BBU 控制器-V00\CODE\source\Initial.c" 1
  93  0062              	MOV A,0 
  93  0062              ;# 93 "F:\2_Source\NW1951_NW2018_20SOP 上海佳点 BBU 控制器-V00\CODE\source\Initial.c" 1
  93  0062              	CALL __DELAYX6 + 0x40a -1000
  93  0062              	ENDIF
  93  0062              ;# 93 "F:\2_Source\NW1951_NW2018_20SOP 上海佳点 BBU 控制器-V00\CODE\source\Initial.c" 1
  93  0062              	IF (1000 >= 0x40b) AND ((((1000-9)%0402h)/4+1)>256)
  93  0062              ;# 93 "F:\2_Source\NW1951_NW2018_20SOP 上海佳点 BBU 控制器-V00\CODE\source\Initial.c" 1
  93  0062              	MOV A,(1000-9)/0402h
  93  0062              ;# 93 "F:\2_Source\NW1951_NW2018_20SOP 上海佳点 BBU 控制器-V00\CODE\source\Initial.c" 1
  93  0062              	MOV _builtin_holtek_delay_2,A
  93  0062              ;# 93 "F:\2_Source\NW1951_NW2018_20SOP 上海佳点 BBU 控制器-V00\CODE\source\Initial.c" 1
  93  0062              	MOV A,0
  93  0062              ;# 93 "F:\2_Source\NW1951_NW2018_20SOP 上海佳点 BBU 控制器-V00\CODE\source\Initial.c" 1
  93  0062              	CALL __DELAYY5 +5- (((1000-9)%0402h)%6)
  93  0062              	ENDIF
  93  0062              ;# 93 "F:\2_Source\NW1951_NW2018_20SOP 上海佳点 BBU 控制器-V00\CODE\source\Initial.c" 1
  93  0062              	IF (1000 >= 0x40b) AND ((((1000-9)%0402h)/4+1)<=256)
  93  0062              ;# 93 "F:\2_Source\NW1951_NW2018_20SOP 上海佳点 BBU 控制器-V00\CODE\source\Initial.c" 1
  93  0062              	MOV A,(1000-9)/0402h
  93  0062              ;# 93 "F:\2_Source\NW1951_NW2018_20SOP 上海佳点 BBU 控制器-V00\CODE\source\Initial.c" 1
  93  0062              	MOV _builtin_holtek_delay_2,A
  93  0062              ;# 93 "F:\2_Source\NW1951_NW2018_20SOP 上海佳点 BBU 控制器-V00\CODE\source\Initial.c" 1
  93  0062              	MOV A,((1000-9)%0402h)/4+1
  93  0062              ;# 93 "F:\2_Source\NW1951_NW2018_20SOP 上海佳点 BBU 控制器-V00\CODE\source\Initial.c" 1
  93  0062              	CALL __DELAYY3 +3-(((1000-9)%0402h)%4)
  93  0062              	ENDIF
  95  0062              #line 95 "F:\2_Source\NW1951_NW2018_20SOP 上海佳点 BBU 控制器-V00\CODE\source\Initial.c"
  95  0062  0700     R  	mov a,_Sub_CMPx_Calibration_2[3]
  95  0063  0080     R  	mov _Sub_CMPx_Calibration_2[5],a
  96  0064              #line 96 "F:\2_Source\NW1951_NW2018_20SOP 上海佳点 BBU 控制器-V00\CODE\source\Initial.c"
  96  0064  1F00     R  	clr _Sub_CMPx_Calibration_2[4]
  97  0065              #line 97 "F:\2_Source\NW1951_NW2018_20SOP 上海佳点 BBU 控制器-V00\CODE\source\Initial.c"
  97  0065  1E00     R  	snz _Sub_CMPx_Calibration_2[2]
  97  0066  2800     R  	jmp _L17
  99  0067              #line 99 "F:\2_Source\NW1951_NW2018_20SOP 上海佳点 BBU 控制器-V00\CODE\source\Initial.c"
  99  0067  387A        	snz [122].0
  99  0068  2800     R  	jmp _L23
 100  0069              #line 100 "F:\2_Source\NW1951_NW2018_20SOP 上海佳点 BBU 控制器-V00\CODE\source\Initial.c"
 100  0069  0F01        	mov a,1
 100  006A  0080     R  	mov _Sub_CMPx_Calibration_2[4],a
 100  006B  2800     R  	jmp _L23
 100  006C              _L17:
 104  006C              #line 104 "F:\2_Source\NW1951_NW2018_20SOP 上海佳点 BBU 控制器-V00\CODE\source\Initial.c"
 104  006C  0700     R  	mov a,_Sub_CMPx_Calibration_2[0]
 104  006D  0083        	mov mp,a
 104  006E  0700     R  	mov a,_Sub_CMPx_Calibration_2[1]
 104  006F  0084        	mov sbp,a
 104  0070  2000     E  	call _Crom2Prom
 104  0071  0080     E  	mov ra,a
 104  0072  3800     E  	snz ra.7
 104  0073  2800     R  	jmp _L23
 105  0074              #line 105 "F:\2_Source\NW1951_NW2018_20SOP 上海佳点 BBU 控制器-V00\CODE\source\Initial.c"
 105  0074  0F80        	mov a,128
 105  0075  0080     R  	mov _Sub_CMPx_Calibration_2[4],a
 105  0076              _L23:
 110  0076              #line 110 "F:\2_Source\NW1951_NW2018_20SOP 上海佳点 BBU 控制器-V00\CODE\source\Initial.c"
文件：Initial.c    编译器版本 HGASM 0202 页次9

 110  0076              ;# 110 "F:\2_Source\NW1951_NW2018_20SOP 上海佳点 BBU 控制器-V00\CODE\source\Initial.c" 1
 110  0076  0001        	clr wdt
 111  0077              #line 111 "F:\2_Source\NW1951_NW2018_20SOP 上海佳点 BBU 控制器-V00\CODE\source\Initial.c"
 111  0077  0700     R  	mov a,_Sub_CMPx_Calibration_2[0]
 111  0078  0083        	mov mp,a
 111  0079  0700     R  	mov a,_Sub_CMPx_Calibration_2[1]
 111  007A  0084        	mov sbp,a
 111  007B  2000     E  	call _Crom2Prom
 111  007C  0080     R  	mov _Sub_CMPx_Calibration_2[7],a
 111  007D  1500     R  	deca _Sub_CMPx_Calibration_2[7]
 111  007E  0080     E  	mov ra,a
 111  007F  0700     E  	mov a,ra
 111  0080  0082        	mov ir,a
 112  0081              #line 112 "F:\2_Source\NW1951_NW2018_20SOP 上海佳点 BBU 控制器-V00\CODE\source\Initial.c"
 112  0081  1580     R  	dec _Sub_CMPx_Calibration_2[5]
 113  0082              #line 113 "F:\2_Source\NW1951_NW2018_20SOP 上海佳点 BBU 控制器-V00\CODE\source\Initial.c"
 113  0082              ;# 113 "F:\2_Source\NW1951_NW2018_20SOP 上海佳点 BBU 控制器-V00\CODE\source\Initial.c" 1
 113  0082              	IF 1000>263690
 113  0082              ;# 113 "F:\2_Source\NW1951_NW2018_20SOP 上海佳点 BBU 控制器-V00\CODE\source\Initial.c" 1
 113  0082              	ERRMESSAGE 'the value 1000of the argument exceeds the maxinum 263690'
 113  0082              	ENDIF
 113  0082              ;# 113 "F:\2_Source\NW1951_NW2018_20SOP 上海佳点 BBU 控制器-V00\CODE\source\Initial.c" 1
 113  0082              	IF 1000<0
 113  0082              ;# 113 "F:\2_Source\NW1951_NW2018_20SOP 上海佳点 BBU 控制器-V00\CODE\source\Initial.c" 1
 113  0082              	ERRMESSAGE 'the value 1000 of the argument exceeds the mininum 0'
 113  0082              	ENDIF
 113  0082              ;# 113 "F:\2_Source\NW1951_NW2018_20SOP 上海佳点 BBU 控制器-V00\CODE\source\Initial.c" 1
 113  0082              	IF 1000==0
 113  0082              ;# 113 "F:\2_Source\NW1951_NW2018_20SOP 上海佳点 BBU 控制器-V00\CODE\source\Initial.c" 1
 113  0082              	JMP $
 113  0082              	ENDIF
 113  0082              ;# 113 "F:\2_Source\NW1951_NW2018_20SOP 上海佳点 BBU 控制器-V00\CODE\source\Initial.c" 1
 113  0082              	IF 1000==1
 113  0082              ;# 113 "F:\2_Source\NW1951_NW2018_20SOP 上海佳点 BBU 控制器-V00\CODE\source\Initial.c" 1
 113  0082              	NOP
 113  0082              	ENDIF
 113  0082              ;# 113 "F:\2_Source\NW1951_NW2018_20SOP 上海佳点 BBU 控制器-V00\CODE\source\Initial.c" 1
 113  0082              	IF 1000==2
 113  0082              ;# 113 "F:\2_Source\NW1951_NW2018_20SOP 上海佳点 BBU 控制器-V00\CODE\source\Initial.c" 1
 113  0082              	NOP
 113  0082              ;# 113 "F:\2_Source\NW1951_NW2018_20SOP 上海佳点 BBU 控制器-V00\CODE\source\Initial.c" 1
 113  0082              	NOP
 113  0082              	ENDIF
 113  0082              ;# 113 "F:\2_Source\NW1951_NW2018_20SOP 上海佳点 BBU 控制器-V00\CODE\source\Initial.c" 1
 113  0082              	IF 1000==3
 113  0082              ;# 113 "F:\2_Source\NW1951_NW2018_20SOP 上海佳点 BBU 控制器-V00\CODE\source\Initial.c" 1
 113  0082              	NOP
 113  0082              ;# 113 "F:\2_Source\NW1951_NW2018_20SOP 上海佳点 BBU 控制器-V00\CODE\source\Initial.c" 1
 113  0082              	NOP
 113  0082              ;# 113 "F:\2_Source\NW1951_NW2018_20SOP 上海佳点 BBU 控制器-V00\CODE\source\Initial.c" 1
 113  0082              	NOP
 113  0082              	ENDIF
 113  0082              ;# 113 "F:\2_Source\NW1951_NW2018_20SOP 上海佳点 BBU 控制器-V00\CODE\source\Initial.c" 1
 113  0082              	IF (1000<8) AND (1000>3)
 113  0082              ;# 113 "F:\2_Source\NW1951_NW2018_20SOP 上海佳点 BBU 控制器-V00\CODE\source\Initial.c" 1
 113  0082              	CALL __DELAY3 + 7 -1000
 113  0082              	ENDIF
 113  0082              ;# 113 "F:\2_Source\NW1951_NW2018_20SOP 上海佳点 BBU 控制器-V00\CODE\source\Initial.c" 1
 113  0082              	IF (1000< 0404h) AND (1000>7)
 113  0082              ;# 113 "F:\2_Source\NW1951_NW2018_20SOP 上海佳点 BBU 控制器-V00\CODE\source\Initial.c" 1
文件：Initial.c    编译器版本 HGASM 0202 页次10

 113  0082  0FF9        	MOV A,1000/4-1
 113  0083              ;# 113 "F:\2_Source\NW1951_NW2018_20SOP 上海佳点 BBU 控制器-V00\CODE\source\Initial.c" 1
 113  0083  2000     E  	CALL __DELAYX3 + 3 -(1000 MOD 4)
 113  0084              	ENDIF
 113  0084              ;# 113 "F:\2_Source\NW1951_NW2018_20SOP 上海佳点 BBU 控制器-V00\CODE\source\Initial.c" 1
 113  0084              	IF (1000< 0x40B) AND (1000> 0403h)
 113  0084              ;# 113 "F:\2_Source\NW1951_NW2018_20SOP 上海佳点 BBU 控制器-V00\CODE\source\Initial.c" 1
 113  0084              	MOV A,0 
 113  0084              ;# 113 "F:\2_Source\NW1951_NW2018_20SOP 上海佳点 BBU 控制器-V00\CODE\source\Initial.c" 1
 113  0084              	CALL __DELAYX6 + 0x40a -1000
 113  0084              	ENDIF
 113  0084              ;# 113 "F:\2_Source\NW1951_NW2018_20SOP 上海佳点 BBU 控制器-V00\CODE\source\Initial.c" 1
 113  0084              	IF (1000 >= 0x40b) AND ((((1000-9)%0402h)/4+1)>256)
 113  0084              ;# 113 "F:\2_Source\NW1951_NW2018_20SOP 上海佳点 BBU 控制器-V00\CODE\source\Initial.c" 1
 113  0084              	MOV A,(1000-9)/0402h
 113  0084              ;# 113 "F:\2_Source\NW1951_NW2018_20SOP 上海佳点 BBU 控制器-V00\CODE\source\Initial.c" 1
 113  0084              	MOV _builtin_holtek_delay_2,A
 113  0084              ;# 113 "F:\2_Source\NW1951_NW2018_20SOP 上海佳点 BBU 控制器-V00\CODE\source\Initial.c" 1
 113  0084              	MOV A,0
 113  0084              ;# 113 "F:\2_Source\NW1951_NW2018_20SOP 上海佳点 BBU 控制器-V00\CODE\source\Initial.c" 1
 113  0084              	CALL __DELAYY5 +5- (((1000-9)%0402h)%6)
 113  0084              	ENDIF
 113  0084              ;# 113 "F:\2_Source\NW1951_NW2018_20SOP 上海佳点 BBU 控制器-V00\CODE\source\Initial.c" 1
 113  0084              	IF (1000 >= 0x40b) AND ((((1000-9)%0402h)/4+1)<=256)
 113  0084              ;# 113 "F:\2_Source\NW1951_NW2018_20SOP 上海佳点 BBU 控制器-V00\CODE\source\Initial.c" 1
 113  0084              	MOV A,(1000-9)/0402h
 113  0084              ;# 113 "F:\2_Source\NW1951_NW2018_20SOP 上海佳点 BBU 控制器-V00\CODE\source\Initial.c" 1
 113  0084              	MOV _builtin_holtek_delay_2,A
 113  0084              ;# 113 "F:\2_Source\NW1951_NW2018_20SOP 上海佳点 BBU 控制器-V00\CODE\source\Initial.c" 1
 113  0084              	MOV A,((1000-9)%0402h)/4+1
 113  0084              ;# 113 "F:\2_Source\NW1951_NW2018_20SOP 上海佳点 BBU 控制器-V00\CODE\source\Initial.c" 1
 113  0084              	CALL __DELAYY3 +3-(((1000-9)%0402h)%4)
 113  0084              	ENDIF
 113  0084  0700     R  	mov a,_Sub_CMPx_Calibration_2[0]
 113  0085  0080     E  	mov rb,a
 113  0086  0700     R  	mov a,_Sub_CMPx_Calibration_2[1]
 113  0087  0080     E  	mov rc,a
 114  0088              #line 114 "F:\2_Source\NW1951_NW2018_20SOP 上海佳点 BBU 控制器-V00\CODE\source\Initial.c"
 114  0088  1E00     R  	snz _Sub_CMPx_Calibration_2[2]
 114  0089  2800     R  	jmp _L19
 116  008A              #line 116 "F:\2_Source\NW1951_NW2018_20SOP 上海佳点 BBU 控制器-V00\CODE\source\Initial.c"
 116  008A  077A        	mov a,[122]
 116  008B  0E01        	and a,1
 116  008C  0080     E  	mov ra,a
 116  008D  0700     R  	mov a,_Sub_CMPx_Calibration_2[4]
 116  008E  0200     E  	sub a,ra
 116  008F  3D0A        	sz z
 116  0090  2800     R  	jmp _L21
 116  0091  2800     R  	jmp _L20
 116  0092              _L19:
 121  0092              #line 121 "F:\2_Source\NW1951_NW2018_20SOP 上海佳点 BBU 控制器-V00\CODE\source\Initial.c"
 121  0092  0700     E  	mov a,rb
 121  0093  0083        	mov mp,a
 121  0094  0700     E  	mov a,rc
 121  0095  0084        	mov sbp,a
 121  0096  2000     E  	call _Crom2Prom
 121  0097  0080     E  	mov ra,a
 121  0098  0F80        	mov a,128
 121  0099  0680     E  	andm a,ra
 121  009A  0700     R  	mov a,_Sub_CMPx_Calibration_2[4]
文件：Initial.c    编译器版本 HGASM 0202 页次11

 121  009B  0200     E  	sub a,ra
 121  009C  390A        	snz z
 121  009D  2800     R  	jmp _L20
 121  009E              _L21:
 124  009E              #line 124 "F:\2_Source\NW1951_NW2018_20SOP 上海佳点 BBU 控制器-V00\CODE\source\Initial.c"
 124  009E  1080     R  	sz _Sub_CMPx_Calibration_2[5]
 124  009F  2800     R  	jmp _L23
 124  00A0  2800     R  	jmp _L15
 124  00A1              _L20:
 135  00A1              #line 135 "F:\2_Source\NW1951_NW2018_20SOP 上海佳点 BBU 控制器-V00\CODE\source\Initial.c"
 135  00A1  0700     R  	mov a,_Sub_CMPx_Calibration_2[6]
 135  00A2  0380     R  	addm a,_Sub_CMPx_Calibration_2[5]
 138  00A3              #line 138 "F:\2_Source\NW1951_NW2018_20SOP 上海佳点 BBU 控制器-V00\CODE\source\Initial.c"
 138  00A3  0700     E  	mov a,rb
 138  00A4  0083        	mov mp,a
 138  00A5  0700     E  	mov a,rc
 138  00A6  0084        	mov sbp,a
 136  00A7              #line 136 "F:\2_Source\NW1951_NW2018_20SOP 上海佳点 BBU 控制器-V00\CODE\source\Initial.c"
 136  00A7  1E00     R  	snz _Sub_CMPx_Calibration_2[2]
 136  00A8  2800     R  	jmp _L24
 138  00A9              #line 138 "F:\2_Source\NW1951_NW2018_20SOP 上海佳点 BBU 控制器-V00\CODE\source\Initial.c"
 138  00A9  2000     E  	call _Crom2Prom
 138  00AA  0080     R  	mov _Sub_CMPx_Calibration_2[7],a
 138  00AB  0700     R  	mov a,_Sub_CMPx_Calibration_2[7]
 138  00AC  0EC0        	and a,192
 138  00AD  0080     E  	mov ra,a
 138  00AE  0700     E  	mov a,ra
 138  00AF  0082        	mov ir,a
 139  00B0              #line 139 "F:\2_Source\NW1951_NW2018_20SOP 上海佳点 BBU 控制器-V00\CODE\source\Initial.c"
 139  00B0  0700     R  	mov a,_Sub_CMPx_Calibration_2[0]
 139  00B1  0083        	mov mp,a
 139  00B2  0700     R  	mov a,_Sub_CMPx_Calibration_2[1]
 139  00B3  0084        	mov sbp,a
 139  00B4  2000     E  	call _Crom2Prom
 139  00B5  0080     R  	mov _Sub_CMPx_Calibration_2[7],a
 139  00B6  1900     R  	rra _Sub_CMPx_Calibration_2[5]
 139  00B7  0E7F        	and a,07fh
 139  00B8  0080     E  	mov ra,a
 139  00B9  0F3F        	mov a,63
 139  00BA  0680     E  	andm a,ra
 139  00BB  0700     R  	mov a,_Sub_CMPx_Calibration_2[7]
 139  00BC  0580     E  	orm a,ra
 139  00BD  0700     E  	mov a,ra
 139  00BE  0082        	mov ir,a
 140  00BF              #line 140 "F:\2_Source\NW1951_NW2018_20SOP 上海佳点 BBU 控制器-V00\CODE\source\Initial.c"
 140  00BF  0700     R  	mov a,_Sub_CMPx_Calibration_2[0]
 140  00C0  0083        	mov mp,a
 140  00C1  0700     R  	mov a,_Sub_CMPx_Calibration_2[1]
 140  00C2  0084        	mov sbp,a
 140  00C3  2000     E  	call _Crom2Prom
 140  00C4  0080     E  	mov ra,a
 140  00C5  3400     E  	clr ra.7
 140  00C6  2800     R  	jmp _L36
 140  00C7              _L24:
 144  00C7              #line 144 "F:\2_Source\NW1951_NW2018_20SOP 上海佳点 BBU 控制器-V00\CODE\source\Initial.c"
 144  00C7  2000     E  	call _Crom2Prom
 144  00C8  0080     R  	mov _Sub_CMPx_Calibration_2[7],a
 144  00C9  0700     R  	mov a,_Sub_CMPx_Calibration_2[7]
 144  00CA  0EE0        	and a,224
 144  00CB  0080     E  	mov ra,a
文件：Initial.c    编译器版本 HGASM 0202 页次12

 144  00CC  0700     E  	mov a,ra
 144  00CD  0082        	mov ir,a
 145  00CE              #line 145 "F:\2_Source\NW1951_NW2018_20SOP 上海佳点 BBU 控制器-V00\CODE\source\Initial.c"
 145  00CE  0700     R  	mov a,_Sub_CMPx_Calibration_2[0]
 145  00CF  0083        	mov mp,a
 145  00D0  0700     R  	mov a,_Sub_CMPx_Calibration_2[1]
 145  00D1  0084        	mov sbp,a
 145  00D2  2000     E  	call _Crom2Prom
 145  00D3  0080     R  	mov _Sub_CMPx_Calibration_2[7],a
 145  00D4  1900     R  	rra _Sub_CMPx_Calibration_2[5]
 145  00D5  0E7F        	and a,07fh
 145  00D6  0080     E  	mov ra,a
 145  00D7  0F1F        	mov a,31
 145  00D8  0680     E  	andm a,ra
 145  00D9  0700     R  	mov a,_Sub_CMPx_Calibration_2[7]
 145  00DA  0580     E  	orm a,ra
 145  00DB  0700     E  	mov a,ra
 145  00DC  0082        	mov ir,a
 146  00DD              #line 146 "F:\2_Source\NW1951_NW2018_20SOP 上海佳点 BBU 控制器-V00\CODE\source\Initial.c"
 146  00DD  0700     R  	mov a,_Sub_CMPx_Calibration_2[0]
 146  00DE  0083        	mov mp,a
 146  00DF  0700     R  	mov a,_Sub_CMPx_Calibration_2[1]
 146  00E0  0084        	mov sbp,a
 146  00E1  2000     E  	call _Crom2Prom
 146  00E2  0080     E  	mov ra,a
 146  00E3  3400     E  	clr ra.6
 146  00E4              _L36:
 146  00E4  0700     E  	mov a,ra
 146  00E5  0082        	mov ir,a
 146  00E6  0003        	ret
 146  00E7              _Sub_CMPx_Calibration endp
 146  00E7              #line 146 "F:\2_Source\NW1951_NW2018_20SOP 上海佳点 BBU 控制器-V00\CODE\source\Initial.c"
 146  00E7              #pragma debug scope 1 1
 146  00E7              ___cmp0c0 equ [104]
 146  00E7              ___cmp0c2 equ [106]
 146  00E7              ___cmp0c3 equ [107]
 146  00E7              ___cmp1c0 equ [109]
 146  00E7              ___cmp1c2 equ [102]
 146  00E7              ___cmp2c0 equ [112]
 146  00E7              ___cmp3c0 equ [115]
 146  00E7              ___cmp3c2 equ [103]
 146  00E7              ___cmp4c0 equ [118]
 146  00E7              ___cmp4c2 equ [120]
 146  00E7              ___cmp1da equ [111]
 146  00E7              ___cmp2da equ [114]
 146  00E7              ___cmp3da equ [117]
 146  00E7              ___cmp4da equ [121]
 146  00E7              public _Sub_CMPx_Initialation
 146  00E7              #pragma debug scope 3 1
 158  00E7              #line 158 "F:\2_Source\NW1951_NW2018_20SOP 上海佳点 BBU 控制器-V00\CODE\source\Initial.c"
 158  0000              _Sub_CMPx_Initialation .section 'code'
 158  0000              _Sub_CMPx_Initialation proc
 194  0000              #line 194 "F:\2_Source\NW1951_NW2018_20SOP 上海佳点 BBU 控制器-V00\CODE\source\Initial.c"
 194  0000  0FA4        	mov a,164
 194  0001  00FA        	mov [122],a
 229  0002              #line 229 "F:\2_Source\NW1951_NW2018_20SOP 上海佳点 BBU 控制器-V00\CODE\source\Initial.c"
 229  0002  1F68        	clr [104]
 251  0003              #line 251 "F:\2_Source\NW1951_NW2018_20SOP 上海佳点 BBU 控制器-V00\CODE\source\Initial.c"
 251  0003  0F03        	mov a,3
 251  0004  00EA        	mov [106],a
文件：Initial.c    编译器版本 HGASM 0202 页次13

 275  0005              #line 275 "F:\2_Source\NW1951_NW2018_20SOP 上海佳点 BBU 控制器-V00\CODE\source\Initial.c"
 275  0005  1F6B        	clr [107]
 317  0006              #line 317 "F:\2_Source\NW1951_NW2018_20SOP 上海佳点 BBU 控制器-V00\CODE\source\Initial.c"
 317  0006  1F6D        	clr [109]
 341  0007              #line 341 "F:\2_Source\NW1951_NW2018_20SOP 上海佳点 BBU 控制器-V00\CODE\source\Initial.c"
 341  0007  1F66        	clr [102]
 378  0008              #line 378 "F:\2_Source\NW1951_NW2018_20SOP 上海佳点 BBU 控制器-V00\CODE\source\Initial.c"
 378  0008  1F70        	clr [112]
 416  0009              #line 416 "F:\2_Source\NW1951_NW2018_20SOP 上海佳点 BBU 控制器-V00\CODE\source\Initial.c"
 416  0009  1F73        	clr [115]
 436  000A              #line 436 "F:\2_Source\NW1951_NW2018_20SOP 上海佳点 BBU 控制器-V00\CODE\source\Initial.c"
 436  000A  1F67        	clr [103]
 478  000B              #line 478 "F:\2_Source\NW1951_NW2018_20SOP 上海佳点 BBU 控制器-V00\CODE\source\Initial.c"
 478  000B  1F76        	clr [118]
 501  000C              #line 501 "F:\2_Source\NW1951_NW2018_20SOP 上海佳点 BBU 控制器-V00\CODE\source\Initial.c"
 501  000C  1F78        	clr [120]
 520  000D              #line 520 "F:\2_Source\NW1951_NW2018_20SOP 上海佳点 BBU 控制器-V00\CODE\source\Initial.c"
 520  000D  0FAA        	mov a,170
 520  000E  00EF        	mov [111],a
 523  000F              #line 523 "F:\2_Source\NW1951_NW2018_20SOP 上海佳点 BBU 控制器-V00\CODE\source\Initial.c"
 523  000F  0F32        	mov a,50
 523  0010  00F2        	mov [114],a
 526  0011              #line 526 "F:\2_Source\NW1951_NW2018_20SOP 上海佳点 BBU 控制器-V00\CODE\source\Initial.c"
 526  0011  0FC8        	mov a,200
 526  0012  00F5        	mov [117],a
 529  0013              #line 529 "F:\2_Source\NW1951_NW2018_20SOP 上海佳点 BBU 控制器-V00\CODE\source\Initial.c"
 529  0013  0F96        	mov a,150
 529  0014  00F9        	mov [121],a
 529  0015  0003        	ret
 529  0016              _Sub_CMPx_Initialation endp
 529  0016              #line 529 "F:\2_Source\NW1951_NW2018_20SOP 上海佳点 BBU 控制器-V00\CODE\source\Initial.c"
 529  0016              #pragma debug scope 1 1
 529  0016              ___opac1 equ [123]
 529  0016              ___cmp0c1 equ [105]
 529  0016              ___cmp1c1 equ [110]
 529  0016              ___cmp2c1 equ [113]
 529  0016              ___cmp3c1 equ [116]
 529  0016              ___cmp4c1 equ [119]
 529  0016              public _OPA_CMPx_INITIAL
 529  0016              #pragma debug scope 4 1
 541  0016              #line 541 "F:\2_Source\NW1951_NW2018_20SOP 上海佳点 BBU 控制器-V00\CODE\source\Initial.c"
 541  0000              _OPA_CMPx_INITIAL .section 'code'
 541  0000              _OPA_CMPx_INITIAL proc
 543  0000              #line 543 "F:\2_Source\NW1951_NW2018_20SOP 上海佳点 BBU 控制器-V00\CODE\source\Initial.c"
 543  0000  0FA0        	mov a,160
 543  0001  00FA        	mov [122],a
 544  0002              #line 544 "F:\2_Source\NW1951_NW2018_20SOP 上海佳点 BBU 控制器-V00\CODE\source\Initial.c"
 544  0002  0F01        	mov a,1
 544  0003  0080     R  	mov _Sub_CMPx_Calibration_2[2],a
 544  0004  0F7B        	mov a,low offset ___opac1
 544  0005  0080     R  	mov _Sub_CMPx_Calibration_2[0],a
 544  0006  0F00        	mov a,high offset ___opac1
 544  0007  0080     R  	mov _Sub_CMPx_Calibration_2[1],a
 544  0008  2000     R  	call _Sub_CMPx_Calibration
 545  0009              #line 545 "F:\2_Source\NW1951_NW2018_20SOP 上海佳点 BBU 控制器-V00\CODE\source\Initial.c"
 545  0009  32E8        	set [104].5
 546  000A              #line 546 "F:\2_Source\NW1951_NW2018_20SOP 上海佳点 BBU 控制器-V00\CODE\source\Initial.c"
 546  000A  1F00     R  	clr _Sub_CMPx_Calibration_2[2]
 546  000B  0F69        	mov a,low offset ___cmp0c1
 546  000C  0080     R  	mov _Sub_CMPx_Calibration_2[0],a
文件：Initial.c    编译器版本 HGASM 0202 页次14

 546  000D  0F00        	mov a,high offset ___cmp0c1
 546  000E  0080     R  	mov _Sub_CMPx_Calibration_2[1],a
 546  000F  2000     R  	call _Sub_CMPx_Calibration
 547  0010              #line 547 "F:\2_Source\NW1951_NW2018_20SOP 上海佳点 BBU 控制器-V00\CODE\source\Initial.c"
 547  0010  32ED        	set [109].5
 548  0011              #line 548 "F:\2_Source\NW1951_NW2018_20SOP 上海佳点 BBU 控制器-V00\CODE\source\Initial.c"
 548  0011  1F00     R  	clr _Sub_CMPx_Calibration_2[2]
 548  0012  0F6E        	mov a,low offset ___cmp1c1
 548  0013  0080     R  	mov _Sub_CMPx_Calibration_2[0],a
 548  0014  0F00        	mov a,high offset ___cmp1c1
 548  0015  0080     R  	mov _Sub_CMPx_Calibration_2[1],a
 548  0016  2000     R  	call _Sub_CMPx_Calibration
 549  0017              #line 549 "F:\2_Source\NW1951_NW2018_20SOP 上海佳点 BBU 控制器-V00\CODE\source\Initial.c"
 549  0017  32F0        	set [112].5
 550  0018              #line 550 "F:\2_Source\NW1951_NW2018_20SOP 上海佳点 BBU 控制器-V00\CODE\source\Initial.c"
 550  0018  1F00     R  	clr _Sub_CMPx_Calibration_2[2]
 550  0019  0F71        	mov a,low offset ___cmp2c1
 550  001A  0080     R  	mov _Sub_CMPx_Calibration_2[0],a
 550  001B  0F00        	mov a,high offset ___cmp2c1
 550  001C  0080     R  	mov _Sub_CMPx_Calibration_2[1],a
 550  001D  2000     R  	call _Sub_CMPx_Calibration
 551  001E              #line 551 "F:\2_Source\NW1951_NW2018_20SOP 上海佳点 BBU 控制器-V00\CODE\source\Initial.c"
 551  001E  32F3        	set [115].5
 552  001F              #line 552 "F:\2_Source\NW1951_NW2018_20SOP 上海佳点 BBU 控制器-V00\CODE\source\Initial.c"
 552  001F  1F00     R  	clr _Sub_CMPx_Calibration_2[2]
 552  0020  0F74        	mov a,low offset ___cmp3c1
 552  0021  0080     R  	mov _Sub_CMPx_Calibration_2[0],a
 552  0022  0F00        	mov a,high offset ___cmp3c1
 552  0023  0080     R  	mov _Sub_CMPx_Calibration_2[1],a
 552  0024  2000     R  	call _Sub_CMPx_Calibration
 553  0025              #line 553 "F:\2_Source\NW1951_NW2018_20SOP 上海佳点 BBU 控制器-V00\CODE\source\Initial.c"
 553  0025  32F6        	set [118].5
 554  0026              #line 554 "F:\2_Source\NW1951_NW2018_20SOP 上海佳点 BBU 控制器-V00\CODE\source\Initial.c"
 554  0026  1F00     R  	clr _Sub_CMPx_Calibration_2[2]
 554  0027  0F77        	mov a,low offset ___cmp4c1
 554  0028  0080     R  	mov _Sub_CMPx_Calibration_2[0],a
 554  0029  0F00        	mov a,high offset ___cmp4c1
 554  002A  0080     R  	mov _Sub_CMPx_Calibration_2[1],a
 554  002B  2000     R  	call _Sub_CMPx_Calibration
 556  002C              #line 556 "F:\2_Source\NW1951_NW2018_20SOP 上海佳点 BBU 控制器-V00\CODE\source\Initial.c"
 556  002C  2000     R  	call _Sub_CMPx_Initialation
 556  002D  0003        	ret
 556  002E              _OPA_CMPx_INITIAL endp
 556  002E              #line 556 "F:\2_Source\NW1951_NW2018_20SOP 上海佳点 BBU 控制器-V00\CODE\source\Initial.c"
 556  002E              #pragma debug scope 1 1
 556  002E              ___scc equ [15]
 556  002E              ___hircc equ [108]
 556  002E              ___wdtc equ [31]
 556  002E              ___lvrc equ [33]
 556  002E              ___lvdc equ [34]
 556  002E              public _SYS_INITIAL
 556  002E              #pragma debug scope 5 1
 588  002E              #line 588 "F:\2_Source\NW1951_NW2018_20SOP 上海佳点 BBU 控制器-V00\CODE\source\Initial.c"
 588  0000              _SYS_INITIAL .section 'code'
 588  0000              _SYS_INITIAL proc
 629  0000              #line 629 "F:\2_Source\NW1951_NW2018_20SOP 上海佳点 BBU 控制器-V00\CODE\source\Initial.c"
 629  0000  1F0F        	clr [15]
 630  0001              #line 630 "F:\2_Source\NW1951_NW2018_20SOP 上海佳点 BBU 控制器-V00\CODE\source\Initial.c"
 630  0001  0F01        	mov a,1
 630  0002  00EC        	mov [108],a
文件：Initial.c    编译器版本 HGASM 0202 页次15

 630  0003              _L42:
 632  0003              #line 632 "F:\2_Source\NW1951_NW2018_20SOP 上海佳点 BBU 控制器-V00\CODE\source\Initial.c"
 632  0003  3CEC        	sz [108].1
 632  0004  2800     R  	jmp _L44
 634  0005              #line 634 "F:\2_Source\NW1951_NW2018_20SOP 上海佳点 BBU 控制器-V00\CODE\source\Initial.c"
 634  0005              ;# 634 "F:\2_Source\NW1951_NW2018_20SOP 上海佳点 BBU 控制器-V00\CODE\source\Initial.c" 1
 634  0005  0001        	clr wdt
 634  0006  2800     R  	jmp _L42
 634  0007              _L44:
 637  0007              #line 637 "F:\2_Source\NW1951_NW2018_20SOP 上海佳点 BBU 控制器-V00\CODE\source\Initial.c"
 637  0007  0FAF        	mov a,175
 637  0008  009F        	mov [31],a
 638  0009              #line 638 "F:\2_Source\NW1951_NW2018_20SOP 上海佳点 BBU 控制器-V00\CODE\source\Initial.c"
 638  0009  0F55        	mov a,85
 638  000A  00A1        	mov [33],a
 639  000B              #line 639 "F:\2_Source\NW1951_NW2018_20SOP 上海佳点 BBU 控制器-V00\CODE\source\Initial.c"
 639  000B  0F1D        	mov a,29
 639  000C  00A2        	mov [34],a
 639  000D  0003        	ret
 639  000E              _SYS_INITIAL endp
 639  000E              #line 639 "F:\2_Source\NW1951_NW2018_20SOP 上海佳点 BBU 控制器-V00\CODE\source\Initial.c"
 639  000E              #pragma debug scope 1 1
 639  000E              ___ctrl equ [99]
 639  000E              ___pas0 equ [124]
 639  000E              ___pas1 equ [125]
 639  000E              ___papu equ [22]
 639  000E              ___pac equ [21]
 639  000E              ___pa equ [20]
 639  000E              ___pbs0 equ [72]
 639  000E              ___pbpu equ [71]
 639  000E              ___pbc equ [70]
 639  000E              ___pb equ [69]
 639  000E              ___pcs0 equ [100]
 639  000E              ___pcs1 equ [101]
 639  000E              ___pcpu equ [41]
 639  000E              ___pcc equ [40]
 639  000E              ___pc equ [39]
 639  000E              public _IO_INITIAL
 639  000E              #pragma debug scope 6 1
 647  000E              #line 647 "F:\2_Source\NW1951_NW2018_20SOP 上海佳点 BBU 控制器-V00\CODE\source\Initial.c"
 647  0000              _IO_INITIAL .section 'code'
 647  0000              _IO_INITIAL proc
 658  0000              #line 658 "F:\2_Source\NW1951_NW2018_20SOP 上海佳点 BBU 控制器-V00\CODE\source\Initial.c"
 658  0000  0F20        	mov a,32
 658  0001  00E3        	mov [99],a
 683  0002              #line 683 "F:\2_Source\NW1951_NW2018_20SOP 上海佳点 BBU 控制器-V00\CODE\source\Initial.c"
 683  0002  0F0C        	mov a,12
 683  0003  00FC        	mov [124],a
 684  0004              #line 684 "F:\2_Source\NW1951_NW2018_20SOP 上海佳点 BBU 控制器-V00\CODE\source\Initial.c"
 684  0004  0F30        	mov a,48
 684  0005  00FD        	mov [125],a
 686  0006              #line 686 "F:\2_Source\NW1951_NW2018_20SOP 上海佳点 BBU 控制器-V00\CODE\source\Initial.c"
 686  0006  0F04        	mov a,4
 686  0007  0096        	mov [22],a
 687  0008              #line 687 "F:\2_Source\NW1951_NW2018_20SOP 上海佳点 BBU 控制器-V00\CODE\source\Initial.c"
 687  0008  0F46        	mov a,70
 687  0009  0095        	mov [21],a
 688  000A              #line 688 "F:\2_Source\NW1951_NW2018_20SOP 上海佳点 BBU 控制器-V00\CODE\source\Initial.c"
 688  000A  0F80        	mov a,128
 688  000B  0094        	mov [20],a
文件：Initial.c    编译器版本 HGASM 0202 页次16

 689  000C              #line 689 "F:\2_Source\NW1951_NW2018_20SOP 上海佳点 BBU 控制器-V00\CODE\source\Initial.c"
 689  000C  3795        	clr [21].7
 690  000D              #line 690 "F:\2_Source\NW1951_NW2018_20SOP 上海佳点 BBU 控制器-V00\CODE\source\Initial.c"
 690  000D  3794        	clr [20].7
 702  000E              #line 702 "F:\2_Source\NW1951_NW2018_20SOP 上海佳点 BBU 控制器-V00\CODE\source\Initial.c"
 702  000E  0F0F        	mov a,15
 702  000F  00C8        	mov [72],a
 703  0010              #line 703 "F:\2_Source\NW1951_NW2018_20SOP 上海佳点 BBU 控制器-V00\CODE\source\Initial.c"
 703  0010  0F0C        	mov a,12
 703  0011  00C7        	mov [71],a
 704  0012              #line 704 "F:\2_Source\NW1951_NW2018_20SOP 上海佳点 BBU 控制器-V00\CODE\source\Initial.c"
 704  0012  0F0C        	mov a,12
 704  0013  00C6        	mov [70],a
 705  0014              #line 705 "F:\2_Source\NW1951_NW2018_20SOP 上海佳点 BBU 控制器-V00\CODE\source\Initial.c"
 705  0014  1F45        	clr [69]
 725  0015              #line 725 "F:\2_Source\NW1951_NW2018_20SOP 上海佳点 BBU 控制器-V00\CODE\source\Initial.c"
 725  0015  0F03        	mov a,3
 725  0016  00E4        	mov [100],a
 726  0017              #line 726 "F:\2_Source\NW1951_NW2018_20SOP 上海佳点 BBU 控制器-V00\CODE\source\Initial.c"
 726  0017  1F65        	clr [101]
 727  0018              #line 727 "F:\2_Source\NW1951_NW2018_20SOP 上海佳点 BBU 控制器-V00\CODE\source\Initial.c"
 727  0018  0F06        	mov a,6
 727  0019  00A9        	mov [41],a
 728  001A              #line 728 "F:\2_Source\NW1951_NW2018_20SOP 上海佳点 BBU 控制器-V00\CODE\source\Initial.c"
 728  001A  0F06        	mov a,6
 728  001B  00A8        	mov [40],a
 729  001C              #line 729 "F:\2_Source\NW1951_NW2018_20SOP 上海佳点 BBU 控制器-V00\CODE\source\Initial.c"
 729  001C  0F08        	mov a,8
 729  001D  00A7        	mov [39],a
 729  001E  0003        	ret
 729  001F              _IO_INITIAL endp
 729  001F              #line 729 "F:\2_Source\NW1951_NW2018_20SOP 上海佳点 BBU 控制器-V00\CODE\source\Initial.c"
 729  001F              #pragma debug scope 1 1
 729  001F              ___tbc equ [36]
 729  001F              ___integ equ [35]
 729  001F              ___intc2 equ [18]
 729  001F              ___mfi0 equ [24]
 729  001F              ___intc1 equ [17]
 729  001F              ___intc0 equ [16]
 729  001F              public _INTERRUPT_INITIAL
 729  001F              #pragma debug scope 7 1
 737  001F              #line 737 "F:\2_Source\NW1951_NW2018_20SOP 上海佳点 BBU 控制器-V00\CODE\source\Initial.c"
 737  0000              _INTERRUPT_INITIAL .section 'code'
 737  0000              _INTERRUPT_INITIAL proc
 831  0000              #line 831 "F:\2_Source\NW1951_NW2018_20SOP 上海佳点 BBU 控制器-V00\CODE\source\Initial.c"
 831  0000  0F50        	mov a,80
 831  0001  00A4        	mov [36],a
 832  0002              #line 832 "F:\2_Source\NW1951_NW2018_20SOP 上海佳点 BBU 控制器-V00\CODE\source\Initial.c"
 832  0002  1F23        	clr [35]
 833  0003              #line 833 "F:\2_Source\NW1951_NW2018_20SOP 上海佳点 BBU 控制器-V00\CODE\source\Initial.c"
 833  0003  3512        	clr [18].2
 834  0004              #line 834 "F:\2_Source\NW1951_NW2018_20SOP 上海佳点 BBU 控制器-V00\CODE\source\Initial.c"
 834  0004  3518        	clr [24].2
 835  0005              #line 835 "F:\2_Source\NW1951_NW2018_20SOP 上海佳点 BBU 控制器-V00\CODE\source\Initial.c"
 835  0005  1F11        	clr [17]
 836  0006              #line 836 "F:\2_Source\NW1951_NW2018_20SOP 上海佳点 BBU 控制器-V00\CODE\source\Initial.c"
 836  0006  0F01        	mov a,1
 836  0007  0090        	mov [16],a
 836  0008  0003        	ret
 836  0009              _INTERRUPT_INITIAL endp
文件：Initial.c    编译器版本 HGASM 0202 页次17

 836  0009              #line 836 "F:\2_Source\NW1951_NW2018_20SOP 上海佳点 BBU 控制器-V00\CODE\source\Initial.c"
 836  0009              #pragma debug scope 1 1
 836  0009              ___mp1h equ [4]
 836  0009              ___mp1l equ [3]
 836  0009              ___acc equ [5]
 836  0009              ___iar1 equ [2]
 836  0009              public _RAM_INITIAL
 836  0009              #pragma debug scope 8 1
 846  0009              #line 846 "F:\2_Source\NW1951_NW2018_20SOP 上海佳点 BBU 控制器-V00\CODE\source\Initial.c"
 846  0000              _RAM_INITIAL .section 'code'
 846  0000              _RAM_INITIAL proc
 847  0000              #line 847 "F:\2_Source\NW1951_NW2018_20SOP 上海佳点 BBU 控制器-V00\CODE\source\Initial.c"
 847  0000  1F04        	clr [4]
 848  0001              #line 848 "F:\2_Source\NW1951_NW2018_20SOP 上海佳点 BBU 控制器-V00\CODE\source\Initial.c"
 848  0001  0F80        	mov a,128
 848  0002  0083        	mov [3],a
 848  0003  1F05        	clr [5]
 848  0004              _L48:
 848  0004              #line 848 "F:\2_Source\NW1951_NW2018_20SOP 上海佳点 BBU 控制器-V00\CODE\source\Initial.c"
 848  0004  3F85        	sz [5].7
 848  0005  2800     R  	jmp _L52
 850  0006              #line 850 "F:\2_Source\NW1951_NW2018_20SOP 上海佳点 BBU 控制器-V00\CODE\source\Initial.c"
 850  0006  1F02        	clr [2]
 848  0007              #line 848 "F:\2_Source\NW1951_NW2018_20SOP 上海佳点 BBU 控制器-V00\CODE\source\Initial.c"
 848  0007  1485        	inc [5]
 848  0008  1483        	inc [3]
 848  0009  2800     R  	jmp _L48
 848  000A              _L52:
 852  000A              #line 852 "F:\2_Source\NW1951_NW2018_20SOP 上海佳点 BBU 控制器-V00\CODE\source\Initial.c"
 852  000A  0F01        	mov a,1
 852  000B  0084        	mov [4],a
 854  000C              #line 854 "F:\2_Source\NW1951_NW2018_20SOP 上海佳点 BBU 控制器-V00\CODE\source\Initial.c"
 854  000C  0F80        	mov a,128
 854  000D  0083        	mov [3],a
 854  000E  1F05        	clr [5]
 854  000F  2800     R  	jmp _L50
 854  0010              _L51:
 856  0010              #line 856 "F:\2_Source\NW1951_NW2018_20SOP 上海佳点 BBU 控制器-V00\CODE\source\Initial.c"
 856  0010  1F02        	clr [2]
 854  0011              #line 854 "F:\2_Source\NW1951_NW2018_20SOP 上海佳点 BBU 控制器-V00\CODE\source\Initial.c"
 854  0011  1485        	inc [5]
 854  0012  1483        	inc [3]
 854  0013              _L50:
 854  0013  3B85        	snz [5].7
 854  0014  2800     R  	jmp _L51
 854  0015  0003        	ret
 854  0016              _RAM_INITIAL endp
 854  0016              #line 854 "F:\2_Source\NW1951_NW2018_20SOP 上海佳点 BBU 控制器-V00\CODE\source\Initial.c"
 854  0016              #pragma debug scope 1 1
 854  0016              ___sadc0 equ [66]
 854  0016              ___sadc1 equ [67]
 854  0016              ___sadc2 equ [68]
 854  0016              public _ADC_INITIAL
 854  0016              #pragma debug scope 9 1
 868  0016              #line 868 "F:\2_Source\NW1951_NW2018_20SOP 上海佳点 BBU 控制器-V00\CODE\source\Initial.c"
 868  0000              _ADC_INITIAL .section 'code'
 868  0000              _ADC_INITIAL proc
 906  0000              #line 906 "F:\2_Source\NW1951_NW2018_20SOP 上海佳点 BBU 控制器-V00\CODE\source\Initial.c"
 906  0000  0F30        	mov a,48
 906  0001  00C2        	mov [66],a
文件：Initial.c    编译器版本 HGASM 0202 页次18

 907  0002              #line 907 "F:\2_Source\NW1951_NW2018_20SOP 上海佳点 BBU 控制器-V00\CODE\source\Initial.c"
 907  0002  0F04        	mov a,4
 907  0003  00C3        	mov [67],a
 909  0004              #line 909 "F:\2_Source\NW1951_NW2018_20SOP 上海佳点 BBU 控制器-V00\CODE\source\Initial.c"
 909  0004  0F13        	mov a,19
 909  0005  00C4        	mov [68],a
 909  0006  0003        	ret
 909  0007              _ADC_INITIAL endp
 909  0007              #line 909 "F:\2_Source\NW1951_NW2018_20SOP 上海佳点 BBU 控制器-V00\CODE\source\Initial.c"
 909  0007              #pragma debug scope 1 1
 909  0007              ___ppgc equ [73]
 909  0007              ___ppgpc equ [74]
 909  0007              ___ppgta equ [75]
 909  0007              ___ppgtb equ [76]
 909  0007              ___ppgtex equ [77]
 909  0007              ___pwlt equ [78]
 909  0007              ___ppgctc equ [96]
 909  0007              public _PPG_INITIAL
 909  0007              #pragma debug scope 10 1
 918  0007              #line 918 "F:\2_Source\NW1951_NW2018_20SOP 上海佳点 BBU 控制器-V00\CODE\source\Initial.c"
 918  0000              _PPG_INITIAL .section 'code'
 918  0000              _PPG_INITIAL proc
 945  0000              #line 945 "F:\2_Source\NW1951_NW2018_20SOP 上海佳点 BBU 控制器-V00\CODE\source\Initial.c"
 945  0000  0F01        	mov a,1
 945  0001  00C9        	mov [73],a
 954  0002              #line 954 "F:\2_Source\NW1951_NW2018_20SOP 上海佳点 BBU 控制器-V00\CODE\source\Initial.c"
 954  0002  0F55        	mov a,85
 954  0003  00CA        	mov [74],a
 959  0004              #line 959 "F:\2_Source\NW1951_NW2018_20SOP 上海佳点 BBU 控制器-V00\CODE\source\Initial.c"
 959  0004  0F80        	mov a,128
 959  0005  00CB        	mov [75],a
 964  0006              #line 964 "F:\2_Source\NW1951_NW2018_20SOP 上海佳点 BBU 控制器-V00\CODE\source\Initial.c"
 964  0006  0F80        	mov a,128
 964  0007  00CC        	mov [76],a
 971  0008              #line 971 "F:\2_Source\NW1951_NW2018_20SOP 上海佳点 BBU 控制器-V00\CODE\source\Initial.c"
 971  0008  0F11        	mov a,17
 971  0009  00CD        	mov [77],a
 978  000A              #line 978 "F:\2_Source\NW1951_NW2018_20SOP 上海佳点 BBU 控制器-V00\CODE\source\Initial.c"
 978  000A  0F10        	mov a,16
 978  000B  00CE        	mov [78],a
 992  000C              #line 992 "F:\2_Source\NW1951_NW2018_20SOP 上海佳点 BBU 控制器-V00\CODE\source\Initial.c"
 992  000C  0F07        	mov a,7
 992  000D  00E0        	mov [96],a
 992  000E  0003        	ret
 992  000F              _PPG_INITIAL endp
 992  000F              #line 992 "F:\2_Source\NW1951_NW2018_20SOP 上海佳点 BBU 控制器-V00\CODE\source\Initial.c"
 992  000F              #pragma debug scope 1 1
 992  000F              ___pckc equ [98]
 992  000F              public _PCK_INITIAL
 992  000F              #pragma debug scope 11 1
1000  000F              #line 1000 "F:\2_Source\NW1951_NW2018_20SOP 上海佳点 BBU 控制器-V00\CODE\source\Initial.c"
1000  0000              _PCK_INITIAL .section 'code'
1000  0000              _PCK_INITIAL proc
1014  0000              #line 1014 "F:\2_Source\NW1951_NW2018_20SOP 上海佳点 BBU 控制器-V00\CODE\source\Initial.c"
1014  0000  0F17        	mov a,23
1014  0001  00E2        	mov [98],a
1014  0002  0003        	ret
1014  0003              _PCK_INITIAL endp
1014  0003              #line 1014 "F:\2_Source\NW1951_NW2018_20SOP 上海佳点 BBU 控制器-V00\CODE\source\Initial.c"
1014  0003              #pragma debug scope 1 1
文件：Initial.c    编译器版本 HGASM 0202 页次19

1014  0003              ___tmrc equ [127]
1014  0003              ___tmr equ [126]
1014  0003              public _TMR_INITIAL
1014  0003              #pragma debug scope 12 1
1022  0003              #line 1022 "F:\2_Source\NW1951_NW2018_20SOP 上海佳点 BBU 控制器-V00\CODE\source\Initial.c"
1022  0000              _TMR_INITIAL .section 'code'
1022  0000              _TMR_INITIAL proc
1034  0000              #line 1034 "F:\2_Source\NW1951_NW2018_20SOP 上海佳点 BBU 控制器-V00\CODE\source\Initial.c"
1034  0000  0F02        	mov a,2
1034  0001  00FF        	mov [127],a
1035  0002              #line 1035 "F:\2_Source\NW1951_NW2018_20SOP 上海佳点 BBU 控制器-V00\CODE\source\Initial.c"
1035  0002  0FCE        	mov a,206
1035  0003  00FE        	mov [126],a
1035  0004  0003        	ret
1035  0005              _TMR_INITIAL endp
1035  0005              #line 1035 "F:\2_Source\NW1951_NW2018_20SOP 上海佳点 BBU 控制器-V00\CODE\source\Initial.c"
1035  0005              #pragma debug scope 1 1
1035  0005              ___ctm0al equ [46]
1035  0005              ___ctm0ah equ [47]
1035  0005              ___ctm0c0 equ [42]
1035  0005              ___ctm0c1 equ [43]
1035  0005              ___mfi1 equ [28]
1035  0005              ___intc3 equ [19]
1035  0005              public _CTM0_INITIAL
1035  0005              #pragma debug scope 13 1
1044  0005              #line 1044 "F:\2_Source\NW1951_NW2018_20SOP 上海佳点 BBU 控制器-V00\CODE\source\Initial.c"
1044  0000              _CTM0_INITIAL .section 'code'
1044  0000              _CTM0_INITIAL proc
1069  0000              #line 1069 "F:\2_Source\NW1951_NW2018_20SOP 上海佳点 BBU 控制器-V00\CODE\source\Initial.c"
1069  0000  0FF4        	mov a,244
1069  0001  00AE        	mov [46],a
1070  0002              #line 1070 "F:\2_Source\NW1951_NW2018_20SOP 上海佳点 BBU 控制器-V00\CODE\source\Initial.c"
1070  0002  0F01        	mov a,1
1070  0003  00AF        	mov [47],a
1072  0004              #line 1072 "F:\2_Source\NW1951_NW2018_20SOP 上海佳点 BBU 控制器-V00\CODE\source\Initial.c"
1072  0004  0F30        	mov a,48
1072  0005  00AA        	mov [42],a
1073  0006              #line 1073 "F:\2_Source\NW1951_NW2018_20SOP 上海佳点 BBU 控制器-V00\CODE\source\Initial.c"
1073  0006  0FC1        	mov a,193
1073  0007  00AB        	mov [43],a
1075  0008              #line 1075 "F:\2_Source\NW1951_NW2018_20SOP 上海佳点 BBU 控制器-V00\CODE\source\Initial.c"
1075  0008  31AA        	set [42].3
1077  0009              #line 1077 "F:\2_Source\NW1951_NW2018_20SOP 上海佳点 BBU 控制器-V00\CODE\source\Initial.c"
1077  0009  351C        	clr [28].2
1078  000A              #line 1078 "F:\2_Source\NW1951_NW2018_20SOP 上海佳点 BBU 控制器-V00\CODE\source\Initial.c"
1078  000A  341C        	clr [28].0
1079  000B              #line 1079 "F:\2_Source\NW1951_NW2018_20SOP 上海佳点 BBU 控制器-V00\CODE\source\Initial.c"
1079  000B  309C        	set [28].1
1080  000C              #line 1080 "F:\2_Source\NW1951_NW2018_20SOP 上海佳点 BBU 控制器-V00\CODE\source\Initial.c"
1080  000C  3093        	set [19].1
1080  000D  0003        	ret
1080  000E              _CTM0_INITIAL endp
1080  000E              #line 1080 "F:\2_Source\NW1951_NW2018_20SOP 上海佳点 BBU 控制器-V00\CODE\source\Initial.c"
1080  000E              #pragma debug scope 1 1
1080  000E              public _RESET_INITIAL
1080  000E              #pragma debug scope 14 1
 564  000E              #line 564 "F:\2_Source\NW1951_NW2018_20SOP 上海佳点 BBU 控制器-V00\CODE\source\Initial.c"
 564  0000              _RESET_INITIAL .section 'code'
 564  0000              _RESET_INITIAL proc
 565  0000              #line 565 "F:\2_Source\NW1951_NW2018_20SOP 上海佳点 BBU 控制器-V00\CODE\source\Initial.c"
文件：Initial.c    编译器版本 HGASM 0202 页次20

 565  0000  2000     R  	call _SYS_INITIAL
 566  0001              #line 566 "F:\2_Source\NW1951_NW2018_20SOP 上海佳点 BBU 控制器-V00\CODE\source\Initial.c"
 566  0001  2000     R  	call _IO_INITIAL
 567  0002              #line 567 "F:\2_Source\NW1951_NW2018_20SOP 上海佳点 BBU 控制器-V00\CODE\source\Initial.c"
 567  0002  2000     R  	call _OPA_CMPx_INITIAL
 568  0003              #line 568 "F:\2_Source\NW1951_NW2018_20SOP 上海佳点 BBU 控制器-V00\CODE\source\Initial.c"
 568  0003  2000     R  	call _CTM0_INITIAL
 574  0004              #line 574 "F:\2_Source\NW1951_NW2018_20SOP 上海佳点 BBU 控制器-V00\CODE\source\Initial.c"
 574  0004  2000     R  	call _ADC_INITIAL
 575  0005              #line 575 "F:\2_Source\NW1951_NW2018_20SOP 上海佳点 BBU 控制器-V00\CODE\source\Initial.c"
 575  0005  2000     R  	call _INTERRUPT_INITIAL
 580  0006              #line 580 "F:\2_Source\NW1951_NW2018_20SOP 上海佳点 BBU 控制器-V00\CODE\source\Initial.c"
 580  0006  2000     R  	call _RAM_INITIAL
 580  0007  0003        	ret
 580  0008              _RESET_INITIAL endp
 580  0008              #line 580 "F:\2_Source\NW1951_NW2018_20SOP 上海佳点 BBU 控制器-V00\CODE\source\Initial.c"
 580  0008              #pragma debug scope 1 1
 580  0008              ___ctm1al equ [84]
 580  0008              ___ctm1ah equ [85]
 580  0008              ___ctm1c0 equ [80]
 580  0008              ___ctm1c1 equ [81]
 580  0008              ___mfi2 equ [29]
 580  0008              public _CTM1_INITIAL
 580  0008              #pragma debug scope 15 1
1093  0008              #line 1093 "F:\2_Source\NW1951_NW2018_20SOP 上海佳点 BBU 控制器-V00\CODE\source\Initial.c"
1093  0000              _CTM1_INITIAL .section 'code'
1093  0000              _CTM1_INITIAL proc
1118  0000              #line 1118 "F:\2_Source\NW1951_NW2018_20SOP 上海佳点 BBU 控制器-V00\CODE\source\Initial.c"
1118  0000  0FF4        	mov a,244
1118  0001  00D4        	mov [84],a
1119  0002              #line 1119 "F:\2_Source\NW1951_NW2018_20SOP 上海佳点 BBU 控制器-V00\CODE\source\Initial.c"
1119  0002  0F01        	mov a,1
1119  0003  00D5        	mov [85],a
1121  0004              #line 1121 "F:\2_Source\NW1951_NW2018_20SOP 上海佳点 BBU 控制器-V00\CODE\source\Initial.c"
1121  0004  1F50        	clr [80]
1122  0005              #line 1122 "F:\2_Source\NW1951_NW2018_20SOP 上海佳点 BBU 控制器-V00\CODE\source\Initial.c"
1122  0005  0FC1        	mov a,193
1122  0006  00D1        	mov [81],a
1124  0007              #line 1124 "F:\2_Source\NW1951_NW2018_20SOP 上海佳点 BBU 控制器-V00\CODE\source\Initial.c"
1124  0007  31D0        	set [80].3
1126  0008              #line 1126 "F:\2_Source\NW1951_NW2018_20SOP 上海佳点 BBU 控制器-V00\CODE\source\Initial.c"
1126  0008  341D        	clr [29].0
1127  0009              #line 1127 "F:\2_Source\NW1951_NW2018_20SOP 上海佳点 BBU 控制器-V00\CODE\source\Initial.c"
1127  0009  309D        	set [29].1
1128  000A              #line 1128 "F:\2_Source\NW1951_NW2018_20SOP 上海佳点 BBU 控制器-V00\CODE\source\Initial.c"
1128  000A  3113        	set [19].2
1128  000B  0003        	ret
1128  000C              _CTM1_INITIAL endp
1128  000C              #line 1128 "F:\2_Source\NW1951_NW2018_20SOP 上海佳点 BBU 控制器-V00\CODE\source\Initial.c"
1128  000C              #pragma debug scope 1 1
1128  000C              public _user_initial
1128  000C              #pragma debug scope 16 1
1453  000C              #line 1453 "F:\2_Source\NW1951_NW2018_20SOP 上海佳点 BBU 控制器-V00\CODE\source\Initial.c"
1453  0000              _user_initial .section 'code'
1453  0000              _user_initial proc
1453  0000              _L61:
1453  0000              _L70:
1455  0000              #line 1455 "F:\2_Source\NW1951_NW2018_20SOP 上海佳点 BBU 控制器-V00\CODE\source\Initial.c"
1455  0000  3795        	clr [21].7
1456  0001              #line 1456 "F:\2_Source\NW1951_NW2018_20SOP 上海佳点 BBU 控制器-V00\CODE\source\Initial.c"
文件：Initial.c    编译器版本 HGASM 0202 页次21

1456  0001  3794        	clr [20].7
1457  0002              #line 1457 "F:\2_Source\NW1951_NW2018_20SOP 上海佳点 BBU 控制器-V00\CODE\source\Initial.c"
1457  0002  3628        	clr [40].4
1458  0003              #line 1458 "F:\2_Source\NW1951_NW2018_20SOP 上海佳点 BBU 控制器-V00\CODE\source\Initial.c"
1458  0003  3627        	clr [39].4
1459  0004              #line 1459 "F:\2_Source\NW1951_NW2018_20SOP 上海佳点 BBU 控制器-V00\CODE\source\Initial.c"
1459  0004  3294        	set [20].5
1475  0005              #line 1475 "F:\2_Source\NW1951_NW2018_20SOP 上海佳点 BBU 控制器-V00\CODE\source\Initial.c"
1475  0005  369C        	clr [28].5
1476  0006              #line 1476 "F:\2_Source\NW1951_NW2018_20SOP 上海佳点 BBU 控制器-V00\CODE\source\Initial.c"
1476  0006  361C        	clr [28].4
1477  0007              #line 1477 "F:\2_Source\NW1951_NW2018_20SOP 上海佳点 BBU 控制器-V00\CODE\source\Initial.c"
1477  0007  371C        	clr [28].6
1478  0008              #line 1478 "F:\2_Source\NW1951_NW2018_20SOP 上海佳点 BBU 控制器-V00\CODE\source\Initial.c"
1478  0008  31AA        	set [42].3
1479  0009              #line 1479 "F:\2_Source\NW1951_NW2018_20SOP 上海佳点 BBU 控制器-V00\CODE\source\Initial.c"
1479  0009  341C        	clr [28].0
1480  000A              #line 1480 "F:\2_Source\NW1951_NW2018_20SOP 上海佳点 BBU 控制器-V00\CODE\source\Initial.c"
1480  000A  309C        	set [28].1
1481  000B              #line 1481 "F:\2_Source\NW1951_NW2018_20SOP 上海佳点 BBU 控制器-V00\CODE\source\Initial.c"
1481  000B  3093        	set [19].1
1483  000C              #line 1483 "F:\2_Source\NW1951_NW2018_20SOP 上海佳点 BBU 控制器-V00\CODE\source\Initial.c"
1483  000C  3010        	set [16].0
1486  000D              #line 1486 "F:\2_Source\NW1951_NW2018_20SOP 上海佳点 BBU 控制器-V00\CODE\source\Initial.c"
1486  000D  0FA4        	mov a,164
1486  000E  00FA        	mov [122],a
1487  000F              #line 1487 "F:\2_Source\NW1951_NW2018_20SOP 上海佳点 BBU 控制器-V00\CODE\source\Initial.c"
1487  000F  37FB        	clr [123].7
1488  0010              #line 1488 "F:\2_Source\NW1951_NW2018_20SOP 上海佳点 BBU 控制器-V00\CODE\source\Initial.c"
1488  0010  377B        	clr [123].6
1490  0011              #line 1490 "F:\2_Source\NW1951_NW2018_20SOP 上海佳点 BBU 控制器-V00\CODE\source\Initial.c"
1490  0011  30E4        	set [100].1
1491  0012              #line 1491 "F:\2_Source\NW1951_NW2018_20SOP 上海佳点 BBU 控制器-V00\CODE\source\Initial.c"
1491  0012  3064        	set [100].0
1493  0013              #line 1493 "F:\2_Source\NW1951_NW2018_20SOP 上海佳点 BBU 控制器-V00\CODE\source\Initial.c"
1493  0013  0F64        	mov a,100
1493  0014  0080     E  	mov _R_time200ms[0],a
1494  0015              #line 1494 "F:\2_Source\NW1951_NW2018_20SOP 上海佳点 BBU 控制器-V00\CODE\source\Initial.c"
1494  0015  1F00     E  	clr _R_time3s[0]
1495  0016              #line 1495 "F:\2_Source\NW1951_NW2018_20SOP 上海佳点 BBU 控制器-V00\CODE\source\Initial.c"
1495  0016  1F00     E  	clr _flagtime[0]
1496  0017              #line 1496 "F:\2_Source\NW1951_NW2018_20SOP 上海佳点 BBU 控制器-V00\CODE\source\Initial.c"
1496  0017  1F00     E  	clr _flag0[0]
1497  0018              #line 1497 "F:\2_Source\NW1951_NW2018_20SOP 上海佳点 BBU 控制器-V00\CODE\source\Initial.c"
1497  0018  1F00     E  	clr _flag1[0]
1498  0019              #line 1498 "F:\2_Source\NW1951_NW2018_20SOP 上海佳点 BBU 控制器-V00\CODE\source\Initial.c"
1498  0019  1F00     E  	clr _flag2[0]
1499  001A              #line 1499 "F:\2_Source\NW1951_NW2018_20SOP 上海佳点 BBU 控制器-V00\CODE\source\Initial.c"
1499  001A  1F00     E  	clr _flag3[0]
1502  001B              #line 1502 "F:\2_Source\NW1951_NW2018_20SOP 上海佳点 BBU 控制器-V00\CODE\source\Initial.c"
1502  001B  3927        	snz [39].2
1502  001C  2800     R  	jmp _L62
1503  001D              #line 1503 "F:\2_Source\NW1951_NW2018_20SOP 上海佳点 BBU 控制器-V00\CODE\source\Initial.c"
1503  001D  3400     E  	clr _flagtime[0].3
1503  001E              _L63:
1505  001E              #line 1505 "F:\2_Source\NW1951_NW2018_20SOP 上海佳点 BBU 控制器-V00\CODE\source\Initial.c"
1505  001E  3C00     E  	sz _flagtime[0].3
1505  001F  2800     R  	jmp _L71
1506  0020              #line 1506 "F:\2_Source\NW1951_NW2018_20SOP 上海佳点 BBU 控制器-V00\CODE\source\Initial.c"
1506  0020              ;# 1506 "F:\2_Source\NW1951_NW2018_20SOP 上海佳点 BBU 控制器-V00\CODE\source\Initial.c" 1
文件：Initial.c    编译器版本 HGASM 0202 页次22

1506  0020  0001        	clr wdt
1506  0021  2800     R  	jmp _L63
1506  0022              _L71:
1508  0022              #line 1508 "F:\2_Source\NW1951_NW2018_20SOP 上海佳点 BBU 控制器-V00\CODE\source\Initial.c"
1508  0022  3400     E  	clr _flagtime[0].3
1509  0023              #line 1509 "F:\2_Source\NW1951_NW2018_20SOP 上海佳点 BBU 控制器-V00\CODE\source\Initial.c"
1509  0023  3000     E  	set _flag2[0].4
1510  0024              #line 1510 "F:\2_Source\NW1951_NW2018_20SOP 上海佳点 BBU 控制器-V00\CODE\source\Initial.c"
1510  0024  0F03        	mov a,3
1510  0025  0080     E  	mov _R_workmode[0],a
1510  0026  2800     R  	jmp _L65
1510  0027              _L62:
1512  0027              #line 1512 "F:\2_Source\NW1951_NW2018_20SOP 上海佳点 BBU 控制器-V00\CODE\source\Initial.c"
1512  0027  3000     E  	set _flag2[0].5
1513  0028              #line 1513 "F:\2_Source\NW1951_NW2018_20SOP 上海佳点 BBU 控制器-V00\CODE\source\Initial.c"
1513  0028  0F02        	mov a,2
1513  0029  0080     E  	mov _R_workmode[0],a
1513  002A              _L65:
1516  002A              #line 1516 "F:\2_Source\NW1951_NW2018_20SOP 上海佳点 BBU 控制器-V00\CODE\source\Initial.c"
1516  002A  3000     E  	set _flag0[0].0
1517  002B              #line 1517 "F:\2_Source\NW1951_NW2018_20SOP 上海佳点 BBU 控制器-V00\CODE\source\Initial.c"
1517  002B  3000     E  	set _flag0[0].1
1518  002C              #line 1518 "F:\2_Source\NW1951_NW2018_20SOP 上海佳点 BBU 控制器-V00\CODE\source\Initial.c"
1518  002C  3000     E  	set _flag0[0].2
1519  002D              #line 1519 "F:\2_Source\NW1951_NW2018_20SOP 上海佳点 BBU 控制器-V00\CODE\source\Initial.c"
1519  002D  2000     E  	call _User_config_Read
1521  002E              #line 1521 "F:\2_Source\NW1951_NW2018_20SOP 上海佳点 BBU 控制器-V00\CODE\source\Initial.c"
1521  002E  3400     E  	clr _flag3[0].7
1522  002F              #line 1522 "F:\2_Source\NW1951_NW2018_20SOP 上海佳点 BBU 控制器-V00\CODE\source\Initial.c"
1522  002F  1F00     E  	clr _R_ADC_Count[0]
1523  0030              #line 1523 "F:\2_Source\NW1951_NW2018_20SOP 上海佳点 BBU 控制器-V00\CODE\source\Initial.c"
1523  0030  1F00     E  	clr _R_intADC_Sum[0]
1523  0031  1F00     E  	clr _R_intADC_Sum[1]
1524  0032              #line 1524 "F:\2_Source\NW1951_NW2018_20SOP 上海佳点 BBU 控制器-V00\CODE\source\Initial.c"
1524  0032  0F35        	mov a,53
1524  0033  0080     E  	mov _R_adc_channel[0],a
1525  0034              #line 1525 "F:\2_Source\NW1951_NW2018_20SOP 上海佳点 BBU 控制器-V00\CODE\source\Initial.c"
1525  0034  0F35        	mov a,53
1525  0035  00C2        	mov [66],a
1526  0036              #line 1526 "F:\2_Source\NW1951_NW2018_20SOP 上海佳点 BBU 控制器-V00\CODE\source\Initial.c"
1526  0036  0F04        	mov a,4
1526  0037  00C3        	mov [67],a
1526  0038              _L66:
1527  0038              #line 1527 "F:\2_Source\NW1951_NW2018_20SOP 上海佳点 BBU 控制器-V00\CODE\source\Initial.c"
1527  0038  3C00     E  	sz _flag3[0].7
1527  0039  2800     R  	jmp _L72
1528  003A              #line 1528 "F:\2_Source\NW1951_NW2018_20SOP 上海佳点 BBU 控制器-V00\CODE\source\Initial.c"
1528  003A  2000     E  	call _GetBattery_Level
1528  003B  2800     R  	jmp _L66
1528  003C              _L72:
1531  003C              #line 1531 "F:\2_Source\NW1951_NW2018_20SOP 上海佳点 BBU 控制器-V00\CODE\source\Initial.c"
1531  003C  0F32        	mov a,50
1531  003D  0200     E  	sub a,_R_intADC_Vbat[0]
1531  003E  0F0C        	mov a,12
1531  003F  1200     E  	sbc a,_R_intADC_Vbat[1]
1531  0040  380A        	snz c
1531  0041  2800     R  	jmp _L68
1532  0042              #line 1532 "F:\2_Source\NW1951_NW2018_20SOP 上海佳点 BBU 控制器-V00\CODE\source\Initial.c"
1532  0042  3800     E  	snz _flag2[0].5
1532  0043  2800     R  	jmp _L70
文件：Initial.c    编译器版本 HGASM 0202 页次23

1532  0044  2800     R  	jmp _L60
1532  0045              _L68:
1535  0045              #line 1535 "F:\2_Source\NW1951_NW2018_20SOP 上海佳点 BBU 控制器-V00\CODE\source\Initial.c"
1535  0045  3394        	set [20].7
1536  0046              #line 1536 "F:\2_Source\NW1951_NW2018_20SOP 上海佳点 BBU 控制器-V00\CODE\source\Initial.c"
1536  0046  3227        	set [39].4
1536  0047              _L60:
1536  0047  0003        	ret
1536  0048              _user_initial endp
1536  0048              #line 1536 "F:\2_Source\NW1951_NW2018_20SOP 上海佳点 BBU 控制器-V00\CODE\source\Initial.c"
1536  0048              #pragma debug scope 1 1
1536  0048              #pragma debug variable 8 1 ___mp1l "__mp1l" 1
1536  0048              #pragma debug variable 8 1 ___mp1h "__mp1h" 1
1536  0048              #pragma debug variable 8 1 ___acc "__acc" 1
1536  0048              #pragma debug struct_end
1536  0048              #pragma debug struct_end
1536  0048              #pragma debug union_end
1536  0048              #pragma debug union_end
1536  0048              #pragma debug variable 44 1 ___scc "__scc" 1
1536  0048              #pragma debug struct_end
1536  0048              #pragma debug struct_end
1536  0048              #pragma debug union_end
1536  0048              #pragma debug union_end
1536  0048              #pragma debug variable 46 1 ___intc0 "__intc0" 1
1536  0048              #pragma debug struct_end
1536  0048              #pragma debug struct_end
1536  0048              #pragma debug union_end
1536  0048              #pragma debug union_end
1536  0048              #pragma debug variable 48 1 ___intc1 "__intc1" 1
1536  0048              #pragma debug struct_end
1536  0048              #pragma debug struct_end
1536  0048              #pragma debug union_end
1536  0048              #pragma debug union_end
1536  0048              #pragma debug variable 50 1 ___intc2 "__intc2" 1
1536  0048              #pragma debug struct_end
1536  0048              #pragma debug struct_end
1536  0048              #pragma debug union_end
1536  0048              #pragma debug union_end
1536  0048              #pragma debug variable 52 1 ___intc3 "__intc3" 1
1536  0048              #pragma debug struct_end
1536  0048              #pragma debug struct_end
1536  0048              #pragma debug union_end
1536  0048              #pragma debug union_end
1536  0048              #pragma debug variable 54 1 ___pa "__pa" 1
1536  0048              #pragma debug struct_end
1536  0048              #pragma debug struct_end
1536  0048              #pragma debug union_end
1536  0048              #pragma debug union_end
1536  0048              #pragma debug variable 56 1 ___pac "__pac" 1
1536  0048              #pragma debug struct_end
1536  0048              #pragma debug struct_end
1536  0048              #pragma debug union_end
1536  0048              #pragma debug union_end
1536  0048              #pragma debug variable 58 1 ___papu "__papu" 1
1536  0048              #pragma debug struct_end
1536  0048              #pragma debug struct_end
1536  0048              #pragma debug union_end
1536  0048              #pragma debug union_end
1536  0048              #pragma debug variable 60 1 ___mfi0 "__mfi0" 1
1536  0048              #pragma debug struct_end
文件：Initial.c    编译器版本 HGASM 0202 页次24

1536  0048              #pragma debug struct_end
1536  0048              #pragma debug union_end
1536  0048              #pragma debug union_end
1536  0048              #pragma debug variable 62 1 ___mfi1 "__mfi1" 1
1536  0048              #pragma debug struct_end
1536  0048              #pragma debug struct_end
1536  0048              #pragma debug union_end
1536  0048              #pragma debug union_end
1536  0048              #pragma debug variable 64 1 ___mfi2 "__mfi2" 1
1536  0048              #pragma debug struct_end
1536  0048              #pragma debug struct_end
1536  0048              #pragma debug union_end
1536  0048              #pragma debug union_end
1536  0048              #pragma debug variable 66 1 ___wdtc "__wdtc" 1
1536  0048              #pragma debug struct_end
1536  0048              #pragma debug struct_end
1536  0048              #pragma debug union_end
1536  0048              #pragma debug union_end
1536  0048              #pragma debug variable 68 1 ___lvrc "__lvrc" 1
1536  0048              #pragma debug struct_end
1536  0048              #pragma debug struct_end
1536  0048              #pragma debug union_end
1536  0048              #pragma debug union_end
1536  0048              #pragma debug variable 70 1 ___lvdc "__lvdc" 1
1536  0048              #pragma debug struct_end
1536  0048              #pragma debug struct_end
1536  0048              #pragma debug union_end
1536  0048              #pragma debug union_end
1536  0048              #pragma debug variable 72 1 ___integ "__integ" 1
1536  0048              #pragma debug struct_end
1536  0048              #pragma debug struct_end
1536  0048              #pragma debug union_end
1536  0048              #pragma debug union_end
1536  0048              #pragma debug variable 74 1 ___tbc "__tbc" 1
1536  0048              #pragma debug struct_end
1536  0048              #pragma debug struct_end
1536  0048              #pragma debug union_end
1536  0048              #pragma debug union_end
1536  0048              #pragma debug variable 76 1 ___pc "__pc" 1
1536  0048              #pragma debug struct_end
1536  0048              #pragma debug struct_end
1536  0048              #pragma debug union_end
1536  0048              #pragma debug union_end
1536  0048              #pragma debug variable 78 1 ___pcc "__pcc" 1
1536  0048              #pragma debug struct_end
1536  0048              #pragma debug struct_end
1536  0048              #pragma debug union_end
1536  0048              #pragma debug union_end
1536  0048              #pragma debug variable 80 1 ___pcpu "__pcpu" 1
1536  0048              #pragma debug struct_end
1536  0048              #pragma debug struct_end
1536  0048              #pragma debug union_end
1536  0048              #pragma debug union_end
1536  0048              #pragma debug variable 82 1 ___ctm0c0 "__ctm0c0" 1
1536  0048              #pragma debug struct_end
1536  0048              #pragma debug struct_end
1536  0048              #pragma debug union_end
1536  0048              #pragma debug union_end
1536  0048              #pragma debug variable 84 1 ___ctm0c1 "__ctm0c1" 1
1536  0048              #pragma debug variable 8 1 ___ctm0al "__ctm0al" 1
文件：Initial.c    编译器版本 HGASM 0202 页次25

1536  0048              #pragma debug variable 8 1 ___ctm0ah "__ctm0ah" 1
1536  0048              #pragma debug struct_end
1536  0048              #pragma debug struct_end
1536  0048              #pragma debug union_end
1536  0048              #pragma debug union_end
1536  0048              #pragma debug variable 86 1 ___sadc0 "__sadc0" 1
1536  0048              #pragma debug struct_end
1536  0048              #pragma debug struct_end
1536  0048              #pragma debug union_end
1536  0048              #pragma debug union_end
1536  0048              #pragma debug variable 88 1 ___sadc1 "__sadc1" 1
1536  0048              #pragma debug struct_end
1536  0048              #pragma debug struct_end
1536  0048              #pragma debug union_end
1536  0048              #pragma debug union_end
1536  0048              #pragma debug variable 90 1 ___sadc2 "__sadc2" 1
1536  0048              #pragma debug struct_end
1536  0048              #pragma debug struct_end
1536  0048              #pragma debug union_end
1536  0048              #pragma debug union_end
1536  0048              #pragma debug variable 92 1 ___pb "__pb" 1
1536  0048              #pragma debug struct_end
1536  0048              #pragma debug struct_end
1536  0048              #pragma debug union_end
1536  0048              #pragma debug union_end
1536  0048              #pragma debug variable 94 1 ___pbc "__pbc" 1
1536  0048              #pragma debug struct_end
1536  0048              #pragma debug struct_end
1536  0048              #pragma debug union_end
1536  0048              #pragma debug union_end
1536  0048              #pragma debug variable 96 1 ___pbpu "__pbpu" 1
1536  0048              #pragma debug struct_end
1536  0048              #pragma debug struct_end
1536  0048              #pragma debug union_end
1536  0048              #pragma debug union_end
1536  0048              #pragma debug variable 98 1 ___pbs0 "__pbs0" 1
1536  0048              #pragma debug struct_end
1536  0048              #pragma debug struct_end
1536  0048              #pragma debug union_end
1536  0048              #pragma debug union_end
1536  0048              #pragma debug variable 100 1 ___ppgc "__ppgc" 1
1536  0048              #pragma debug struct_end
1536  0048              #pragma debug struct_end
1536  0048              #pragma debug union_end
1536  0048              #pragma debug union_end
1536  0048              #pragma debug variable 102 1 ___ppgpc "__ppgpc" 1
1536  0048              #pragma debug struct_end
1536  0048              #pragma debug struct_end
1536  0048              #pragma debug union_end
1536  0048              #pragma debug union_end
1536  0048              #pragma debug variable 104 1 ___ppgta "__ppgta" 1
1536  0048              #pragma debug struct_end
1536  0048              #pragma debug struct_end
1536  0048              #pragma debug union_end
1536  0048              #pragma debug union_end
1536  0048              #pragma debug variable 106 1 ___ppgtb "__ppgtb" 1
1536  0048              #pragma debug struct_end
1536  0048              #pragma debug struct_end
1536  0048              #pragma debug union_end
1536  0048              #pragma debug union_end
文件：Initial.c    编译器版本 HGASM 0202 页次26

1536  0048              #pragma debug variable 108 1 ___ppgtex "__ppgtex" 1
1536  0048              #pragma debug variable 8 1 ___pwlt "__pwlt" 1
1536  0048              #pragma debug struct_end
1536  0048              #pragma debug struct_end
1536  0048              #pragma debug union_end
1536  0048              #pragma debug union_end
1536  0048              #pragma debug variable 110 1 ___ctm1c0 "__ctm1c0" 1
1536  0048              #pragma debug struct_end
1536  0048              #pragma debug struct_end
1536  0048              #pragma debug union_end
1536  0048              #pragma debug union_end
1536  0048              #pragma debug variable 112 1 ___ctm1c1 "__ctm1c1" 1
1536  0048              #pragma debug variable 8 1 ___ctm1al "__ctm1al" 1
1536  0048              #pragma debug variable 8 1 ___ctm1ah "__ctm1ah" 1
1536  0048              #pragma debug struct_end
1536  0048              #pragma debug struct_end
1536  0048              #pragma debug union_end
1536  0048              #pragma debug union_end
1536  0048              #pragma debug variable 114 1 ___ppgctc "__ppgctc" 1
1536  0048              #pragma debug struct_end
1536  0048              #pragma debug struct_end
1536  0048              #pragma debug union_end
1536  0048              #pragma debug union_end
1536  0048              #pragma debug variable 116 1 ___pckc "__pckc" 1
1536  0048              #pragma debug struct_end
1536  0048              #pragma debug struct_end
1536  0048              #pragma debug union_end
1536  0048              #pragma debug union_end
1536  0048              #pragma debug variable 118 1 ___ctrl "__ctrl" 1
1536  0048              #pragma debug struct_end
1536  0048              #pragma debug struct_end
1536  0048              #pragma debug union_end
1536  0048              #pragma debug union_end
1536  0048              #pragma debug variable 120 1 ___pcs0 "__pcs0" 1
1536  0048              #pragma debug struct_end
1536  0048              #pragma debug struct_end
1536  0048              #pragma debug union_end
1536  0048              #pragma debug union_end
1536  0048              #pragma debug variable 122 1 ___pcs1 "__pcs1" 1
1536  0048              #pragma debug struct_end
1536  0048              #pragma debug struct_end
1536  0048              #pragma debug union_end
1536  0048              #pragma debug union_end
1536  0048              #pragma debug variable 124 1 ___cmp1c2 "__cmp1c2" 1
1536  0048              #pragma debug struct_end
1536  0048              #pragma debug struct_end
1536  0048              #pragma debug union_end
1536  0048              #pragma debug union_end
1536  0048              #pragma debug variable 126 1 ___cmp3c2 "__cmp3c2" 1
1536  0048              #pragma debug struct_end
1536  0048              #pragma debug struct_end
1536  0048              #pragma debug union_end
1536  0048              #pragma debug union_end
1536  0048              #pragma debug variable 128 1 ___cmp0c0 "__cmp0c0" 1
1536  0048              #pragma debug struct_end
1536  0048              #pragma debug struct_end
1536  0048              #pragma debug union_end
1536  0048              #pragma debug union_end
1536  0048              #pragma debug variable 130 1 ___cmp0c1 "__cmp0c1" 1
1536  0048              #pragma debug struct_end
文件：Initial.c    编译器版本 HGASM 0202 页次27

1536  0048              #pragma debug struct_end
1536  0048              #pragma debug union_end
1536  0048              #pragma debug union_end
1536  0048              #pragma debug variable 132 1 ___cmp0c2 "__cmp0c2" 1
1536  0048              #pragma debug struct_end
1536  0048              #pragma debug struct_end
1536  0048              #pragma debug union_end
1536  0048              #pragma debug union_end
1536  0048              #pragma debug variable 134 1 ___cmp0c3 "__cmp0c3" 1
1536  0048              #pragma debug struct_end
1536  0048              #pragma debug struct_end
1536  0048              #pragma debug union_end
1536  0048              #pragma debug union_end
1536  0048              #pragma debug variable 136 1 ___hircc "__hircc" 1
1536  0048              #pragma debug struct_end
1536  0048              #pragma debug struct_end
1536  0048              #pragma debug union_end
1536  0048              #pragma debug union_end
1536  0048              #pragma debug variable 138 1 ___cmp1c0 "__cmp1c0" 1
1536  0048              #pragma debug struct_end
1536  0048              #pragma debug struct_end
1536  0048              #pragma debug union_end
1536  0048              #pragma debug union_end
1536  0048              #pragma debug variable 140 1 ___cmp1c1 "__cmp1c1" 1
1536  0048              #pragma debug variable 8 1 ___cmp1da "__cmp1da" 1
1536  0048              #pragma debug struct_end
1536  0048              #pragma debug struct_end
1536  0048              #pragma debug union_end
1536  0048              #pragma debug union_end
1536  0048              #pragma debug variable 142 1 ___cmp2c0 "__cmp2c0" 1
1536  0048              #pragma debug struct_end
1536  0048              #pragma debug struct_end
1536  0048              #pragma debug union_end
1536  0048              #pragma debug union_end
1536  0048              #pragma debug variable 144 1 ___cmp2c1 "__cmp2c1" 1
1536  0048              #pragma debug variable 8 1 ___cmp2da "__cmp2da" 1
1536  0048              #pragma debug struct_end
1536  0048              #pragma debug struct_end
1536  0048              #pragma debug union_end
1536  0048              #pragma debug union_end
1536  0048              #pragma debug variable 146 1 ___cmp3c0 "__cmp3c0" 1
1536  0048              #pragma debug struct_end
1536  0048              #pragma debug struct_end
1536  0048              #pragma debug union_end
1536  0048              #pragma debug union_end
1536  0048              #pragma debug variable 148 1 ___cmp3c1 "__cmp3c1" 1
1536  0048              #pragma debug variable 8 1 ___cmp3da "__cmp3da" 1
1536  0048              #pragma debug struct_end
1536  0048              #pragma debug struct_end
1536  0048              #pragma debug union_end
1536  0048              #pragma debug union_end
1536  0048              #pragma debug variable 150 1 ___cmp4c0 "__cmp4c0" 1
1536  0048              #pragma debug struct_end
1536  0048              #pragma debug struct_end
1536  0048              #pragma debug union_end
1536  0048              #pragma debug union_end
1536  0048              #pragma debug variable 152 1 ___cmp4c1 "__cmp4c1" 1
1536  0048              #pragma debug struct_end
1536  0048              #pragma debug struct_end
1536  0048              #pragma debug union_end
文件：Initial.c    编译器版本 HGASM 0202 页次28

1536  0048              #pragma debug union_end
1536  0048              #pragma debug variable 154 1 ___cmp4c2 "__cmp4c2" 1
1536  0048              #pragma debug variable 8 1 ___cmp4da "__cmp4da" 1
1536  0048              #pragma debug struct_end
1536  0048              #pragma debug struct_end
1536  0048              #pragma debug union_end
1536  0048              #pragma debug union_end
1536  0048              #pragma debug variable 156 1 ___opac0 "__opac0" 1
1536  0048              #pragma debug struct_end
1536  0048              #pragma debug struct_end
1536  0048              #pragma debug union_end
1536  0048              #pragma debug union_end
1536  0048              #pragma debug variable 158 1 ___opac1 "__opac1" 1
1536  0048              #pragma debug struct_end
1536  0048              #pragma debug struct_end
1536  0048              #pragma debug union_end
1536  0048              #pragma debug union_end
1536  0048              #pragma debug variable 160 1 ___pas0 "__pas0" 1
1536  0048              #pragma debug struct_end
1536  0048              #pragma debug struct_end
1536  0048              #pragma debug union_end
1536  0048              #pragma debug union_end
1536  0048              #pragma debug variable 162 1 ___pas1 "__pas1" 1
1536  0048              #pragma debug variable 8 1 ___tmr "__tmr" 1
1536  0048              #pragma debug struct_end
1536  0048              #pragma debug struct_end
1536  0048              #pragma debug union_end
1536  0048              #pragma debug union_end
1536  0048              #pragma debug variable 164 1 ___tmrc "__tmrc" 1
1536  0048              #pragma debug variable 8 1 ___iar1 "__iar1" 1
1536  0048              
1536  0048              ; output external variables
1536  0048              extern _R_intADC_Vbat:byte
1536  0048              extern _R_adc_channel:byte
1536  0048              extern _R_intADC_Sum:byte
1536  0048              extern _R_ADC_Count:byte
1536  0048              extern _R_workmode:byte
1536  0048              extern _flag3:byte
1536  0048              extern _flag2:byte
1536  0048              extern _flag1:byte
1536  0048              extern _flag0:byte
1536  0048              extern _flagtime:byte
1536  0048              extern _R_time3s:byte
1536  0048              extern _R_time200ms:byte
1536  0048              extern _User_config_Read:near
1536  0048              extern _GetBattery_Level:near
1536  0048              
1536  0048              ; 
1536  0048              ; Generated by holtek-gcc v3.18, Fri May 31 17:54:40 2019
1536  0048              ; Rebuild 828
1536  0048              ; end of file


        0 Errors, 0