文件：key.c        编译器版本 HGASM 0202 页次1


   1  0000              ; Generated by holtek-gcc v3.18, Fri May 31 17:54:46 2019
   2  0000              ; 
   3  0000              ; Configuration:
   4  0000              ;       with long instruction
   5  0000              ;       Single ROM, Multi-RAM
   6  0000              ;       bits_per_rom_unit:16
   7  0000              ;       with mp1
   8  0000              ;       with tbhp, address(0x9)
   9  0000              ;          Use tabrd-const
  10  0000              ;       
  11  0000              ; SFR address of long-instruction arch:
  12  0000              ;    mp0 = -1,1,0
  13  0000              ;    mp1 = 4,3,2
  14  0000              ;    mp2 = 14,13,12
  15  0000              ;    tbp = 9,7,8
  16  0000              ;    acc = 5
  17  0000              ;    pcl = 6
  18  0000              ;    status = 10
  19  0000              ;    bp = 11
  20  0000              ;    intc = 16
  21  0000              ;       
  22  0000              ;       
  23  0000              ; use 'tabrdc' instead of 'tabrd'
  24  0000              ;       
  25  0000              
  26  0000              #pragma translator "holtek-gcc 4.6.4" "3.18" "build 20130711"
  27  0000              ; Rebuild 828
  28  0000              
  29  0000              ir equ [2]
  30  0000              mp equ [3]
  31  0000              sbp equ [4]
  32  0000              acc equ [5]
  33  0000              bp equ [11]
  34  0000              tblp equ [7]
  35  0000              tbhp equ [9]
  36  0000              status equ [10]
  37  0000              c equ [10].0
  38  0000              ac equ [10].1
  39  0000              z equ [10].2
  40  0000              ov equ [10].3
  41  0000              cz equ [10].6
  42  0000              sc equ [10].7
  43  0000              intc equ [16]
  44  0000              
  45  0000              extern ra:byte
  46  0000              extern rb:byte
  47  0000              extern rc:byte
  48  0000              extern rd:byte
  49  0000              extern re:byte
  50  0000              extern rf:byte
  51  0000              extern rg:byte
  52  0000              extern rh:byte
  53  0000              extern _Crom2Prom:near
  54  0000              extern _Crom2PromNext:near
  55  0000              
  56  0000              RAMBANK 0 @BITDATASEC, @BITDATASEC1
  57  0000              @HCCINIT	.section 'data'
  58  0000              @HCCINIT0	.section 'data'
  59  0000              @BITDATASEC	 .section 'data'
文件：key.ASM      编译器版本 HGASM 0202 页次2

  60  0000              @BITDATASEC1	 .section 'data'
  61  0000              
  62  0000              #pragma debug scope 1 1
  63  0000              	extern __DELAY3:near
  64  0000              	extern __DELAYX3:near
  65  0000              	extern __DELAYX6:near
  66  0000              	extern __DELAYY5:near
  67  0000              	extern __DELAYY3:near
  68  0000              	extern _builtin_holtek_delay_2:byte
  69  0000              ___pc equ [39]
  70  0000              public _key_scan
  71  0000              #pragma debug scope 2 1

  10  0000              #line 10 "F:\2_Source\NW1951_NW2018_20SOP 上海佳点 BBU 控制器-V00\CODE\source\key.c"
  10  0000              _key_scan .section 'code'
  10  0000              _key_scan proc
  11  0000              #line 11 "F:\2_Source\NW1951_NW2018_20SOP 上海佳点 BBU 控制器-V00\CODE\source\key.c"
  11  0000  3CA7        	sz [39].1
  11  0001  2800     R  	jmp _L2
  12  0002              #line 12 "F:\2_Source\NW1951_NW2018_20SOP 上海佳点 BBU 控制器-V00\CODE\source\key.c"
  12  0002  0F01        	mov a,1
  12  0003  0300     E  	add a,_R_intkeydebounce[0]
  12  0004  0080     E  	mov rb,a
  12  0005  0F00        	mov a,0
  12  0006  1300     E  	adc a,_R_intkeydebounce[1]
  12  0007  0080     E  	mov rc,a
  12  0008  0700     E  	mov a,rb
  12  0009  0080     E  	mov _R_intkeydebounce[0],a
  12  000A  0700     E  	mov a,rc
  12  000B  0080     E  	mov _R_intkeydebounce[1],a
  13  000C              #line 13 "F:\2_Source\NW1951_NW2018_20SOP 上海佳点 BBU 控制器-V00\CODE\source\key.c"
  13  000C  0FDB        	mov a,219
  13  000D  0200     E  	sub a,rb
  13  000E  0F05        	mov a,5
  13  000F  1200     E  	sbc a,rc
  13  0010  3C0A        	sz c
  13  0011  2800     R  	jmp _L1
  14  0012              #line 14 "F:\2_Source\NW1951_NW2018_20SOP 上海佳点 BBU 控制器-V00\CODE\source\key.c"
  14  0012  1F00     E  	clr _R_intkeydebounce[0]
  14  0013  1F00     E  	clr _R_intkeydebounce[1]
  15  0014              #line 15 "F:\2_Source\NW1951_NW2018_20SOP 上海佳点 BBU 控制器-V00\CODE\source\key.c"
  15  0014  3C00     E  	sz _flag2[0].4
  15  0015  2800     R  	jmp _L1
  16  0016              #line 16 "F:\2_Source\NW1951_NW2018_20SOP 上海佳点 BBU 控制器-V00\CODE\source\key.c"
  16  0016  3000     E  	set _flag2[0].4
  17  0017              #line 17 "F:\2_Source\NW1951_NW2018_20SOP 上海佳点 BBU 控制器-V00\CODE\source\key.c"
  17  0017  0700     E  	mov a,_R_workmode[0]
  17  0018  0A03        	sub a,3
  17  0019  390A        	snz z
  17  001A  2800     R  	jmp _L1
  18  001B              #line 18 "F:\2_Source\NW1951_NW2018_20SOP 上海佳点 BBU 控制器-V00\CODE\source\key.c"
  18  001B  0F04        	mov a,4
  18  001C  0080     E  	mov _R_workmode[0],a
  19  001D              #line 19 "F:\2_Source\NW1951_NW2018_20SOP 上海佳点 BBU 控制器-V00\CODE\source\key.c"
  19  001D  3000     E  	set _flag0[0].2
  20  001E              #line 20 "F:\2_Source\NW1951_NW2018_20SOP 上海佳点 BBU 控制器-V00\CODE\source\key.c"
  20  001E  3000     E  	set _flag2[0].3
  20  001F  2800     R  	jmp _L1
  20  0020              _L2:
  25  0020              #line 25 "F:\2_Source\NW1951_NW2018_20SOP 上海佳点 BBU 控制器-V00\CODE\source\key.c"
文件：key.c        编译器版本 HGASM 0202 页次3

  25  0020  1F00     E  	clr _R_intkeydebounce[0]
  25  0021  1F00     E  	clr _R_intkeydebounce[1]
  26  0022              #line 26 "F:\2_Source\NW1951_NW2018_20SOP 上海佳点 BBU 控制器-V00\CODE\source\key.c"
  26  0022  3400     E  	clr _flag2[0].3
  27  0023              #line 27 "F:\2_Source\NW1951_NW2018_20SOP 上海佳点 BBU 控制器-V00\CODE\source\key.c"
  27  0023  3400     E  	clr _flag2[0].4
  27  0024              _L1:
  27  0024  0003        	ret
  27  0025              _key_scan endp
  27  0025              #line 27 "F:\2_Source\NW1951_NW2018_20SOP 上海佳点 BBU 控制器-V00\CODE\source\key.c"
  27  0025              #pragma debug scope 1 1
  27  0025              #pragma debug struct_end
  27  0025              #pragma debug struct_end
  27  0025              #pragma debug union_end
  27  0025              #pragma debug union_end
  27  0025              #pragma debug variable 43 1 ___pc "__pc" 1
  27  0025              
  27  0025              ; output external variables
  27  0025              extern _flag0:byte
  27  0025              extern _R_workmode:byte
  27  0025              extern _flag2:byte
  27  0025              extern _R_intkeydebounce:byte
  27  0025              
  27  0025              ; 
  27  0025              ; Generated by holtek-gcc v3.18, Fri May 31 17:54:46 2019
  27  0025              ; Rebuild 828
  27  0025              ; end of file


        0 Errors, 0