文件：main.c       编译器版本 HGASM 0202 页次1


   1  0000              ; Generated by holtek-gcc v3.18, Fri May 31 17:54:41 2019
   2  0000              ; 
   3  0000              ; Configuration:
   4  0000              ;       with long instruction
   5  0000              ;       Single ROM, Multi-RAM
   6  0000              ;       bits_per_rom_unit:16
   7  0000              ;       with mp1
   8  0000              ;       with tbhp, address(0x9)
   9  0000              ;          Use tabrd-const
  10  0000              ;       
  11  0000              ; SFR address of long-instruction arch:
  12  0000              ;    mp0 = -1,1,0
  13  0000              ;    mp1 = 4,3,2
  14  0000              ;    mp2 = 14,13,12
  15  0000              ;    tbp = 9,7,8
  16  0000              ;    acc = 5
  17  0000              ;    pcl = 6
  18  0000              ;    status = 10
  19  0000              ;    bp = 11
  20  0000              ;    intc = 16
  21  0000              ;       
  22  0000              ;       
  23  0000              ; use 'tabrdc' instead of 'tabrd'
  24  0000              ;       
  25  0000              
  26  0000              #pragma translator "holtek-gcc 4.6.4" "3.18" "build 20130711"
  27  0000              ; Rebuild 828
  28  0000              
  29  0000              ir equ [2]
  30  0000              mp equ [3]
  31  0000              sbp equ [4]
  32  0000              acc equ [5]
  33  0000              bp equ [11]
  34  0000              tblp equ [7]
  35  0000              tbhp equ [9]
  36  0000              status equ [10]
  37  0000              c equ [10].0
  38  0000              ac equ [10].1
  39  0000              z equ [10].2
  40  0000              ov equ [10].3
  41  0000              cz equ [10].6
  42  0000              sc equ [10].7
  43  0000              intc equ [16]
  44  0000              
  45  0000              extern ra:byte
  46  0000              extern rb:byte
  47  0000              extern rc:byte
  48  0000              extern rd:byte
  49  0000              extern re:byte
  50  0000              extern rf:byte
  51  0000              extern rg:byte
  52  0000              extern rh:byte
  53  0000              extern _Crom2Prom:near
  54  0000              extern _Crom2PromNext:near
  55  0000              
  56  0000              RAMBANK 0 @BITDATASEC, @BITDATASEC1
  57  0000              @HCCINIT	.section 'data'
  58  0000              @HCCINIT0	.section 'data'
  59  0000              @BITDATASEC	 .section 'data'
文件：main.ASM     编译器版本 HGASM 0202 页次2

  60  0000              @BITDATASEC1	 .section 'data'
  61  0000              
  62  0000              #pragma debug scope 1 1
  63  0000              	extern __DELAY3:near
  64  0000              	extern __DELAYX3:near
  65  0000              	extern __DELAYX6:near
  66  0000              	extern __DELAYY5:near
  67  0000              	extern __DELAYY3:near
  68  0000              	extern _builtin_holtek_delay_2:byte
  69  0000              ___status equ [10]
  70  0000              ___scc equ [15]
  71  0000              public _main
  72  0000              #pragma debug scope 2 1

  35  0000              #line 35 "F:\2_Source\NW1951_NW2018_20SOP 上海佳点 BBU 控制器-V00\CODE\source\main.c"
  35  0000              IFDEF WITH_DEFAULT_STARTUP
  35  0000              extern _main_initial0:near
  35  0000              extern _main_startup:near
  35  0000              ENDIF
  35  0000              
  35  0000              ROMBANK 0 @start
  35  0000              @start .section com_l 'code'
  35  0000              _main_startup1:
  35  0000              @start .section com_e 'code'
  35  0000  2800     R  	jmp _main
  35  0001              
  35  0000              _main .section 'code'
  35  0000              _main proc
  36  0000              #line 36 "F:\2_Source\NW1951_NW2018_20SOP 上海佳点 BBU 控制器-V00\CODE\source\main.c"
  36  0000  3E8A        	sz [10].5
  36  0001  2800     R  	jmp _L2
  38  0002              #line 38 "F:\2_Source\NW1951_NW2018_20SOP 上海佳点 BBU 控制器-V00\CODE\source\main.c"
  38  0002  2000     E  	call _RESET_INITIAL
  40  0003              #line 40 "F:\2_Source\NW1951_NW2018_20SOP 上海佳点 BBU 控制器-V00\CODE\source\main.c"
  40  0003  2000     E  	call _user_initial
  40  0004  2800     R  	jmp _L4
  40  0005              _L2:
  42  0005              #line 42 "F:\2_Source\NW1951_NW2018_20SOP 上海佳点 BBU 控制器-V00\CODE\source\main.c"
  42  0005  1700     E  	sdza _R_workmode[0]
  42  0006  2800     R  	jmp _L4
  43  0007              #line 43 "F:\2_Source\NW1951_NW2018_20SOP 上海佳点 BBU 控制器-V00\CODE\source\main.c"
  43  0007  348F        	clr [15].1
  44  0008              #line 44 "F:\2_Source\NW1951_NW2018_20SOP 上海佳点 BBU 控制器-V00\CODE\source\main.c"
  44  0008  340F        	clr [15].0
  45  0009              #line 45 "F:\2_Source\NW1951_NW2018_20SOP 上海佳点 BBU 控制器-V00\CODE\source\main.c"
  45  0009              ;# 45 "F:\2_Source\NW1951_NW2018_20SOP 上海佳点 BBU 控制器-V00\CODE\source\main.c" 1
  45  0009  0001        	clr wdt
  46  000A              #line 46 "F:\2_Source\NW1951_NW2018_20SOP 上海佳点 BBU 控制器-V00\CODE\source\main.c"
  46  000A              ;# 46 "F:\2_Source\NW1951_NW2018_20SOP 上海佳点 BBU 控制器-V00\CODE\source\main.c" 1
  46  000A  0002        	halt
  46  000B              _L4:
  53  000B              #line 53 "F:\2_Source\NW1951_NW2018_20SOP 上海佳点 BBU 控制器-V00\CODE\source\main.c"
  53  000B              ;# 53 "F:\2_Source\NW1951_NW2018_20SOP 上海佳点 BBU 控制器-V00\CODE\source\main.c" 1
  53  000B  0001        	clr wdt
  72  000C              #line 72 "F:\2_Source\NW1951_NW2018_20SOP 上海佳点 BBU 控制器-V00\CODE\source\main.c"
  72  000C  3800     E  	snz _flagtime[0].0
  72  000D  2800     R  	jmp _L4
  73  000E              #line 73 "F:\2_Source\NW1951_NW2018_20SOP 上海佳点 BBU 控制器-V00\CODE\source\main.c"
  73  000E  3400     E  	clr _flagtime[0].0
  75  000F              #line 75 "F:\2_Source\NW1951_NW2018_20SOP 上海佳点 BBU 控制器-V00\CODE\source\main.c"
文件：main.c       编译器版本 HGASM 0202 页次3

  75  000F  2000     E  	call _get_calibration_factor
  76  0010              #line 76 "F:\2_Source\NW1951_NW2018_20SOP 上海佳点 BBU 控制器-V00\CODE\source\main.c"
  76  0010  2000     E  	call _bbu_detetedmode
  77  0011              #line 77 "F:\2_Source\NW1951_NW2018_20SOP 上海佳点 BBU 控制器-V00\CODE\source\main.c"
  77  0011  2000     E  	call _key_scan
  78  0012              #line 78 "F:\2_Source\NW1951_NW2018_20SOP 上海佳点 BBU 控制器-V00\CODE\source\main.c"
  78  0012  2000     E  	call _led_display
  80  0013              #line 80 "F:\2_Source\NW1951_NW2018_20SOP 上海佳点 BBU 控制器-V00\CODE\source\main.c"
  80  0013  0700     E  	mov a,_R_workmode[0]
  80  0014  0A01        	sub a,1
  80  0015  3D0A        	sz z
  80  0016  2800     R  	jmp _L8
  80  0017  0A01        	sub a,(2)-(1)
  80  0018  3D0A        	sz z
  80  0019  2800     R  	jmp _L9
  80  001A  0700     E  	mov a,_R_workmode[0]
  80  001B  0A03        	sub a,3
  80  001C  3D0A        	sz z
  80  001D  2800     R  	jmp _L10
  80  001E  0700     E  	mov a,_R_workmode[0]
  80  001F  0A04        	sub a,4
  80  0020  390A        	snz z
  80  0021  2800     R  	jmp _L13
  95  0022              #line 95 "F:\2_Source\NW1951_NW2018_20SOP 上海佳点 BBU 控制器-V00\CODE\source\main.c"
  95  0022  2000     E  	call _bbu_safety
  96  0023              #line 96 "F:\2_Source\NW1951_NW2018_20SOP 上海佳点 BBU 控制器-V00\CODE\source\main.c"
  96  0023  2800     R  	jmp _L4
  96  0024              _L8:
  83  0024              #line 83 "F:\2_Source\NW1951_NW2018_20SOP 上海佳点 BBU 控制器-V00\CODE\source\main.c"
  83  0024  2000     E  	call _bbu_poweroff
  84  0025              #line 84 "F:\2_Source\NW1951_NW2018_20SOP 上海佳点 BBU 控制器-V00\CODE\source\main.c"
  84  0025  2800     R  	jmp _L4
  84  0026              _L9:
  87  0026              #line 87 "F:\2_Source\NW1951_NW2018_20SOP 上海佳点 BBU 控制器-V00\CODE\source\main.c"
  87  0026  2000     E  	call _bbu_charge
  88  0027              #line 88 "F:\2_Source\NW1951_NW2018_20SOP 上海佳点 BBU 控制器-V00\CODE\source\main.c"
  88  0027  2800     R  	jmp _L4
  88  0028              _L10:
  91  0028              #line 91 "F:\2_Source\NW1951_NW2018_20SOP 上海佳点 BBU 控制器-V00\CODE\source\main.c"
  91  0028  2000     E  	call _bbu_discharge
  92  0029              #line 92 "F:\2_Source\NW1951_NW2018_20SOP 上海佳点 BBU 控制器-V00\CODE\source\main.c"
  92  0029  2800     R  	jmp _L4
  92  002A              _L13:
  99  002A              #line 99 "F:\2_Source\NW1951_NW2018_20SOP 上海佳点 BBU 控制器-V00\CODE\source\main.c"
  99  002A  0F03        	mov a,3
  99  002B  0080     E  	mov _R_workmode[0],a
 100  002C              #line 100 "F:\2_Source\NW1951_NW2018_20SOP 上海佳点 BBU 控制器-V00\CODE\source\main.c"
 100  002C  3000     E  	set _flag0[0].1
 101  002D              #line 101 "F:\2_Source\NW1951_NW2018_20SOP 上海佳点 BBU 控制器-V00\CODE\source\main.c"
 101  002D  2800     R  	jmp _L4
 101  002E  2800     R  	jmp $
 101  002F              _main endp
 101  002F              
 101  002F              @dummy endp
 101  002F              
 101  002F              #line 101 "F:\2_Source\NW1951_NW2018_20SOP 上海佳点 BBU 控制器-V00\CODE\source\main.c"
 101  002F              #pragma debug scope 1 1
 101  002F              #pragma debug struct_end
 101  002F              #pragma debug struct_end
 101  002F              #pragma debug union_end
文件：main.c       编译器版本 HGASM 0202 页次4

 101  002F              #pragma debug union_end
 101  002F              #pragma debug variable 43 1 ___status "__status" 1
 101  002F              #pragma debug struct_end
 101  002F              #pragma debug struct_end
 101  002F              #pragma debug union_end
 101  002F              #pragma debug union_end
 101  002F              #pragma debug variable 45 1 ___scc "__scc" 1
 101  002F              
 101  002F              ; output external variables
 101  002F              extern _flag0:byte
 101  002F              extern _flagtime:byte
 101  002F              extern _R_workmode:byte
  35  002F              #line 35 "F:\2_Source\NW1951_NW2018_20SOP 上海佳点 BBU 控制器-V00\CODE\source\main.c"
  35  0000              @code .section at 0 'code'
  35  0000  2800     R  	jmp _main_startup1
  35  0001              
  35  0001              extern _RESET_INITIAL:near
  35  0001              extern _user_initial:near
  35  0001              extern _get_calibration_factor:near
  35  0001              extern _bbu_detetedmode:near
  35  0001              extern _key_scan:near
  35  0001              extern _led_display:near
  35  0001              extern _bbu_safety:near
  35  0001              extern _bbu_poweroff:near
  35  0001              extern _bbu_charge:near
  35  0001              extern _bbu_discharge:near
  35  0001              
  35  0001              ; 
  35  0001              ; Generated by holtek-gcc v3.18, Fri May 31 17:54:41 2019
  35  0001              ; Rebuild 828
  35  0001              ; end of file


        0 Errors, 0