文件：Variants.c   编译器版本 HGASM 0202 页次1


   1  0000              ; Generated by holtek-gcc v3.18, Fri May 31 17:54:42 2019
   2  0000              ; 
   3  0000              ; Configuration:
   4  0000              ;       with long instruction
   5  0000              ;       Single ROM, Multi-RAM
   6  0000              ;       bits_per_rom_unit:16
   7  0000              ;       with mp1
   8  0000              ;       with tbhp, address(0x9)
   9  0000              ;          Use tabrd-const
  10  0000              ;       
  11  0000              ; SFR address of long-instruction arch:
  12  0000              ;    mp0 = -1,1,0
  13  0000              ;    mp1 = 4,3,2
  14  0000              ;    mp2 = 14,13,12
  15  0000              ;    tbp = 9,7,8
  16  0000              ;    acc = 5
  17  0000              ;    pcl = 6
  18  0000              ;    status = 10
  19  0000              ;    bp = 11
  20  0000              ;    intc = 16
  21  0000              ;       
  22  0000              ;       
  23  0000              ; use 'tabrdc' instead of 'tabrd'
  24  0000              ;       
  25  0000              
  26  0000              #pragma translator "holtek-gcc 4.6.4" "3.18" "build 20130711"
  27  0000              ; Rebuild 828
  28  0000              
  29  0000              ir equ [2]
  30  0000              mp equ [3]
  31  0000              sbp equ [4]
  32  0000              acc equ [5]
  33  0000              bp equ [11]
  34  0000              tblp equ [7]
  35  0000              tbhp equ [9]
  36  0000              status equ [10]
  37  0000              c equ [10].0
  38  0000              ac equ [10].1
  39  0000              z equ [10].2
  40  0000              ov equ [10].3
  41  0000              cz equ [10].6
  42  0000              sc equ [10].7
  43  0000              intc equ [16]
  44  0000              
  45  0000              extern ra:byte
  46  0000              extern rb:byte
  47  0000              extern rc:byte
  48  0000              extern rd:byte
  49  0000              extern re:byte
  50  0000              extern rf:byte
  51  0000              extern rg:byte
  52  0000              extern rh:byte
  53  0000              extern _Crom2Prom:near
  54  0000              extern _Crom2PromNext:near
  55  0000              
  56  0000              RAMBANK 0 @BITDATASEC, @BITDATASEC1
  57  0000              @HCCINIT	.section 'data'
  58  0000              @HCCINIT0	.section 'data'
  59  0000              @BITDATASEC	 .section 'data'
文件：Variants.ASM 编译器版本 HGASM 0202 页次2

  60  0000              @BITDATASEC1	 .section 'data'
  61  0000              
  62  0000              #pragma debug scope 1 1
  63  0000              	extern __DELAY3:near
  64  0000              	extern __DELAYX3:near
  65  0000              	extern __DELAYX6:near
  66  0000              	extern __DELAYY5:near
  67  0000              	extern __DELAYY3:near
  68  0000              	extern _builtin_holtek_delay_2:byte

  68  0000              #line 68 "F:\2_Source\NW1951_NW2018_20SOP 上海佳点 BBU 控制器-V00\CODE\source\Variants.c"
  68  0000              public _R_UartData_Idx
  68  0000              @HCCINIT0_R_UartData_Idx .section 'data'
  68  0000              _R_UartData_Idx	db 0
  68  0001              #pragma debug variable 8 1 _R_UartData_Idx "R_UartData_Idx"
  68  0001              
  68  0000              @HCCINIT .section 'data'
  67  0000              #line 67 "F:\2_Source\NW1951_NW2018_20SOP 上海佳点 BBU 控制器-V00\CODE\source\Variants.c"
  67  0000              public _R_Uart_active
  67  0000              @HCCINIT0_R_Uart_active .section 'data'
  67  0000              _R_Uart_active	db 0
  67  0001              #pragma debug variable 8 1 _R_Uart_active "R_Uart_active"
  67  0001              
  67  0000              @HCCINIT .section 'data'
  66  0000              #line 66 "F:\2_Source\NW1951_NW2018_20SOP 上海佳点 BBU 控制器-V00\CODE\source\Variants.c"
  66  0000              public _R_UartData_Buf
  66  0000              @HCCINIT0_R_UartData_Buf .section 'data'
  66  0000  0008[       _R_UartData_Buf	db 8 dup(0)
            00
            ]
  66  0008              #pragma debug array 42 8 4 1
  66  0008              #pragma debug array 42 8 4 1
  66  0008              #pragma debug array 43 42 2 1
  66  0008              #pragma debug array 43 42 2 1
  66  0008              #pragma debug variable 43 1 _R_UartData_Buf "R_UartData_Buf"
  66  0008              
  66  0000              @HCCINIT .section 'data'
  65  0000              #line 65 "F:\2_Source\NW1951_NW2018_20SOP 上海佳点 BBU 控制器-V00\CODE\source\Variants.c"
  65  0000              public _R_UartData
  65  0000              @HCCINIT0_R_UartData .section 'data'
  65  0000              _R_UartData	db 0
  65  0001              #pragma debug variable 8 1 _R_UartData "R_UartData"
  65  0001              
  65  0000              @HCCINIT .section 'data'
  64  0000              #line 64 "F:\2_Source\NW1951_NW2018_20SOP 上海佳点 BBU 控制器-V00\CODE\source\Variants.c"
  64  0000              public _R_UartStatus
  64  0000              @HCCINIT0_R_UartStatus .section 'data'
  64  0000              _R_UartStatus	db 0
  64  0001              #pragma debug variable 8 1 _R_UartStatus "R_UartStatus"
  64  0001              
  64  0000              @HCCINIT .section 'data'
  61  0000              #line 61 "F:\2_Source\NW1951_NW2018_20SOP 上海佳点 BBU 控制器-V00\CODE\source\Variants.c"
  61  0000              public _R_iicPoint
  61  0000              @HCCINIT0_R_iicPoint .section 'data'
  61  0000              _R_iicPoint	db 0
  61  0001              #pragma debug variable 8 1 _R_iicPoint "R_iicPoint"
  61  0001              
  61  0000              @HCCINIT .section 'data'
  60  0000              #line 60 "F:\2_Source\NW1951_NW2018_20SOP 上海佳点 BBU 控制器-V00\CODE\source\Variants.c"
  60  0000              public _R_IIC_DataBuffer
文件：Variants.c   编译器版本 HGASM 0202 页次3

  60  0000              @HCCINIT0_R_IIC_DataBuffer .section 'data'
  60  0000  0009[       _R_IIC_DataBuffer	db 9 dup(0)
            00
            ]
  60  0009              #pragma debug array 44 8 9 1
  60  0009              #pragma debug array 44 8 9 1
  60  0009              #pragma debug variable 44 1 _R_IIC_DataBuffer "R_IIC_DataBuffer"
  60  0009              
  60  0000              @HCCINIT .section 'data'
  59  0000              #line 59 "F:\2_Source\NW1951_NW2018_20SOP 上海佳点 BBU 控制器-V00\CODE\source\Variants.c"
  59  0000              public _R_KeyBuffer
  59  0000              @HCCINIT0_R_KeyBuffer .section 'data'
  59  0000  0002[       _R_KeyBuffer	db 2 dup(0)
            00
            ]
  59  0002              #pragma debug array 45 8 2 1
  59  0002              #pragma debug array 45 8 2 1
  59  0002              #pragma debug variable 45 1 _R_KeyBuffer "R_KeyBuffer"
  59  0002              
  59  0000              @HCCINIT .section 'data'
  58  0000              #line 58 "F:\2_Source\NW1951_NW2018_20SOP 上海佳点 BBU 控制器-V00\CODE\source\Variants.c"
  58  0000              public _R_MachinCode
  58  0000              @HCCINIT0_R_MachinCode .section 'data'
  58  0000  0002[       _R_MachinCode	db 2 dup(0)
            00
            ]
  58  0002              #pragma debug variable 45 1 _R_MachinCode "R_MachinCode"
  58  0002              
  58  0000              @HCCINIT .section 'data'
  55  0000              #line 55 "F:\2_Source\NW1951_NW2018_20SOP 上海佳点 BBU 控制器-V00\CODE\source\Variants.c"
  55  0000              public _R_calibration_pos
  55  0000              @HCCINIT0_R_calibration_pos .section 'data'
  55  0000              _R_calibration_pos	db 0
  55  0001              #pragma debug variable 8 1 _R_calibration_pos "R_calibration_pos"
  55  0001              
  55  0000              @HCCINIT .section 'data'
  54  0000              #line 54 "F:\2_Source\NW1951_NW2018_20SOP 上海佳点 BBU 控制器-V00\CODE\source\Variants.c"
  54  0000              public _R_calibration_k
  54  0000              @HCCINIT0_R_calibration_k .section 'data'
  54  0000              _R_calibration_k	db 0
  54  0001              #pragma debug variable 8 1 _R_calibration_k "R_calibration_k"
  54  0001              
  54  0000              @HCCINIT .section 'data'
  52  0000              #line 52 "F:\2_Source\NW1951_NW2018_20SOP 上海佳点 BBU 控制器-V00\CODE\source\Variants.c"
  52  0000              public _R_adc_channel
  52  0000              @HCCINIT0_R_adc_channel .section 'data'
  52  0000              _R_adc_channel	db 0
  52  0001              #pragma debug variable 8 1 _R_adc_channel "R_adc_channel"
  52  0001              
  52  0000              @HCCINIT .section 'data'
  51  0000              #line 51 "F:\2_Source\NW1951_NW2018_20SOP 上海佳点 BBU 控制器-V00\CODE\source\Variants.c"
  51  0000              public _R_intADC_charge_i
  51  0000              @HCCINIT0_R_intADC_charge_i .section 'data'
  51  0000  0002[       _R_intADC_charge_i	db 2 dup(0)
            00
            ]
  51  0002              #pragma debug variable 12 1 _R_intADC_charge_i "R_intADC_charge_i"
  51  0002              
  51  0000              @HCCINIT .section 'data'
  50  0000              #line 50 "F:\2_Source\NW1951_NW2018_20SOP 上海佳点 BBU 控制器-V00\CODE\source\Variants.c"
文件：Variants.c   编译器版本 HGASM 0202 页次4

  50  0000              public _R_intADC_mot_i
  50  0000              @HCCINIT0_R_intADC_mot_i .section 'data'
  50  0000  0002[       _R_intADC_mot_i	db 2 dup(0)
            00
            ]
  50  0002              #pragma debug variable 12 1 _R_intADC_mot_i "R_intADC_mot_i"
  50  0002              
  50  0000              @HCCINIT .section 'data'
  49  0000              #line 49 "F:\2_Source\NW1951_NW2018_20SOP 上海佳点 BBU 控制器-V00\CODE\source\Variants.c"
  49  0000              public _R_intADC_mot_sum
  49  0000              @HCCINIT0_R_intADC_mot_sum .section 'data'
  49  0000  0002[       _R_intADC_mot_sum	db 2 dup(0)
            00
            ]
  49  0002              #pragma debug variable 12 1 _R_intADC_mot_sum "R_intADC_mot_sum"
  49  0002              
  49  0000              @HCCINIT .section 'data'
  48  0000              #line 48 "F:\2_Source\NW1951_NW2018_20SOP 上海佳点 BBU 控制器-V00\CODE\source\Variants.c"
  48  0000              public _R_ADC_Count
  48  0000              @HCCINIT0_R_ADC_Count .section 'data'
  48  0000              _R_ADC_Count	db 0
  48  0001              #pragma debug variable 8 1 _R_ADC_Count "R_ADC_Count"
  48  0001              
  48  0000              @HCCINIT .section 'data'
  47  0000              #line 47 "F:\2_Source\NW1951_NW2018_20SOP 上海佳点 BBU 控制器-V00\CODE\source\Variants.c"
  47  0000              public _R_intADC_Sum
  47  0000              @HCCINIT0_R_intADC_Sum .section 'data'
  47  0000  0002[       _R_intADC_Sum	db 2 dup(0)
            00
            ]
  47  0002              #pragma debug variable 12 1 _R_intADC_Sum "R_intADC_Sum"
  47  0002              
  47  0000              @HCCINIT .section 'data'
  46  0000              #line 46 "F:\2_Source\NW1951_NW2018_20SOP 上海佳点 BBU 控制器-V00\CODE\source\Variants.c"
  46  0000              public _R_intADC_Vbat
  46  0000              @HCCINIT0_R_intADC_Vbat .section 'data'
  46  0000  0002[       _R_intADC_Vbat	db 2 dup(0)
            00
            ]
  46  0002              #pragma debug variable 12 1 _R_intADC_Vbat "R_intADC_Vbat"
  46  0002              
  46  0000              @HCCINIT .section 'data'
  42  0000              #line 42 "F:\2_Source\NW1951_NW2018_20SOP 上海佳点 BBU 控制器-V00\CODE\source\Variants.c"
  42  0000              public _R_workmode
  42  0000              @HCCINIT0_R_workmode .section 'data'
  42  0000              _R_workmode	db 0
  42  0001              #pragma debug variable 8 1 _R_workmode "R_workmode"
  42  0001              
  42  0000              @HCCINIT .section 'data'
  39  0000              #line 39 "F:\2_Source\NW1951_NW2018_20SOP 上海佳点 BBU 控制器-V00\CODE\source\Variants.c"
  39  0000              public _R_intkeydebounce
  39  0000              @HCCINIT0_R_intkeydebounce .section 'data'
  39  0000  0002[       _R_intkeydebounce	db 2 dup(0)
            00
            ]
  39  0002              #pragma debug variable 12 1 _R_intkeydebounce "R_intkeydebounce"
  39  0002              
  39  0000              @HCCINIT .section 'data'
  37  0000              #line 37 "F:\2_Source\NW1951_NW2018_20SOP 上海佳点 BBU 控制器-V00\CODE\source\Variants.c"
  37  0000              public _R_calibration_cnt
文件：Variants.c   编译器版本 HGASM 0202 页次5

  37  0000              @HCCINIT0_R_calibration_cnt .section 'data'
  37  0000              _R_calibration_cnt	db 0
  37  0001              #pragma debug variable 8 1 _R_calibration_cnt "R_calibration_cnt"
  37  0001              
  37  0000              @HCCINIT .section 'data'
  35  0000              #line 35 "F:\2_Source\NW1951_NW2018_20SOP 上海佳点 BBU 控制器-V00\CODE\source\Variants.c"
  35  0000              public _R_full_cnt
  35  0000              @HCCINIT0_R_full_cnt .section 'data'
  35  0000              _R_full_cnt	db 0
  35  0001              #pragma debug variable 8 1 _R_full_cnt "R_full_cnt"
  35  0001              
  35  0000              @HCCINIT .section 'data'
  34  0000              #line 34 "F:\2_Source\NW1951_NW2018_20SOP 上海佳点 BBU 控制器-V00\CODE\source\Variants.c"
  34  0000              public _R_charging_cnt
  34  0000              @HCCINIT0_R_charging_cnt .section 'data'
  34  0000              _R_charging_cnt	db 0
  34  0001              #pragma debug variable 8 1 _R_charging_cnt "R_charging_cnt"
  34  0001              
  34  0000              @HCCINIT .section 'data'
  33  0000              #line 33 "F:\2_Source\NW1951_NW2018_20SOP 上海佳点 BBU 控制器-V00\CODE\source\Variants.c"
  33  0000              public _R_batchg_cnt
  33  0000              @HCCINIT0_R_batchg_cnt .section 'data'
  33  0000              _R_batchg_cnt	db 0
  33  0001              #pragma debug variable 8 1 _R_batchg_cnt "R_batchg_cnt"
  33  0001              
  33  0000              @HCCINIT .section 'data'
  32  0000              #line 32 "F:\2_Source\NW1951_NW2018_20SOP 上海佳点 BBU 控制器-V00\CODE\source\Variants.c"
  32  0000              public _R_batlvl_cnt3
  32  0000              @HCCINIT0_R_batlvl_cnt3 .section 'data'
  32  0000              _R_batlvl_cnt3	db 0
  32  0001              #pragma debug variable 8 1 _R_batlvl_cnt3 "R_batlvl_cnt3"
  32  0001              
  32  0000              @HCCINIT .section 'data'
  31  0000              #line 31 "F:\2_Source\NW1951_NW2018_20SOP 上海佳点 BBU 控制器-V00\CODE\source\Variants.c"
  31  0000              public _R_batlvl_cnt2
  31  0000              @HCCINIT0_R_batlvl_cnt2 .section 'data'
  31  0000              _R_batlvl_cnt2	db 0
  31  0001              #pragma debug variable 8 1 _R_batlvl_cnt2 "R_batlvl_cnt2"
  31  0001              
  31  0000              @HCCINIT .section 'data'
  30  0000              #line 30 "F:\2_Source\NW1951_NW2018_20SOP 上海佳点 BBU 控制器-V00\CODE\source\Variants.c"
  30  0000              public _R_batlvl_cnt1
  30  0000              @HCCINIT0_R_batlvl_cnt1 .section 'data'
  30  0000              _R_batlvl_cnt1	db 0
  30  0001              #pragma debug variable 8 1 _R_batlvl_cnt1 "R_batlvl_cnt1"
  30  0001              
  30  0000              @HCCINIT .section 'data'
  29  0000              #line 29 "F:\2_Source\NW1951_NW2018_20SOP 上海佳点 BBU 控制器-V00\CODE\source\Variants.c"
  29  0000              public _R_batlvl_cnt
  29  0000              @HCCINIT0_R_batlvl_cnt .section 'data'
  29  0000              _R_batlvl_cnt	db 0
  29  0001              #pragma debug variable 8 1 _R_batlvl_cnt "R_batlvl_cnt"
  29  0001              
  29  0000              @HCCINIT .section 'data'
  28  0000              #line 28 "F:\2_Source\NW1951_NW2018_20SOP 上海佳点 BBU 控制器-V00\CODE\source\Variants.c"
  28  0000              public _R_change_cnt
  28  0000              @HCCINIT0_R_change_cnt .section 'data'
  28  0000              _R_change_cnt	db 0
  28  0001              #pragma debug variable 8 1 _R_change_cnt "R_change_cnt"
  28  0001              
文件：Variants.c   编译器版本 HGASM 0202 页次6

  28  0000              @HCCINIT .section 'data'
  27  0000              #line 27 "F:\2_Source\NW1951_NW2018_20SOP 上海佳点 BBU 控制器-V00\CODE\source\Variants.c"
  27  0000              public _R_lowI2off_cnt
  27  0000              @HCCINIT0_R_lowI2off_cnt .section 'data'
  27  0000              _R_lowI2off_cnt	db 0
  27  0001              #pragma debug variable 8 1 _R_lowI2off_cnt "R_lowI2off_cnt"
  27  0001              
  27  0000              @HCCINIT .section 'data'
  26  0000              #line 26 "F:\2_Source\NW1951_NW2018_20SOP 上海佳点 BBU 控制器-V00\CODE\source\Variants.c"
  26  0000              public _R_intlowv2off_cnt
  26  0000              @HCCINIT0_R_intlowv2off_cnt .section 'data'
  26  0000  0002[       _R_intlowv2off_cnt	db 2 dup(0)
            00
            ]
  26  0002              #pragma debug variable 12 1 _R_intlowv2off_cnt "R_intlowv2off_cnt"
  26  0002              
  26  0000              @HCCINIT .section 'data'
  23  0000              #line 23 "F:\2_Source\NW1951_NW2018_20SOP 上海佳点 BBU 控制器-V00\CODE\source\Variants.c"
  23  0000              public _R_intsettime
  23  0000              @HCCINIT0_R_intsettime .section 'data'
  23  0000  0002[       _R_intsettime	db 2 dup(0)
            00
            ]
  23  0002              #pragma debug variable 12 1 _R_intsettime "R_intsettime"
  23  0002              
  23  0000              @HCCINIT .section 'data'
  22  0000              #line 22 "F:\2_Source\NW1951_NW2018_20SOP 上海佳点 BBU 控制器-V00\CODE\source\Variants.c"
  22  0000              public _R_intchargetime
  22  0000              @HCCINIT0_R_intchargetime .section 'data'
  22  0000  0002[       _R_intchargetime	db 2 dup(0)
            00
            ]
  22  0002              #pragma debug variable 12 1 _R_intchargetime "R_intchargetime"
  22  0002              
  22  0000              @HCCINIT .section 'data'
  21  0000              #line 21 "F:\2_Source\NW1951_NW2018_20SOP 上海佳点 BBU 控制器-V00\CODE\source\Variants.c"
  21  0000              public _R_inttime1min
  21  0000              @HCCINIT0_R_inttime1min .section 'data'
  21  0000  0002[       _R_inttime1min	db 2 dup(0)
            00
            ]
  21  0002              #pragma debug variable 12 1 _R_inttime1min "R_inttime1min"
  21  0002              
  21  0000              @HCCINIT .section 'data'
  20  0000              #line 20 "F:\2_Source\NW1951_NW2018_20SOP 上海佳点 BBU 控制器-V00\CODE\source\Variants.c"
  20  0000              public _R_time20s
  20  0000              @HCCINIT0_R_time20s .section 'data'
  20  0000              _R_time20s	db 0
  20  0001              #pragma debug variable 8 1 _R_time20s "R_time20s"
  20  0001              
  20  0000              @HCCINIT .section 'data'
  19  0000              #line 19 "F:\2_Source\NW1951_NW2018_20SOP 上海佳点 BBU 控制器-V00\CODE\source\Variants.c"
  19  0000              public _R_time10s
  19  0000              @HCCINIT0_R_time10s .section 'data'
  19  0000              _R_time10s	db 0
  19  0001              #pragma debug variable 8 1 _R_time10s "R_time10s"
  19  0001              
  19  0000              @HCCINIT .section 'data'
  18  0000              #line 18 "F:\2_Source\NW1951_NW2018_20SOP 上海佳点 BBU 控制器-V00\CODE\source\Variants.c"
  18  0000              public _R_time3s
文件：Variants.c   编译器版本 HGASM 0202 页次7

  18  0000              @HCCINIT0_R_time3s .section 'data'
  18  0000              _R_time3s	db 0
  18  0001              #pragma debug variable 8 1 _R_time3s "R_time3s"
  18  0001              
  18  0000              @HCCINIT .section 'data'
  17  0000              #line 17 "F:\2_Source\NW1951_NW2018_20SOP 上海佳点 BBU 控制器-V00\CODE\source\Variants.c"
  17  0000              public _R_time1s
  17  0000              @HCCINIT0_R_time1s .section 'data'
  17  0000              _R_time1s	db 0
  17  0001              #pragma debug variable 8 1 _R_time1s "R_time1s"
  17  0001              
  17  0000              @HCCINIT .section 'data'
  16  0000              #line 16 "F:\2_Source\NW1951_NW2018_20SOP 上海佳点 BBU 控制器-V00\CODE\source\Variants.c"
  16  0000              public _R_time500ms
  16  0000              @HCCINIT0_R_time500ms .section 'data'
  16  0000              _R_time500ms	db 0
  16  0001              #pragma debug variable 8 1 _R_time500ms "R_time500ms"
  16  0001              
  16  0000              @HCCINIT .section 'data'
  15  0000              #line 15 "F:\2_Source\NW1951_NW2018_20SOP 上海佳点 BBU 控制器-V00\CODE\source\Variants.c"
  15  0000              public _R_time200ms
  15  0000              @HCCINIT0_R_time200ms .section 'data'
  15  0000              _R_time200ms	db 0
  15  0001              #pragma debug variable 8 1 _R_time200ms "R_time200ms"
  15  0001              
  15  0000              @HCCINIT .section 'data'
  12  0000              #line 12 "F:\2_Source\NW1951_NW2018_20SOP 上海佳点 BBU 控制器-V00\CODE\source\Variants.c"
  12  0000              public _flag3
  12  0000              @HCCINIT0_flag3 .section 'data'
  12  0000              _flag3	db 0
  12  0001              #pragma debug struct_end
  12  0001              #pragma debug struct_end
  12  0001              #pragma debug union_end
  12  0001              #pragma debug union_end
  12  0001              #pragma debug variable 47 1 _flag3 "flag3"
  12  0001              
  12  0000              @HCCINIT .section 'data'
  11  0000              #line 11 "F:\2_Source\NW1951_NW2018_20SOP 上海佳点 BBU 控制器-V00\CODE\source\Variants.c"
  11  0000              public _flag2
  11  0000              @HCCINIT0_flag2 .section 'data'
  11  0000              _flag2	db 0
  11  0001              #pragma debug variable 47 1 _flag2 "flag2"
  11  0001              
  11  0000              @HCCINIT .section 'data'
  10  0000              #line 10 "F:\2_Source\NW1951_NW2018_20SOP 上海佳点 BBU 控制器-V00\CODE\source\Variants.c"
  10  0000              public _flag1
  10  0000              @HCCINIT0_flag1 .section 'data'
  10  0000              _flag1	db 0
  10  0001              #pragma debug variable 47 1 _flag1 "flag1"
  10  0001              
  10  0000              @HCCINIT .section 'data'
   9  0000              #line 9 "F:\2_Source\NW1951_NW2018_20SOP 上海佳点 BBU 控制器-V00\CODE\source\Variants.c"
   9  0000              public _flag0
   9  0000              @HCCINIT0_flag0 .section 'data'
   9  0000              _flag0	db 0
   9  0001              #pragma debug variable 47 1 _flag0 "flag0"
   9  0001              
   9  0000              @HCCINIT .section 'data'
   8  0000              #line 8 "F:\2_Source\NW1951_NW2018_20SOP 上海佳点 BBU 控制器-V00\CODE\source\Variants.c"
   8  0000              public _flagtime
文件：Variants.c   编译器版本 HGASM 0202 页次8

   8  0000              @HCCINIT0_flagtime .section 'data'
   8  0000              _flagtime	db 0
   8  0001              #pragma debug variable 47 1 _flagtime "flagtime"
   8  0001              
   8  0000              @HCCINIT .section 'data'
   8  0000              
   8  0000              ; 
   8  0000              ; Generated by holtek-gcc v3.18, Fri May 31 17:54:42 2019
   8  0000              ; Rebuild 828
   8  0000              ; end of file


        0 Errors, 0